[ 2017-06-04T00:03:47+08:00 ] 105.235.137.185 /index.php/Home/Reviewatt/relistsortbyproid?product_id=2405671173&page=1
INFO: [ app_init ] --START--
INFO: Run Behavior\BuildLiteBehavior [ RunTime:0.000011s ]
INFO: [ app_init ] --END-- [ RunTime:0.000109s ]
INFO: [ app_begin ] --START--
INFO: Run Behavior\ReadHtmlCacheBehavior [ RunTime:0.000066s ]
INFO: [ app_begin ] --END-- [ RunTime:0.000112s ]
SQL: SHOW COLUMNS FROM `reviewatt` [ RunTime:0.0006s ]
SQL: SELECT AVG(rating) AS tp_avg FROM `reviewatt` WHERE `product_id` = '2405671173' AND `isshow` = 1 LIMIT 1   [ RunTime:0.0001s ]
SQL: SELECT COUNT(*) AS tp_count FROM `reviewatt` WHERE `product_id` = '2405671173' AND `isshow` = 1 LIMIT 1   [ RunTime:0.0001s ]
SQL: SELECT * FROM `reviewatt` WHERE `product_id` = '2405671173' AND `isshow` = 1 ORDER BY create_at desc,product_id LIMIT 0,5   [ RunTime:0.0001s ]
INFO: [ app_end ] --START--
INFO: Run Behavior\ShowPageTraceBehavior [ RunTime:0.000056s ]
INFO: [ app_end ] --END-- [ RunTime:0.000081s ]

[ 2017-06-04T00:04:43+08:00 ] 105.235.137.185 /index.php/Home/Reviewatt/relistsortbyproid?product_id=2405671173&page=1
INFO: [ app_init ] --START--
INFO: Run Behavior\BuildLiteBehavior [ RunTime:0.000020s ]
INFO: [ app_init ] --END-- [ RunTime:0.000087s ]
INFO: [ app_begin ] --START--
INFO: Run Behavior\ReadHtmlCacheBehavior [ RunTime:0.000041s ]
INFO: [ app_begin ] --END-- [ RunTime:0.000067s ]
SQL: SHOW COLUMNS FROM `reviewatt` [ RunTime:0.0005s ]
SQL: SELECT AVG(rating) AS tp_avg FROM `reviewatt` WHERE `product_id` = '2405671173' AND `isshow` = 1 LIMIT 1   [ RunTime:0.0001s ]
SQL: SELECT COUNT(*) AS tp_count FROM `reviewatt` WHERE `product_id` = '2405671173' AND `isshow` = 1 LIMIT 1   [ RunTime:0.0001s ]
SQL: SELECT * FROM `reviewatt` WHERE `product_id` = '2405671173' AND `isshow` = 1 ORDER BY create_at desc,product_id LIMIT 0,5   [ RunTime:0.0001s ]
INFO: [ app_end ] --START--
INFO: Run Behavior\ShowPageTraceBehavior [ RunTime:0.000071s ]
INFO: [ app_end ] --END-- [ RunTime:0.000124s ]

[ 2017-06-04T00:09:57+08:00 ] 174.57.8.66 /index.php/Home/Reviewatt/relistsortbyproid?product_id=3273319173&page=1
INFO: [ app_init ] --START--
INFO: Run Behavior\BuildLiteBehavior [ RunTime:0.000009s ]
INFO: [ app_init ] --END-- [ RunTime:0.000074s ]
INFO: [ app_begin ] --START--
INFO: Run Behavior\ReadHtmlCacheBehavior [ RunTime:0.000043s ]
INFO: [ app_begin ] --END-- [ RunTime:0.000071s ]
SQL: SHOW COLUMNS FROM `reviewatt` [ RunTime:0.0005s ]
SQL: SELECT AVG(rating) AS tp_avg FROM `reviewatt` WHERE `product_id` = '3273319173' AND `isshow` = 1 LIMIT 1   [ RunTime:0.0019s ]
SQL: SELECT COUNT(*) AS tp_count FROM `reviewatt` WHERE `product_id` = '3273319173' AND `isshow` = 1 LIMIT 1   [ RunTime:0.0017s ]
SQL: SELECT * FROM `reviewatt` WHERE `product_id` = '3273319173' AND `isshow` = 1 ORDER BY create_at desc,product_id LIMIT 0,5   [ RunTime:0.0023s ]
INFO: [ app_end ] --START--
INFO: Run Behavior\ShowPageTraceBehavior [ RunTime:0.000052s ]
INFO: [ app_end ] --END-- [ RunTime:0.000078s ]

[ 2017-06-04T00:19:05+08:00 ] 2.220.115.163 /index.php/Home/Reviewatt/relistsortbyproid?product_id=2251000645&page=1
INFO: [ app_init ] --START--
INFO: Run Behavior\BuildLiteBehavior [ RunTime:0.000009s ]
INFO: [ app_init ] --END-- [ RunTime:0.000077s ]
INFO: [ app_begin ] --START--
INFO: Run Behavior\ReadHtmlCacheBehavior [ RunTime:0.000042s ]
INFO: [ app_begin ] --END-- [ RunTime:0.000069s ]
SQL: SHOW COLUMNS FROM `reviewatt` [ RunTime:0.0006s ]
SQL: SELECT AVG(rating) AS tp_avg FROM `reviewatt` WHERE `product_id` = '2251000645' AND `isshow` = 1 LIMIT 1   [ RunTime:0.0023s ]
SQL: SELECT COUNT(*) AS tp_count FROM `reviewatt` WHERE `product_id` = '2251000645' AND `isshow` = 1 LIMIT 1   [ RunTime:0.0017s ]
SQL: SELECT * FROM `reviewatt` WHERE `product_id` = '2251000645' AND `isshow` = 1 ORDER BY create_at desc,product_id LIMIT 0,5   [ RunTime:0.0024s ]
INFO: [ app_end ] --START--
INFO: Run Behavior\ShowPageTraceBehavior [ RunTime:0.000071s ]
INFO: [ app_end ] --END-- [ RunTime:0.000101s ]

[ 2017-06-04T00:26:26+08:00 ] 66.249.79.69 /index.php/Home/Reviewatt/relistsortbyproid?product_id=2698045509&page=1
INFO: [ app_init ] --START--
INFO: Run Behavior\BuildLiteBehavior [ RunTime:0.000010s ]
INFO: [ app_init ] --END-- [ RunTime:0.000075s ]
INFO: [ app_begin ] --START--
INFO: Run Behavior\ReadHtmlCacheBehavior [ RunTime:0.000041s ]
INFO: [ app_begin ] --END-- [ RunTime:0.000068s ]
SQL: SHOW COLUMNS FROM `reviewatt` [ RunTime:0.0015s ]
SQL: SELECT AVG(rating) AS tp_avg FROM `reviewatt` WHERE `product_id` = '2698045509' AND `isshow` = 1 LIMIT 1   [ RunTime:0.0019s ]
SQL: SELECT COUNT(*) AS tp_count FROM `reviewatt` WHERE `product_id` = '2698045509' AND `isshow` = 1 LIMIT 1   [ RunTime:0.0019s ]
SQL: SELECT * FROM `reviewatt` WHERE `product_id` = '2698045509' AND `isshow` = 1 ORDER BY create_at desc,product_id LIMIT 0,5   [ RunTime:0.0024s ]
INFO: [ app_end ] --START--
INFO: Run Behavior\ShowPageTraceBehavior [ RunTime:0.000050s ]
INFO: [ app_end ] --END-- [ RunTime:0.000079s ]

[ 2017-06-04T01:01:26+08:00 ] 91.230.47.3 /
INFO: [ app_init ] --START--
INFO: Run Behavior\BuildLiteBehavior [ RunTime:0.000010s ]
INFO: [ app_init ] --END-- [ RunTime:0.000079s ]
INFO: [ app_begin ] --START--
INFO: Run Behavior\ReadHtmlCacheBehavior [ RunTime:0.000061s ]
INFO: [ app_begin ] --END-- [ RunTime:0.000101s ]
INFO: [ app_end ] --START--
INFO: Run Behavior\ShowPageTraceBehavior [ RunTime:0.000098s ]
INFO: [ app_end ] --END-- [ RunTime:0.000171s ]

[ 2017-06-04T01:03:29+08:00 ] 129.56.10.108 /index.php/Home/Reviewatt/relistsortbyproid?product_id=2359840005&page=1
INFO: [ app_init ] --START--
INFO: Run Behavior\BuildLiteBehavior [ RunTime:0.000009s ]
INFO: [ app_init ] --END-- [ RunTime:0.000074s ]
INFO: [ app_begin ] --START--
INFO: Run Behavior\ReadHtmlCacheBehavior [ RunTime:0.000044s ]
INFO: [ app_begin ] --END-- [ RunTime:0.000071s ]
SQL: SHOW COLUMNS FROM `reviewatt` [ RunTime:0.0006s ]
SQL: SELECT AVG(rating) AS tp_avg FROM `reviewatt` WHERE `product_id` = '2359840005' AND `isshow` = 1 LIMIT 1   [ RunTime:0.0019s ]
SQL: SELECT COUNT(*) AS tp_count FROM `reviewatt` WHERE `product_id` = '2359840005' AND `isshow` = 1 LIMIT 1   [ RunTime:0.0018s ]
SQL: SELECT * FROM `reviewatt` WHERE `product_id` = '2359840005' AND `isshow` = 1 ORDER BY create_at desc,product_id LIMIT 0,5   [ RunTime:0.0022s ]
INFO: [ app_end ] --START--
INFO: Run Behavior\ShowPageTraceBehavior [ RunTime:0.000055s ]
INFO: [ app_end ] --END-- [ RunTime:0.000085s ]

[ 2017-06-04T01:16:20+08:00 ] 66.249.69.202 /index.php/Home/Reviewatt/relistsortbyproid?product_id=9447517200&page=1
INFO: [ app_init ] --START--
INFO: Run Behavior\BuildLiteBehavior [ RunTime:0.000010s ]
INFO: [ app_init ] --END-- [ RunTime:0.000073s ]
INFO: [ app_begin ] --START--
INFO: Run Behavior\ReadHtmlCacheBehavior [ RunTime:0.000044s ]
INFO: [ app_begin ] --END-- [ RunTime:0.000072s ]
SQL: SHOW COLUMNS FROM `reviewatt` [ RunTime:0.0006s ]
SQL: SELECT AVG(rating) AS tp_avg FROM `reviewatt` WHERE `product_id` = '9447517200' AND `isshow` = 1 LIMIT 1   [ RunTime:0.0024s ]
SQL: SELECT COUNT(*) AS tp_count FROM `reviewatt` WHERE `product_id` = '9447517200' AND `isshow` = 1 LIMIT 1   [ RunTime:0.0018s ]
SQL: SELECT * FROM `reviewatt` WHERE `product_id` = '9447517200' AND `isshow` = 1 ORDER BY create_at desc,product_id LIMIT 0,5   [ RunTime:0.0022s ]
INFO: [ app_end ] --START--
INFO: Run Behavior\ShowPageTraceBehavior [ RunTime:0.000052s ]
INFO: [ app_end ] --END-- [ RunTime:0.000076s ]

[ 2017-06-04T01:16:21+08:00 ] 107.77.195.112 /index.php/Home/Reviewatt/relistsortbyproid?product_id=2371919557&page=1
INFO: [ app_init ] --START--
INFO: Run Behavior\BuildLiteBehavior [ RunTime:0.000011s ]
INFO: [ app_init ] --END-- [ RunTime:0.000082s ]
INFO: [ app_begin ] --START--
INFO: Run Behavior\ReadHtmlCacheBehavior [ RunTime:0.000068s ]
INFO: [ app_begin ] --END-- [ RunTime:0.000103s ]
SQL: SHOW COLUMNS FROM `reviewatt` [ RunTime:0.0006s ]
SQL: SELECT AVG(rating) AS tp_avg FROM `reviewatt` WHERE `product_id` = '2371919557' AND `isshow` = 1 LIMIT 1   [ RunTime:0.0021s ]
SQL: SELECT COUNT(*) AS tp_count FROM `reviewatt` WHERE `product_id` = '2371919557' AND `isshow` = 1 LIMIT 1   [ RunTime:0.0018s ]
SQL: SELECT * FROM `reviewatt` WHERE `product_id` = '2371919557' AND `isshow` = 1 ORDER BY create_at desc,product_id LIMIT 0,5   [ RunTime:0.0023s ]
INFO: [ app_end ] --START--
INFO: Run Behavior\ShowPageTraceBehavior [ RunTime:0.000067s ]
INFO: [ app_end ] --END-- [ RunTime:0.000095s ]

[ 2017-06-04T01:28:09+08:00 ] 220.120.220.214 /index.php/Home/Reviewatt/relistsortbyproid?product_id=8673520080&page=1
INFO: [ app_init ] --START--
INFO: Run Behavior\BuildLiteBehavior [ RunTime:0.000010s ]
INFO: [ app_init ] --END-- [ RunTime:0.000086s ]
INFO: [ app_begin ] --START--
INFO: Run Behavior\ReadHtmlCacheBehavior [ RunTime:0.000055s ]
INFO: [ app_begin ] --END-- [ RunTime:0.000088s ]
SQL: SHOW COLUMNS FROM `reviewatt` [ RunTime:0.0166s ]
SQL: SELECT AVG(rating) AS tp_avg FROM `reviewatt` WHERE `product_id` = '8673520080' AND `isshow` = 1 LIMIT 1   [ RunTime:0.0020s ]
SQL: SELECT COUNT(*) AS tp_count FROM `reviewatt` WHERE `product_id` = '8673520080' AND `isshow` = 1 LIMIT 1   [ RunTime:0.0018s ]
SQL: SELECT * FROM `reviewatt` WHERE `product_id` = '8673520080' AND `isshow` = 1 ORDER BY create_at desc,product_id LIMIT 0,5   [ RunTime:0.0023s ]
INFO: [ app_end ] --START--
INFO: Run Behavior\ShowPageTraceBehavior [ RunTime:0.000057s ]
INFO: [ app_end ] --END-- [ RunTime:0.000087s ]

[ 2017-06-04T01:55:48+08:00 ] 61.160.212.14 /
INFO: [ app_init ] --START--
INFO: Run Behavior\BuildLiteBehavior [ RunTime:0.000010s ]
INFO: [ app_init ] --END-- [ RunTime:0.000073s ]
INFO: [ app_begin ] --START--
INFO: Run Behavior\ReadHtmlCacheBehavior [ RunTime:0.000046s ]
INFO: [ app_begin ] --END-- [ RunTime:0.000088s ]
INFO: [ app_end ] --START--
INFO: Run Behavior\ShowPageTraceBehavior [ RunTime:0.000081s ]
INFO: [ app_end ] --END-- [ RunTime:0.000144s ]

[ 2017-06-04T01:59:05+08:00 ] 64.121.16.70 /index.php/Home/Reviewatt/relistsortbyproid?product_id=8381139856&page=1
INFO: [ app_init ] --START--
INFO: Run Behavior\BuildLiteBehavior [ RunTime:0.000014s ]
INFO: [ app_init ] --END-- [ RunTime:0.000095s ]
INFO: [ app_begin ] --START--
INFO: Run Behavior\ReadHtmlCacheBehavior [ RunTime:0.000045s ]
INFO: [ app_begin ] --END-- [ RunTime:0.000073s ]
SQL: SHOW COLUMNS FROM `reviewatt` [ RunTime:0.0006s ]
SQL: SELECT AVG(rating) AS tp_avg FROM `reviewatt` WHERE `product_id` = '8381139856' AND `isshow` = 1 LIMIT 1   [ RunTime:0.0021s ]
SQL: SELECT COUNT(*) AS tp_count FROM `reviewatt` WHERE `product_id` = '8381139856' AND `isshow` = 1 LIMIT 1   [ RunTime:0.0018s ]
SQL: SELECT * FROM `reviewatt` WHERE `product_id` = '8381139856' AND `isshow` = 1 ORDER BY create_at desc,product_id LIMIT 0,5   [ RunTime:0.0024s ]
INFO: [ app_end ] --START--
INFO: Run Behavior\ShowPageTraceBehavior [ RunTime:0.000078s ]
INFO: [ app_end ] --END-- [ RunTime:0.000113s ]

[ 2017-06-04T02:05:37+08:00 ] 216.240.15.71 /index.php/Home/Reviewatt/relistsortbyproid?product_id=2202458757&page=1
INFO: [ app_init ] --START--
INFO: Run Behavior\BuildLiteBehavior [ RunTime:0.000012s ]
INFO: [ app_init ] --END-- [ RunTime:0.000086s ]
INFO: [ app_begin ] --START--
INFO: Run Behavior\ReadHtmlCacheBehavior [ RunTime:0.000055s ]
INFO: [ app_begin ] --END-- [ RunTime:0.000084s ]
SQL: SHOW COLUMNS FROM `reviewatt` [ RunTime:0.0006s ]
SQL: SELECT AVG(rating) AS tp_avg FROM `reviewatt` WHERE `product_id` = '2202458757' AND `isshow` = 1 LIMIT 1   [ RunTime:0.0021s ]
SQL: SELECT COUNT(*) AS tp_count FROM `reviewatt` WHERE `product_id` = '2202458757' AND `isshow` = 1 LIMIT 1   [ RunTime:0.0017s ]
SQL: SELECT * FROM `reviewatt` WHERE `product_id` = '2202458757' AND `isshow` = 1 ORDER BY create_at desc,product_id LIMIT 0,5   [ RunTime:0.0023s ]
INFO: [ app_end ] --START--
INFO: Run Behavior\ShowPageTraceBehavior [ RunTime:0.000064s ]
INFO: [ app_end ] --END-- [ RunTime:0.000095s ]

[ 2017-06-04T02:27:53+08:00 ] 75.66.214.206 /index.php/Home/Reviewatt/relistsortbyproid?product_id=3800504837&page=1
INFO: [ app_init ] --START--
INFO: Run Behavior\BuildLiteBehavior [ RunTime:0.000011s ]
INFO: [ app_init ] --END-- [ RunTime:0.000082s ]
INFO: [ app_begin ] --START--
INFO: Run Behavior\ReadHtmlCacheBehavior [ RunTime:0.000054s ]
INFO: [ app_begin ] --END-- [ RunTime:0.000083s ]
SQL: SHOW COLUMNS FROM `reviewatt` [ RunTime:0.0006s ]
SQL: SELECT AVG(rating) AS tp_avg FROM `reviewatt` WHERE `product_id` = '3800504837' AND `isshow` = 1 LIMIT 1   [ RunTime:0.0020s ]
SQL: SELECT COUNT(*) AS tp_count FROM `reviewatt` WHERE `product_id` = '3800504837' AND `isshow` = 1 LIMIT 1   [ RunTime:0.0018s ]
SQL: SELECT * FROM `reviewatt` WHERE `product_id` = '3800504837' AND `isshow` = 1 ORDER BY create_at desc,product_id LIMIT 0,5   [ RunTime:0.0021s ]
INFO: [ app_end ] --START--
INFO: Run Behavior\ShowPageTraceBehavior [ RunTime:0.000061s ]
INFO: [ app_end ] --END-- [ RunTime:0.000086s ]

[ 2017-06-04T02:32:29+08:00 ] 216.240.15.71 /index.php/Home/Reviewatt/relistsortbyproid?product_id=2202458757&page=1
INFO: [ app_init ] --START--
INFO: Run Behavior\BuildLiteBehavior [ RunTime:0.000012s ]
INFO: [ app_init ] --END-- [ RunTime:0.000087s ]
INFO: [ app_begin ] --START--
INFO: Run Behavior\ReadHtmlCacheBehavior [ RunTime:0.000058s ]
INFO: [ app_begin ] --END-- [ RunTime:0.000088s ]
SQL: SHOW COLUMNS FROM `reviewatt` [ RunTime:0.0006s ]
SQL: SELECT AVG(rating) AS tp_avg FROM `reviewatt` WHERE `product_id` = '2202458757' AND `isshow` = 1 LIMIT 1   [ RunTime:0.0001s ]
SQL: SELECT COUNT(*) AS tp_count FROM `reviewatt` WHERE `product_id` = '2202458757' AND `isshow` = 1 LIMIT 1   [ RunTime:0.0001s ]
SQL: SELECT * FROM `reviewatt` WHERE `product_id` = '2202458757' AND `isshow` = 1 ORDER BY create_at desc,product_id LIMIT 0,5   [ RunTime:0.0001s ]
INFO: [ app_end ] --START--
INFO: Run Behavior\ShowPageTraceBehavior [ RunTime:0.000063s ]
INFO: [ app_end ] --END-- [ RunTime:0.000093s ]

[ 2017-06-04T02:50:56+08:00 ] 73.36.182.199 /index.php/Home/Reviewatt/relistsortbyproid?product_id=2202458757&page=1
INFO: [ app_init ] --START--
INFO: Run Behavior\BuildLiteBehavior [ RunTime:0.000010s ]
INFO: [ app_init ] --END-- [ RunTime:0.000090s ]
INFO: [ app_begin ] --START--
INFO: Run Behavior\ReadHtmlCacheBehavior [ RunTime:0.000045s ]
INFO: [ app_begin ] --END-- [ RunTime:0.000074s ]
SQL: SHOW COLUMNS FROM `reviewatt` [ RunTime:0.0006s ]
SQL: SELECT AVG(rating) AS tp_avg FROM `reviewatt` WHERE `product_id` = '2202458757' AND `isshow` = 1 LIMIT 1   [ RunTime:0.0001s ]
SQL: SELECT COUNT(*) AS tp_count FROM `reviewatt` WHERE `product_id` = '2202458757' AND `isshow` = 1 LIMIT 1   [ RunTime:0.0001s ]
SQL: SELECT * FROM `reviewatt` WHERE `product_id` = '2202458757' AND `isshow` = 1 ORDER BY create_at desc,product_id LIMIT 0,5   [ RunTime:0.0001s ]
INFO: [ app_end ] --START--
INFO: Run Behavior\ShowPageTraceBehavior [ RunTime:0.000079s ]
INFO: [ app_end ] --END-- [ RunTime:0.000135s ]

[ 2017-06-04T03:00:40+08:00 ] 91.230.47.3 /
INFO: [ app_init ] --START--
INFO: Run Behavior\BuildLiteBehavior [ RunTime:0.000011s ]
INFO: [ app_init ] --END-- [ RunTime:0.000148s ]
INFO: [ app_begin ] --START--
INFO: Run Behavior\ReadHtmlCacheBehavior [ RunTime:0.000052s ]
INFO: [ app_begin ] --END-- [ RunTime:0.000080s ]
INFO: [ app_end ] --START--
INFO: Run Behavior\ShowPageTraceBehavior [ RunTime:0.000136s ]
INFO: [ app_end ] --END-- [ RunTime:0.000223s ]

[ 2017-06-04T03:04:29+08:00 ] 68.104.136.121 /index.php/Home/Reviewatt/relistsortbyproid?product_id=2202458757&page=1
INFO: [ app_init ] --START--
INFO: Run Behavior\BuildLiteBehavior [ RunTime:0.000011s ]
INFO: [ app_init ] --END-- [ RunTime:0.000085s ]
INFO: [ app_begin ] --START--
INFO: Run Behavior\ReadHtmlCacheBehavior [ RunTime:0.000056s ]
INFO: [ app_begin ] --END-- [ RunTime:0.000086s ]
SQL: SHOW COLUMNS FROM `reviewatt` [ RunTime:0.0006s ]
SQL: SELECT AVG(rating) AS tp_avg FROM `reviewatt` WHERE `product_id` = '2202458757' AND `isshow` = 1 LIMIT 1   [ RunTime:0.0001s ]
SQL: SELECT COUNT(*) AS tp_count FROM `reviewatt` WHERE `product_id` = '2202458757' AND `isshow` = 1 LIMIT 1   [ RunTime:0.0001s ]
SQL: SELECT * FROM `reviewatt` WHERE `product_id` = '2202458757' AND `isshow` = 1 ORDER BY create_at desc,product_id LIMIT 0,5   [ RunTime:0.0001s ]
INFO: [ app_end ] --START--
INFO: Run Behavior\ShowPageTraceBehavior [ RunTime:0.000059s ]
INFO: [ app_end ] --END-- [ RunTime:0.000088s ]

[ 2017-06-04T03:05:29+08:00 ] 68.104.136.121 /index.php/Home/Reviewatt/relistsortbyproid?product_id=8897054160&page=1
INFO: [ app_init ] --START--
INFO: Run Behavior\BuildLiteBehavior [ RunTime:0.000009s ]
INFO: [ app_init ] --END-- [ RunTime:0.000080s ]
INFO: [ app_begin ] --START--
INFO: Run Behavior\ReadHtmlCacheBehavior [ RunTime:0.000042s ]
INFO: [ app_begin ] --END-- [ RunTime:0.000069s ]
SQL: SHOW COLUMNS FROM `reviewatt` [ RunTime:0.0006s ]
SQL: SELECT AVG(rating) AS tp_avg FROM `reviewatt` WHERE `product_id` = '8897054160' AND `isshow` = 1 LIMIT 1   [ RunTime:0.0020s ]
SQL: SELECT COUNT(*) AS tp_count FROM `reviewatt` WHERE `product_id` = '8897054160' AND `isshow` = 1 LIMIT 1   [ RunTime:0.0017s ]
SQL: SELECT * FROM `reviewatt` WHERE `product_id` = '8897054160' AND `isshow` = 1 ORDER BY create_at desc,product_id LIMIT 0,5   [ RunTime:0.0023s ]
INFO: [ app_end ] --START--
INFO: Run Behavior\ShowPageTraceBehavior [ RunTime:0.000052s ]
INFO: [ app_end ] --END-- [ RunTime:0.000081s ]

[ 2017-06-04T03:07:59+08:00 ] 66.249.79.69 /index.php/Home/Reviewatt/relistsortbyproid?product_id=9447474704&page=1
INFO: [ app_init ] --START--
INFO: Run Behavior\BuildLiteBehavior [ RunTime:0.000010s ]
INFO: [ app_init ] --END-- [ RunTime:0.000080s ]
INFO: [ app_begin ] --START--
INFO: Run Behavior\ReadHtmlCacheBehavior [ RunTime:0.000047s ]
INFO: [ app_begin ] --END-- [ RunTime:0.000075s ]
SQL: SHOW COLUMNS FROM `reviewatt` [ RunTime:0.0006s ]
SQL: SELECT AVG(rating) AS tp_avg FROM `reviewatt` WHERE `product_id` = '9447474704' AND `isshow` = 1 LIMIT 1   [ RunTime:0.0020s ]
SQL: SELECT COUNT(*) AS tp_count FROM `reviewatt` WHERE `product_id` = '9447474704' AND `isshow` = 1 LIMIT 1   [ RunTime:0.0016s ]
SQL: SELECT * FROM `reviewatt` WHERE `product_id` = '9447474704' AND `isshow` = 1 ORDER BY create_at desc,product_id LIMIT 0,5   [ RunTime:0.0021s ]
INFO: [ app_end ] --START--
INFO: Run Behavior\ShowPageTraceBehavior [ RunTime:0.000059s ]
INFO: [ app_end ] --END-- [ RunTime:0.000086s ]

[ 2017-06-04T03:38:56+08:00 ] 108.12.226.145 /index.php/Home/Reviewatt/relistsortbyproid?product_id=2214260293&page=1
INFO: [ app_init ] --START--
INFO: Run Behavior\BuildLiteBehavior [ RunTime:0.000010s ]
INFO: [ app_init ] --END-- [ RunTime:0.000075s ]
INFO: [ app_begin ] --START--
INFO: Run Behavior\ReadHtmlCacheBehavior [ RunTime:0.000044s ]
INFO: [ app_begin ] --END-- [ RunTime:0.000070s ]
SQL: SHOW COLUMNS FROM `reviewatt` [ RunTime:0.0006s ]
SQL: SELECT AVG(rating) AS tp_avg FROM `reviewatt` WHERE `product_id` = '2214260293' AND `isshow` = 1 LIMIT 1   [ RunTime:0.0021s ]
SQL: SELECT COUNT(*) AS tp_count FROM `reviewatt` WHERE `product_id` = '2214260293' AND `isshow` = 1 LIMIT 1   [ RunTime:0.0018s ]
SQL: SELECT * FROM `reviewatt` WHERE `product_id` = '2214260293' AND `isshow` = 1 ORDER BY create_at desc,product_id LIMIT 0,5   [ RunTime:0.0025s ]
INFO: [ app_end ] --START--
INFO: Run Behavior\ShowPageTraceBehavior [ RunTime:0.000055s ]
INFO: [ app_end ] --END-- [ RunTime:0.000086s ]

[ 2017-06-04T03:41:26+08:00 ] 40.77.167.21 /
INFO: [ app_init ] --START--
INFO: Run Behavior\BuildLiteBehavior [ RunTime:0.000009s ]
INFO: [ app_init ] --END-- [ RunTime:0.000072s ]
INFO: [ app_begin ] --START--
INFO: Run Behavior\ReadHtmlCacheBehavior [ RunTime:0.000043s ]
INFO: [ app_begin ] --END-- [ RunTime:0.000071s ]
INFO: [ app_end ] --START--
INFO: Run Behavior\ShowPageTraceBehavior [ RunTime:0.000110s ]
INFO: [ app_end ] --END-- [ RunTime:0.000170s ]

[ 2017-06-04T04:01:01+08:00 ] 91.230.47.3 /
INFO: [ app_init ] --START--
INFO: Run Behavior\BuildLiteBehavior [ RunTime:0.000012s ]
INFO: [ app_init ] --END-- [ RunTime:0.000080s ]
INFO: [ app_begin ] --START--
INFO: Run Behavior\ReadHtmlCacheBehavior [ RunTime:0.000059s ]
INFO: [ app_begin ] --END-- [ RunTime:0.000094s ]
INFO: [ app_end ] --START--
INFO: Run Behavior\ShowPageTraceBehavior [ RunTime:0.000117s ]
INFO: [ app_end ] --END-- [ RunTime:0.000180s ]

[ 2017-06-04T04:19:33+08:00 ] 66.249.79.129 /
INFO: [ app_init ] --START--
INFO: Run Behavior\BuildLiteBehavior [ RunTime:0.000011s ]
INFO: [ app_init ] --END-- [ RunTime:0.000083s ]
INFO: [ app_begin ] --START--
INFO: Run Behavior\ReadHtmlCacheBehavior [ RunTime:0.000051s ]
INFO: [ app_begin ] --END-- [ RunTime:0.000077s ]
INFO: [ app_end ] --START--
INFO: Run Behavior\ShowPageTraceBehavior [ RunTime:0.000137s ]
INFO: [ app_end ] --END-- [ RunTime:0.000214s ]

[ 2017-06-04T05:36:03+08:00 ] 71.6.165.200 /
INFO: [ app_init ] --START--
INFO: Run Behavior\BuildLiteBehavior [ RunTime:0.000009s ]
INFO: [ app_init ] --END-- [ RunTime:0.000076s ]
INFO: [ app_begin ] --START--
INFO: Run Behavior\ReadHtmlCacheBehavior [ RunTime:0.000041s ]
INFO: [ app_begin ] --END-- [ RunTime:0.000065s ]
INFO: [ app_end ] --START--
INFO: Run Behavior\ShowPageTraceBehavior [ RunTime:0.000108s ]
INFO: [ app_end ] --END-- [ RunTime:0.000178s ]

[ 2017-06-04T05:43:34+08:00 ] 183.129.160.229 /
INFO: [ app_init ] --START--
INFO: Run Behavior\BuildLiteBehavior [ RunTime:0.000010s ]
INFO: [ app_init ] --END-- [ RunTime:0.000076s ]
INFO: [ app_begin ] --START--
INFO: Run Behavior\ReadHtmlCacheBehavior [ RunTime:0.000050s ]
INFO: [ app_begin ] --END-- [ RunTime:0.000084s ]
INFO: [ app_end ] --START--
INFO: Run Behavior\ShowPageTraceBehavior [ RunTime:0.000099s ]
INFO: [ app_end ] --END-- [ RunTime:0.000169s ]

[ 2017-06-04T05:49:04+08:00 ] 123.151.42.61 http://www.baidu.com/
INFO: [ app_init ] --START--
INFO: Run Behavior\BuildLiteBehavior [ RunTime:0.000010s ]
INFO: [ app_init ] --END-- [ RunTime:0.000079s ]
INFO: [ app_begin ] --START--
INFO: Run Behavior\ReadHtmlCacheBehavior [ RunTime:0.000041s ]
INFO: [ app_begin ] --END-- [ RunTime:0.000066s ]
INFO: [ app_end ] --START--
INFO: Run Behavior\ShowPageTraceBehavior [ RunTime:0.000090s ]
INFO: [ app_end ] --END-- [ RunTime:0.000167s ]

[ 2017-06-04T06:24:00+08:00 ] 66.87.65.179 /index.php/Home/Reviewatt/relistsortbyproid?product_id=3811815045&page=1
INFO: [ app_init ] --START--
INFO: Run Behavior\BuildLiteBehavior [ RunTime:0.000009s ]
INFO: [ app_init ] --END-- [ RunTime:0.000073s ]
INFO: [ app_begin ] --START--
INFO: Run Behavior\ReadHtmlCacheBehavior [ RunTime:0.000042s ]
INFO: [ app_begin ] --END-- [ RunTime:0.000067s ]
SQL: SHOW COLUMNS FROM `reviewatt` [ RunTime:0.0006s ]
SQL: SELECT AVG(rating) AS tp_avg FROM `reviewatt` WHERE `product_id` = '3811815045' AND `isshow` = 1 LIMIT 1   [ RunTime:0.0019s ]
SQL: SELECT COUNT(*) AS tp_count FROM `reviewatt` WHERE `product_id` = '3811815045' AND `isshow` = 1 LIMIT 1   [ RunTime:0.0017s ]
SQL: SELECT * FROM `reviewatt` WHERE `product_id` = '3811815045' AND `isshow` = 1 ORDER BY create_at desc,product_id LIMIT 0,5   [ RunTime:0.0023s ]
INFO: [ app_end ] --START--
INFO: Run Behavior\ShowPageTraceBehavior [ RunTime:0.000055s ]
INFO: [ app_end ] --END-- [ RunTime:0.000086s ]

[ 2017-06-04T06:36:16+08:00 ] 105.110.34.17 /index.php/Home/Reviewatt/relistsortbyproid?product_id=8003165456&page=1
INFO: [ app_init ] --START--
INFO: Run Behavior\BuildLiteBehavior [ RunTime:0.000012s ]
INFO: [ app_init ] --END-- [ RunTime:0.001164s ]
INFO: [ app_begin ] --START--
INFO: Run Behavior\ReadHtmlCacheBehavior [ RunTime:0.001325s ]
INFO: [ app_begin ] --END-- [ RunTime:0.001401s ]
SQL: SHOW COLUMNS FROM `reviewatt` [ RunTime:0.0006s ]
SQL: SELECT AVG(rating) AS tp_avg FROM `reviewatt` WHERE `product_id` = '8003165456' AND `isshow` = 1 LIMIT 1   [ RunTime:0.0023s ]
SQL: SELECT COUNT(*) AS tp_count FROM `reviewatt` WHERE `product_id` = '8003165456' AND `isshow` = 1 LIMIT 1   [ RunTime:0.0018s ]
SQL: SELECT * FROM `reviewatt` WHERE `product_id` = '8003165456' AND `isshow` = 1 ORDER BY create_at desc,product_id LIMIT 0,5   [ RunTime:0.0023s ]
INFO: [ app_end ] --START--
INFO: Run Behavior\ShowPageTraceBehavior [ RunTime:0.001400s ]
INFO: [ app_end ] --END-- [ RunTime:0.001437s ]

[ 2017-06-04T06:39:44+08:00 ] 91.230.47.3 /
INFO: [ app_init ] --START--
INFO: Run Behavior\BuildLiteBehavior [ RunTime:0.000010s ]
INFO: [ app_init ] --END-- [ RunTime:0.000084s ]
INFO: [ app_begin ] --START--
INFO: Run Behavior\ReadHtmlCacheBehavior [ RunTime:0.000052s ]
INFO: [ app_begin ] --END-- [ RunTime:0.000080s ]
INFO: [ app_end ] --START--
INFO: Run Behavior\ShowPageTraceBehavior [ RunTime:0.000088s ]
INFO: [ app_end ] --END-- [ RunTime:0.000139s ]

[ 2017-06-04T06:52:16+08:00 ] 75.0.176.11 /index.php/Home/Reviewatt/relistsortbyproid?product_id=2224619845&page=1
INFO: [ app_init ] --START--
INFO: Run Behavior\BuildLiteBehavior [ RunTime:0.000009s ]
INFO: [ app_init ] --END-- [ RunTime:0.000074s ]
INFO: [ app_begin ] --START--
INFO: Run Behavior\ReadHtmlCacheBehavior [ RunTime:0.000039s ]
INFO: [ app_begin ] --END-- [ RunTime:0.000065s ]
SQL: SHOW COLUMNS FROM `reviewatt` [ RunTime:0.0005s ]
SQL: SELECT AVG(rating) AS tp_avg FROM `reviewatt` WHERE `product_id` = '2224619845' AND `isshow` = 1 LIMIT 1   [ RunTime:0.0019s ]
SQL: SELECT COUNT(*) AS tp_count FROM `reviewatt` WHERE `product_id` = '2224619845' AND `isshow` = 1 LIMIT 1   [ RunTime:0.0017s ]
SQL: SELECT * FROM `reviewatt` WHERE `product_id` = '2224619845' AND `isshow` = 1 ORDER BY create_at desc,product_id LIMIT 0,5   [ RunTime:0.0021s ]
INFO: [ app_end ] --START--
INFO: Run Behavior\ShowPageTraceBehavior [ RunTime:0.000049s ]
INFO: [ app_end ] --END-- [ RunTime:0.000073s ]

[ 2017-06-04T06:56:03+08:00 ] 75.0.176.11 /index.php/Home/Reviewatt/relistsortbyproid?product_id=2211391109&page=1
INFO: [ app_init ] --START--
INFO: Run Behavior\BuildLiteBehavior [ RunTime:0.000012s ]
INFO: [ app_init ] --END-- [ RunTime:0.000089s ]
INFO: [ app_begin ] --START--
INFO: Run Behavior\ReadHtmlCacheBehavior [ RunTime:0.000054s ]
INFO: [ app_begin ] --END-- [ RunTime:0.000084s ]
SQL: SHOW COLUMNS FROM `reviewatt` [ RunTime:0.0006s ]
SQL: SELECT AVG(rating) AS tp_avg FROM `reviewatt` WHERE `product_id` = '2211391109' AND `isshow` = 1 LIMIT 1   [ RunTime:0.0021s ]
SQL: SELECT COUNT(*) AS tp_count FROM `reviewatt` WHERE `product_id` = '2211391109' AND `isshow` = 1 LIMIT 1   [ RunTime:0.0017s ]
SQL: SELECT * FROM `reviewatt` WHERE `product_id` = '2211391109' AND `isshow` = 1 ORDER BY create_at desc,product_id LIMIT 0,5   [ RunTime:0.0022s ]
INFO: [ app_end ] --START--
INFO: Run Behavior\ShowPageTraceBehavior [ RunTime:0.000060s ]
INFO: [ app_end ] --END-- [ RunTime:0.000092s ]

[ 2017-06-04T06:57:48+08:00 ] 66.249.79.129 /
INFO: [ app_init ] --START--
INFO: Run Behavior\BuildLiteBehavior [ RunTime:0.000011s ]
INFO: [ app_init ] --END-- [ RunTime:0.000089s ]
INFO: [ app_begin ] --START--
INFO: Run Behavior\ReadHtmlCacheBehavior [ RunTime:0.000056s ]
INFO: [ app_begin ] --END-- [ RunTime:0.000089s ]
INFO: [ app_end ] --START--
INFO: Run Behavior\ShowPageTraceBehavior [ RunTime:0.000145s ]
INFO: [ app_end ] --END-- [ RunTime:0.000223s ]

[ 2017-06-04T07:42:07+08:00 ] 91.230.47.3 /
INFO: [ app_init ] --START--
INFO: Run Behavior\BuildLiteBehavior [ RunTime:0.000010s ]
INFO: [ app_init ] --END-- [ RunTime:0.000083s ]
INFO: [ app_begin ] --START--
INFO: Run Behavior\ReadHtmlCacheBehavior [ RunTime:0.000048s ]
INFO: [ app_begin ] --END-- [ RunTime:0.000074s ]
INFO: [ app_end ] --START--
INFO: Run Behavior\ShowPageTraceBehavior [ RunTime:0.000108s ]
INFO: [ app_end ] --END-- [ RunTime:0.000183s ]

[ 2017-06-04T07:48:40+08:00 ] 185.10.68.179 /
INFO: [ app_init ] --START--
INFO: Run Behavior\BuildLiteBehavior [ RunTime:0.000009s ]
INFO: [ app_init ] --END-- [ RunTime:0.000075s ]
INFO: [ app_begin ] --START--
INFO: Run Behavior\ReadHtmlCacheBehavior [ RunTime:0.000047s ]
INFO: [ app_begin ] --END-- [ RunTime:0.000076s ]
INFO: [ app_end ] --START--
INFO: Run Behavior\ShowPageTraceBehavior [ RunTime:0.000127s ]
INFO: [ app_end ] --END-- [ RunTime:0.000260s ]

[ 2017-06-04T08:07:31+08:00 ] 93.40.248.240 /index.php/Home/Reviewatt/relistsortbyproid?product_id=2213634373&page=1
INFO: [ app_init ] --START--
INFO: Run Behavior\BuildLiteBehavior [ RunTime:0.000010s ]
INFO: [ app_init ] --END-- [ RunTime:0.000074s ]
INFO: [ app_begin ] --START--
INFO: Run Behavior\ReadHtmlCacheBehavior [ RunTime:0.000043s ]
INFO: [ app_begin ] --END-- [ RunTime:0.000071s ]
SQL: SHOW COLUMNS FROM `reviewatt` [ RunTime:0.0006s ]
SQL: SELECT AVG(rating) AS tp_avg FROM `reviewatt` WHERE `product_id` = '2213634373' AND `isshow` = 1 LIMIT 1   [ RunTime:0.0021s ]
SQL: SELECT COUNT(*) AS tp_count FROM `reviewatt` WHERE `product_id` = '2213634373' AND `isshow` = 1 LIMIT 1   [ RunTime:0.0019s ]
SQL: SELECT * FROM `reviewatt` WHERE `product_id` = '2213634373' AND `isshow` = 1 ORDER BY create_at desc,product_id LIMIT 0,5   [ RunTime:0.0023s ]
INFO: [ app_end ] --START--
INFO: Run Behavior\ShowPageTraceBehavior [ RunTime:0.000068s ]
INFO: [ app_end ] --END-- [ RunTime:0.000098s ]

[ 2017-06-04T08:19:13+08:00 ] 173.168.189.0 /index.php/Home/Reviewatt/relistsortbyproid?product_id=2251329477&page=1
INFO: [ app_init ] --START--
INFO: Run Behavior\BuildLiteBehavior [ RunTime:0.000015s ]
INFO: [ app_init ] --END-- [ RunTime:0.000107s ]
INFO: [ app_begin ] --START--
INFO: Run Behavior\ReadHtmlCacheBehavior [ RunTime:0.000054s ]
INFO: [ app_begin ] --END-- [ RunTime:0.000082s ]
SQL: SHOW COLUMNS FROM `reviewatt` [ RunTime:0.0006s ]
SQL: SELECT AVG(rating) AS tp_avg FROM `reviewatt` WHERE `product_id` = '2251329477' AND `isshow` = 1 LIMIT 1   [ RunTime:0.0019s ]
SQL: SELECT COUNT(*) AS tp_count FROM `reviewatt` WHERE `product_id` = '2251329477' AND `isshow` = 1 LIMIT 1   [ RunTime:0.0017s ]
SQL: SELECT * FROM `reviewatt` WHERE `product_id` = '2251329477' AND `isshow` = 1 ORDER BY create_at desc,product_id LIMIT 0,5   [ RunTime:0.0023s ]
INFO: [ app_end ] --START--
INFO: Run Behavior\ShowPageTraceBehavior [ RunTime:0.000059s ]
INFO: [ app_end ] --END-- [ RunTime:0.000087s ]

[ 2017-06-04T08:19:47+08:00 ] 109.65.113.230 /index.php/Home/Reviewatt/relistsortbyproid?product_id=2253970565&page=1
INFO: [ app_init ] --START--
INFO: Run Behavior\BuildLiteBehavior [ RunTime:0.000014s ]
INFO: [ app_init ] --END-- [ RunTime:0.000089s ]
INFO: [ app_begin ] --START--
INFO: Run Behavior\ReadHtmlCacheBehavior [ RunTime:0.000051s ]
INFO: [ app_begin ] --END-- [ RunTime:0.000091s ]
SQL: SHOW COLUMNS FROM `reviewatt` [ RunTime:0.0006s ]
SQL: SELECT AVG(rating) AS tp_avg FROM `reviewatt` WHERE `product_id` = '2253970565' AND `isshow` = 1 LIMIT 1   [ RunTime:0.0021s ]
SQL: SELECT COUNT(*) AS tp_count FROM `reviewatt` WHERE `product_id` = '2253970565' AND `isshow` = 1 LIMIT 1   [ RunTime:0.0019s ]
SQL: SELECT * FROM `reviewatt` WHERE `product_id` = '2253970565' AND `isshow` = 1 ORDER BY create_at desc,product_id LIMIT 0,5   [ RunTime:0.0023s ]
INFO: [ app_end ] --START--
INFO: Run Behavior\ShowPageTraceBehavior [ RunTime:0.000052s ]
INFO: [ app_end ] --END-- [ RunTime:0.000078s ]

[ 2017-06-04T08:48:11+08:00 ] 75.190.250.111 /index.php/Home/Reviewatt/relistsortbyproid?product_id=3811815045&page=1
INFO: [ app_init ] --START--
INFO: Run Behavior\BuildLiteBehavior [ RunTime:0.000009s ]
INFO: [ app_init ] --END-- [ RunTime:0.000085s ]
INFO: [ app_begin ] --START--
INFO: Run Behavior\ReadHtmlCacheBehavior [ RunTime:0.000042s ]
INFO: [ app_begin ] --END-- [ RunTime:0.000069s ]
SQL: SHOW COLUMNS FROM `reviewatt` [ RunTime:0.0005s ]
SQL: SELECT AVG(rating) AS tp_avg FROM `reviewatt` WHERE `product_id` = '3811815045' AND `isshow` = 1 LIMIT 1   [ RunTime:0.0001s ]
SQL: SELECT COUNT(*) AS tp_count FROM `reviewatt` WHERE `product_id` = '3811815045' AND `isshow` = 1 LIMIT 1   [ RunTime:0.0000s ]
SQL: SELECT * FROM `reviewatt` WHERE `product_id` = '3811815045' AND `isshow` = 1 ORDER BY create_at desc,product_id LIMIT 0,5   [ RunTime:0.0001s ]
INFO: [ app_end ] --START--
INFO: Run Behavior\ShowPageTraceBehavior [ RunTime:0.000053s ]
INFO: [ app_end ] --END-- [ RunTime:0.000087s ]

[ 2017-06-04T09:09:32+08:00 ] 66.249.79.158 /
INFO: [ app_init ] --START--
INFO: Run Behavior\BuildLiteBehavior [ RunTime:0.000010s ]
INFO: [ app_init ] --END-- [ RunTime:0.000084s ]
INFO: [ app_begin ] --START--
INFO: Run Behavior\ReadHtmlCacheBehavior [ RunTime:0.000040s ]
INFO: [ app_begin ] --END-- [ RunTime:0.000066s ]
INFO: [ app_end ] --START--
INFO: Run Behavior\ShowPageTraceBehavior [ RunTime:0.000102s ]
INFO: [ app_end ] --END-- [ RunTime:0.000162s ]

[ 2017-06-04T09:59:35+08:00 ] 91.230.47.3 /
INFO: [ app_init ] --START--
INFO: Run Behavior\BuildLiteBehavior [ RunTime:0.000009s ]
INFO: [ app_init ] --END-- [ RunTime:0.000076s ]
INFO: [ app_begin ] --START--
INFO: Run Behavior\ReadHtmlCacheBehavior [ RunTime:0.000059s ]
INFO: [ app_begin ] --END-- [ RunTime:0.000092s ]
INFO: [ app_end ] --START--
INFO: Run Behavior\ShowPageTraceBehavior [ RunTime:0.000084s ]
INFO: [ app_end ] --END-- [ RunTime:0.000140s ]

[ 2017-06-04T09:59:37+08:00 ] 187.2.125.46 /
INFO: [ app_init ] --START--
INFO: Run Behavior\BuildLiteBehavior [ RunTime:0.000010s ]
INFO: [ app_init ] --END-- [ RunTime:0.000086s ]
INFO: [ app_begin ] --START--
INFO: Run Behavior\ReadHtmlCacheBehavior [ RunTime:0.000054s ]
INFO: [ app_begin ] --END-- [ RunTime:0.000082s ]
INFO: [ app_end ] --START--
INFO: Run Behavior\ShowPageTraceBehavior [ RunTime:0.000111s ]
INFO: [ app_end ] --END-- [ RunTime:0.000174s ]

[ 2017-06-04T10:03:19+08:00 ] 222.186.31.153 /
INFO: [ app_init ] --START--
INFO: Run Behavior\BuildLiteBehavior [ RunTime:0.000011s ]
INFO: [ app_init ] --END-- [ RunTime:0.000092s ]
INFO: [ app_begin ] --START--
INFO: Run Behavior\ReadHtmlCacheBehavior [ RunTime:0.000049s ]
INFO: [ app_begin ] --END-- [ RunTime:0.000075s ]
INFO: [ app_end ] --START--
INFO: Run Behavior\ShowPageTraceBehavior [ RunTime:0.000108s ]
INFO: [ app_end ] --END-- [ RunTime:0.000169s ]

[ 2017-06-04T10:07:06+08:00 ] 66.249.79.66 /index.php/Home/Reviewatt/relistsortbyproid?product_id=8259128848&page=1
INFO: [ app_init ] --START--
INFO: Run Behavior\BuildLiteBehavior [ RunTime:0.000010s ]
INFO: [ app_init ] --END-- [ RunTime:0.000077s ]
INFO: [ app_begin ] --START--
INFO: Run Behavior\ReadHtmlCacheBehavior [ RunTime:0.000041s ]
INFO: [ app_begin ] --END-- [ RunTime:0.000067s ]
SQL: SHOW COLUMNS FROM `reviewatt` [ RunTime:0.0006s ]
SQL: SELECT AVG(rating) AS tp_avg FROM `reviewatt` WHERE `product_id` = '8259128848' AND `isshow` = 1 LIMIT 1   [ RunTime:0.0019s ]
SQL: SELECT COUNT(*) AS tp_count FROM `reviewatt` WHERE `product_id` = '8259128848' AND `isshow` = 1 LIMIT 1   [ RunTime:0.0017s ]
SQL: SELECT * FROM `reviewatt` WHERE `product_id` = '8259128848' AND `isshow` = 1 ORDER BY create_at desc,product_id LIMIT 0,5   [ RunTime:0.0022s ]
INFO: [ app_end ] --START--
INFO: Run Behavior\ShowPageTraceBehavior [ RunTime:0.000048s ]
INFO: [ app_end ] --END-- [ RunTime:0.000078s ]

[ 2017-06-04T10:32:19+08:00 ] 120.92.32.178 /
INFO: [ app_init ] --START--
INFO: Run Behavior\BuildLiteBehavior [ RunTime:0.000013s ]
INFO: [ app_init ] --END-- [ RunTime:0.000110s ]
INFO: [ app_begin ] --START--
INFO: Run Behavior\ReadHtmlCacheBehavior [ RunTime:0.000065s ]
INFO: [ app_begin ] --END-- [ RunTime:0.000092s ]
INFO: [ app_end ] --START--
INFO: Run Behavior\ShowPageTraceBehavior [ RunTime:0.000088s ]
INFO: [ app_end ] --END-- [ RunTime:0.000150s ]

[ 2017-06-04T10:37:45+08:00 ] 66.249.79.94 /index.php/Home/Reviewatt/relistsortbyproid?product_id=3347736261&page=1
INFO: [ app_init ] --START--
INFO: Run Behavior\BuildLiteBehavior [ RunTime:0.000011s ]
INFO: [ app_init ] --END-- [ RunTime:0.000093s ]
INFO: [ app_begin ] --START--
INFO: Run Behavior\ReadHtmlCacheBehavior [ RunTime:0.000055s ]
INFO: [ app_begin ] --END-- [ RunTime:0.000085s ]
SQL: SHOW COLUMNS FROM `reviewatt` [ RunTime:0.0006s ]
SQL: SELECT AVG(rating) AS tp_avg FROM `reviewatt` WHERE `product_id` = '3347736261' AND `isshow` = 1 LIMIT 1   [ RunTime:0.0021s ]
SQL: SELECT COUNT(*) AS tp_count FROM `reviewatt` WHERE `product_id` = '3347736261' AND `isshow` = 1 LIMIT 1   [ RunTime:0.0018s ]
SQL: SELECT * FROM `reviewatt` WHERE `product_id` = '3347736261' AND `isshow` = 1 ORDER BY create_at desc,product_id LIMIT 0,5   [ RunTime:0.0023s ]
INFO: [ app_end ] --START--
INFO: Run Behavior\ShowPageTraceBehavior [ RunTime:0.000079s ]
INFO: [ app_end ] --END-- [ RunTime:0.000109s ]

[ 2017-06-04T10:46:04+08:00 ] 66.249.79.158 /
INFO: [ app_init ] --START--
INFO: Run Behavior\BuildLiteBehavior [ RunTime:0.000010s ]
INFO: [ app_init ] --END-- [ RunTime:0.000075s ]
INFO: [ app_begin ] --START--
INFO: Run Behavior\ReadHtmlCacheBehavior [ RunTime:0.000046s ]
INFO: [ app_begin ] --END-- [ RunTime:0.000082s ]
INFO: [ app_end ] --START--
INFO: Run Behavior\ShowPageTraceBehavior [ RunTime:0.000100s ]
INFO: [ app_end ] --END-- [ RunTime:0.000165s ]

[ 2017-06-04T11:00:24+08:00 ] 91.230.47.3 /
INFO: [ app_init ] --START--
INFO: Run Behavior\BuildLiteBehavior [ RunTime:0.000010s ]
INFO: [ app_init ] --END-- [ RunTime:0.000077s ]
INFO: [ app_begin ] --START--
INFO: Run Behavior\ReadHtmlCacheBehavior [ RunTime:0.000064s ]
INFO: [ app_begin ] --END-- [ RunTime:0.000092s ]
INFO: [ app_end ] --START--
INFO: Run Behavior\ShowPageTraceBehavior [ RunTime:0.000094s ]
INFO: [ app_end ] --END-- [ RunTime:0.000164s ]

[ 2017-06-04T11:09:58+08:00 ] 107.143.2.145 /index.php/Home/Reviewatt/relistsortbyproid?product_id=7806209232&page=1
INFO: [ app_init ] --START--
INFO: Run Behavior\BuildLiteBehavior [ RunTime:0.000010s ]
INFO: [ app_init ] --END-- [ RunTime:0.000079s ]
INFO: [ app_begin ] --START--
INFO: Run Behavior\ReadHtmlCacheBehavior [ RunTime:0.000044s ]
INFO: [ app_begin ] --END-- [ RunTime:0.000071s ]
SQL: SHOW COLUMNS FROM `reviewatt` [ RunTime:0.0006s ]
SQL: SELECT AVG(rating) AS tp_avg FROM `reviewatt` WHERE `product_id` = '7806209232' AND `isshow` = 1 LIMIT 1   [ RunTime:0.0021s ]
SQL: SELECT COUNT(*) AS tp_count FROM `reviewatt` WHERE `product_id` = '7806209232' AND `isshow` = 1 LIMIT 1   [ RunTime:0.0018s ]
SQL: SELECT * FROM `reviewatt` WHERE `product_id` = '7806209232' AND `isshow` = 1 ORDER BY create_at desc,product_id LIMIT 0,5   [ RunTime:0.0023s ]
INFO: [ app_end ] --START--
INFO: Run Behavior\ShowPageTraceBehavior [ RunTime:0.000071s ]
INFO: [ app_end ] --END-- [ RunTime:0.000115s ]

[ 2017-06-04T11:11:30+08:00 ] 107.143.2.145 /index.php/Home/Reviewatt/relistsortbyproid?product_id=2222523461&page=1
INFO: [ app_init ] --START--
INFO: Run Behavior\BuildLiteBehavior [ RunTime:0.000010s ]
INFO: [ app_init ] --END-- [ RunTime:0.000080s ]
INFO: [ app_begin ] --START--
INFO: Run Behavior\ReadHtmlCacheBehavior [ RunTime:0.000045s ]
INFO: [ app_begin ] --END-- [ RunTime:0.000074s ]
SQL: SHOW COLUMNS FROM `reviewatt` [ RunTime:0.0006s ]
SQL: SELECT AVG(rating) AS tp_avg FROM `reviewatt` WHERE `product_id` = '2222523461' AND `isshow` = 1 LIMIT 1   [ RunTime:0.0020s ]
SQL: SELECT COUNT(*) AS tp_count FROM `reviewatt` WHERE `product_id` = '2222523461' AND `isshow` = 1 LIMIT 1   [ RunTime:0.0017s ]
SQL: SELECT * FROM `reviewatt` WHERE `product_id` = '2222523461' AND `isshow` = 1 ORDER BY create_at desc,product_id LIMIT 0,5   [ RunTime:0.0023s ]
INFO: [ app_end ] --START--
INFO: Run Behavior\ShowPageTraceBehavior [ RunTime:0.000080s ]
INFO: [ app_end ] --END-- [ RunTime:0.000111s ]

[ 2017-06-04T11:12:18+08:00 ] 107.143.2.145 /index.php/Home/Reviewatt/relistsortbyproid?product_id=2938137477&page=1
INFO: [ app_init ] --START--
INFO: Run Behavior\BuildLiteBehavior [ RunTime:0.000009s ]
INFO: [ app_init ] --END-- [ RunTime:0.000079s ]
INFO: [ app_begin ] --START--
INFO: Run Behavior\ReadHtmlCacheBehavior [ RunTime:0.000044s ]
INFO: [ app_begin ] --END-- [ RunTime:0.000072s ]
SQL: SHOW COLUMNS FROM `reviewatt` [ RunTime:0.0006s ]
SQL: SELECT AVG(rating) AS tp_avg FROM `reviewatt` WHERE `product_id` = '2938137477' AND `isshow` = 1 LIMIT 1   [ RunTime:0.0022s ]
SQL: SELECT COUNT(*) AS tp_count FROM `reviewatt` WHERE `product_id` = '2938137477' AND `isshow` = 1 LIMIT 1   [ RunTime:0.0028s ]
SQL: SELECT * FROM `reviewatt` WHERE `product_id` = '2938137477' AND `isshow` = 1 ORDER BY create_at desc,product_id LIMIT 0,5   [ RunTime:0.0026s ]
INFO: [ app_end ] --START--
INFO: Run Behavior\ShowPageTraceBehavior [ RunTime:0.000052s ]
INFO: [ app_end ] --END-- [ RunTime:0.000083s ]

[ 2017-06-04T11:21:50+08:00 ] 107.196.114.247 /index.php/Home/Reviewatt/relistsortbyproid?product_id=3871215877&page=1
INFO: [ app_init ] --START--
INFO: Run Behavior\BuildLiteBehavior [ RunTime:0.000011s ]
INFO: [ app_init ] --END-- [ RunTime:0.000084s ]
INFO: [ app_begin ] --START--
INFO: Run Behavior\ReadHtmlCacheBehavior [ RunTime:0.000068s ]
INFO: [ app_begin ] --END-- [ RunTime:0.000099s ]
SQL: SHOW COLUMNS FROM `reviewatt` [ RunTime:0.0006s ]
SQL: SELECT AVG(rating) AS tp_avg FROM `reviewatt` WHERE `product_id` = '3871215877' AND `isshow` = 1 LIMIT 1   [ RunTime:0.0019s ]
SQL: SELECT COUNT(*) AS tp_count FROM `reviewatt` WHERE `product_id` = '3871215877' AND `isshow` = 1 LIMIT 1   [ RunTime:0.0018s ]
SQL: SELECT * FROM `reviewatt` WHERE `product_id` = '3871215877' AND `isshow` = 1 ORDER BY create_at desc,product_id LIMIT 0,5   [ RunTime:0.0022s ]
INFO: [ app_end ] --START--
INFO: Run Behavior\ShowPageTraceBehavior [ RunTime:0.000064s ]
INFO: [ app_end ] --END-- [ RunTime:0.000089s ]

[ 2017-06-04T11:23:09+08:00 ] 107.196.114.247 /index.php/Home/Reviewatt/relistsortbyproid?product_id=7806992528&page=1
INFO: [ app_init ] --START--
INFO: Run Behavior\BuildLiteBehavior [ RunTime:0.000011s ]
INFO: [ app_init ] --END-- [ RunTime:0.000102s ]
INFO: [ app_begin ] --START--
INFO: Run Behavior\ReadHtmlCacheBehavior [ RunTime:0.000042s ]
INFO: [ app_begin ] --END-- [ RunTime:0.000069s ]
SQL: SHOW COLUMNS FROM `reviewatt` [ RunTime:0.0005s ]
SQL: SELECT AVG(rating) AS tp_avg FROM `reviewatt` WHERE `product_id` = '7806992528' AND `isshow` = 1 LIMIT 1   [ RunTime:0.0019s ]
SQL: SELECT COUNT(*) AS tp_count FROM `reviewatt` WHERE `product_id` = '7806992528' AND `isshow` = 1 LIMIT 1   [ RunTime:0.0016s ]
SQL: SELECT * FROM `reviewatt` WHERE `product_id` = '7806992528' AND `isshow` = 1 ORDER BY create_at desc,product_id LIMIT 0,5   [ RunTime:0.0022s ]
INFO: [ app_end ] --START--
INFO: Run Behavior\ShowPageTraceBehavior [ RunTime:0.000056s ]
INFO: [ app_end ] --END-- [ RunTime:0.000085s ]

[ 2017-06-04T11:24:17+08:00 ] 107.196.114.247 /index.php/Home/Reviewatt/relistsortbyproid?product_id=8739612112&page=1
INFO: [ app_init ] --START--
INFO: Run Behavior\BuildLiteBehavior [ RunTime:0.000009s ]
INFO: [ app_init ] --END-- [ RunTime:0.000079s ]
INFO: [ app_begin ] --START--
INFO: Run Behavior\ReadHtmlCacheBehavior [ RunTime:0.000050s ]
INFO: [ app_begin ] --END-- [ RunTime:0.000077s ]
SQL: SHOW COLUMNS FROM `reviewatt` [ RunTime:0.0006s ]
SQL: SELECT AVG(rating) AS tp_avg FROM `reviewatt` WHERE `product_id` = '8739612112' AND `isshow` = 1 LIMIT 1   [ RunTime:0.0019s ]
SQL: SELECT COUNT(*) AS tp_count FROM `reviewatt` WHERE `product_id` = '8739612112' AND `isshow` = 1 LIMIT 1   [ RunTime:0.0017s ]
SQL: SELECT * FROM `reviewatt` WHERE `product_id` = '8739612112' AND `isshow` = 1 ORDER BY create_at desc,product_id LIMIT 0,5   [ RunTime:0.0024s ]
INFO: [ app_end ] --START--
INFO: Run Behavior\ShowPageTraceBehavior [ RunTime:0.000053s ]
INFO: [ app_end ] --END-- [ RunTime:0.000080s ]

[ 2017-06-04T11:25:02+08:00 ] 107.196.114.247 /index.php/Home/Reviewatt/relistsortbyproid?product_id=9154025488&page=1
INFO: [ app_init ] --START--
INFO: Run Behavior\BuildLiteBehavior [ RunTime:0.000009s ]
INFO: [ app_init ] --END-- [ RunTime:0.000095s ]
INFO: [ app_begin ] --START--
INFO: Run Behavior\ReadHtmlCacheBehavior [ RunTime:0.000042s ]
INFO: [ app_begin ] --END-- [ RunTime:0.000068s ]
SQL: SHOW COLUMNS FROM `reviewatt` [ RunTime:0.0006s ]
SQL: SELECT AVG(rating) AS tp_avg FROM `reviewatt` WHERE `product_id` = '9154025488' AND `isshow` = 1 LIMIT 1   [ RunTime:0.0019s ]
SQL: SELECT COUNT(*) AS tp_count FROM `reviewatt` WHERE `product_id` = '9154025488' AND `isshow` = 1 LIMIT 1   [ RunTime:0.0018s ]
SQL: SELECT * FROM `reviewatt` WHERE `product_id` = '9154025488' AND `isshow` = 1 ORDER BY create_at desc,product_id LIMIT 0,5   [ RunTime:0.0022s ]
INFO: [ app_end ] --START--
INFO: Run Behavior\ShowPageTraceBehavior [ RunTime:0.000062s ]
INFO: [ app_end ] --END-- [ RunTime:0.000108s ]

[ 2017-06-04T11:25:22+08:00 ] 107.196.114.247 /index.php/Home/Reviewatt/relistsortbyproid?product_id=9154025488&page=1
INFO: [ app_init ] --START--
INFO: Run Behavior\BuildLiteBehavior [ RunTime:0.000011s ]
INFO: [ app_init ] --END-- [ RunTime:0.000085s ]
INFO: [ app_begin ] --START--
INFO: Run Behavior\ReadHtmlCacheBehavior [ RunTime:0.000047s ]
INFO: [ app_begin ] --END-- [ RunTime:0.000082s ]
SQL: SHOW COLUMNS FROM `reviewatt` [ RunTime:0.0005s ]
SQL: SELECT AVG(rating) AS tp_avg FROM `reviewatt` WHERE `product_id` = '9154025488' AND `isshow` = 1 LIMIT 1   [ RunTime:0.0001s ]
SQL: SELECT COUNT(*) AS tp_count FROM `reviewatt` WHERE `product_id` = '9154025488' AND `isshow` = 1 LIMIT 1   [ RunTime:0.0001s ]
SQL: SELECT * FROM `reviewatt` WHERE `product_id` = '9154025488' AND `isshow` = 1 ORDER BY create_at desc,product_id LIMIT 0,5   [ RunTime:0.0001s ]
INFO: [ app_end ] --START--
INFO: Run Behavior\ShowPageTraceBehavior [ RunTime:0.000065s ]
INFO: [ app_end ] --END-- [ RunTime:0.000100s ]

[ 2017-06-04T11:33:48+08:00 ] 40.77.167.119 /
INFO: [ app_init ] --START--
INFO: Run Behavior\BuildLiteBehavior [ RunTime:0.000009s ]
INFO: [ app_init ] --END-- [ RunTime:0.000072s ]
INFO: [ app_begin ] --START--
INFO: Run Behavior\ReadHtmlCacheBehavior [ RunTime:0.000041s ]
INFO: [ app_begin ] --END-- [ RunTime:0.000067s ]
INFO: [ app_end ] --START--
INFO: Run Behavior\ShowPageTraceBehavior [ RunTime:0.000094s ]
INFO: [ app_end ] --END-- [ RunTime:0.000174s ]

[ 2017-06-04T11:38:27+08:00 ] 217.182.195.10 /
INFO: [ app_init ] --START--
INFO: Run Behavior\BuildLiteBehavior [ RunTime:0.000009s ]
INFO: [ app_init ] --END-- [ RunTime:0.000076s ]
INFO: [ app_begin ] --START--
INFO: Run Behavior\ReadHtmlCacheBehavior [ RunTime:0.000044s ]
INFO: [ app_begin ] --END-- [ RunTime:0.000071s ]
INFO: [ app_end ] --START--
INFO: Run Behavior\ShowPageTraceBehavior [ RunTime:0.000091s ]
INFO: [ app_end ] --END-- [ RunTime:0.000156s ]

[ 2017-06-04T11:43:09+08:00 ] 66.249.79.94 /index.php/Home/Reviewatt/relistsortbyproid?product_id=2391013701&page=1
INFO: [ app_init ] --START--
INFO: Run Behavior\BuildLiteBehavior [ RunTime:0.000009s ]
INFO: [ app_init ] --END-- [ RunTime:0.000073s ]
INFO: [ app_begin ] --START--
INFO: Run Behavior\ReadHtmlCacheBehavior [ RunTime:0.000041s ]
INFO: [ app_begin ] --END-- [ RunTime:0.000068s ]
SQL: SHOW COLUMNS FROM `reviewatt` [ RunTime:0.0006s ]
SQL: SELECT AVG(rating) AS tp_avg FROM `reviewatt` WHERE `product_id` = '2391013701' AND `isshow` = 1 LIMIT 1   [ RunTime:0.0019s ]
SQL: SELECT COUNT(*) AS tp_count FROM `reviewatt` WHERE `product_id` = '2391013701' AND `isshow` = 1 LIMIT 1   [ RunTime:0.0017s ]
SQL: SELECT * FROM `reviewatt` WHERE `product_id` = '2391013701' AND `isshow` = 1 ORDER BY create_at desc,product_id LIMIT 0,5   [ RunTime:0.0022s ]
INFO: [ app_end ] --START--
INFO: Run Behavior\ShowPageTraceBehavior [ RunTime:0.000050s ]
INFO: [ app_end ] --END-- [ RunTime:0.000078s ]

[ 2017-06-04T12:37:28+08:00 ] 66.249.79.94 /index.php/Home/Reviewatt/relistsortbyproid?product_id=2211961541&page=1
INFO: [ app_init ] --START--
INFO: Run Behavior\BuildLiteBehavior [ RunTime:0.000010s ]
INFO: [ app_init ] --END-- [ RunTime:0.000082s ]
INFO: [ app_begin ] --START--
INFO: Run Behavior\ReadHtmlCacheBehavior [ RunTime:0.000049s ]
INFO: [ app_begin ] --END-- [ RunTime:0.000079s ]
SQL: SHOW COLUMNS FROM `reviewatt` [ RunTime:0.0005s ]
SQL: SELECT AVG(rating) AS tp_avg FROM `reviewatt` WHERE `product_id` = '2211961541' AND `isshow` = 1 LIMIT 1   [ RunTime:0.0020s ]
SQL: SELECT COUNT(*) AS tp_count FROM `reviewatt` WHERE `product_id` = '2211961541' AND `isshow` = 1 LIMIT 1   [ RunTime:0.0017s ]
SQL: SELECT * FROM `reviewatt` WHERE `product_id` = '2211961541' AND `isshow` = 1 ORDER BY create_at desc,product_id LIMIT 0,5   [ RunTime:0.0024s ]
INFO: [ app_end ] --START--
INFO: Run Behavior\ShowPageTraceBehavior [ RunTime:0.000052s ]
INFO: [ app_end ] --END-- [ RunTime:0.000082s ]

[ 2017-06-04T13:34:02+08:00 ] 107.216.213.127 /index.php/Home/Reviewatt/relistsortbyproid?product_id=8441702224&page=1
INFO: [ app_init ] --START--
INFO: Run Behavior\BuildLiteBehavior [ RunTime:0.000010s ]
INFO: [ app_init ] --END-- [ RunTime:0.000077s ]
INFO: [ app_begin ] --START--
INFO: Run Behavior\ReadHtmlCacheBehavior [ RunTime:0.000059s ]
INFO: [ app_begin ] --END-- [ RunTime:0.000095s ]
SQL: SHOW COLUMNS FROM `reviewatt` [ RunTime:0.0005s ]
SQL: SELECT AVG(rating) AS tp_avg FROM `reviewatt` WHERE `product_id` = '8441702224' AND `isshow` = 1 LIMIT 1   [ RunTime:0.0020s ]
SQL: SELECT COUNT(*) AS tp_count FROM `reviewatt` WHERE `product_id` = '8441702224' AND `isshow` = 1 LIMIT 1   [ RunTime:0.0020s ]
SQL: SELECT * FROM `reviewatt` WHERE `product_id` = '8441702224' AND `isshow` = 1 ORDER BY create_at desc,product_id LIMIT 0,5   [ RunTime:0.0022s ]
INFO: [ app_end ] --START--
INFO: Run Behavior\ShowPageTraceBehavior [ RunTime:0.000059s ]
INFO: [ app_end ] --END-- [ RunTime:0.000095s ]

[ 2017-06-04T13:40:23+08:00 ] 91.230.47.3 /
INFO: [ app_init ] --START--
INFO: Run Behavior\BuildLiteBehavior [ RunTime:0.000013s ]
INFO: [ app_init ] --END-- [ RunTime:0.000119s ]
INFO: [ app_begin ] --START--
INFO: Run Behavior\ReadHtmlCacheBehavior [ RunTime:0.000064s ]
INFO: [ app_begin ] --END-- [ RunTime:0.000106s ]
INFO: [ app_end ] --START--
INFO: Run Behavior\ShowPageTraceBehavior [ RunTime:0.000089s ]
INFO: [ app_end ] --END-- [ RunTime:0.000149s ]

[ 2017-06-04T13:45:37+08:00 ] 66.249.79.129 /
INFO: [ app_init ] --START--
INFO: Run Behavior\BuildLiteBehavior [ RunTime:0.000010s ]
INFO: [ app_init ] --END-- [ RunTime:0.000075s ]
INFO: [ app_begin ] --START--
INFO: Run Behavior\ReadHtmlCacheBehavior [ RunTime:0.000045s ]
INFO: [ app_begin ] --END-- [ RunTime:0.000071s ]
INFO: [ app_end ] --START--
INFO: Run Behavior\ShowPageTraceBehavior [ RunTime:0.000064s ]
INFO: [ app_end ] --END-- [ RunTime:0.000109s ]

[ 2017-06-04T14:40:16+08:00 ] 105.133.17.109 /index.php/Home/Reviewatt/relistsortbyproid?product_id=2938137477&page=1
INFO: [ app_init ] --START--
INFO: Run Behavior\BuildLiteBehavior [ RunTime:0.000009s ]
INFO: [ app_init ] --END-- [ RunTime:0.000078s ]
INFO: [ app_begin ] --START--
INFO: Run Behavior\ReadHtmlCacheBehavior [ RunTime:0.000052s ]
INFO: [ app_begin ] --END-- [ RunTime:0.000081s ]
SQL: SHOW COLUMNS FROM `reviewatt` [ RunTime:0.0005s ]
SQL: SELECT AVG(rating) AS tp_avg FROM `reviewatt` WHERE `product_id` = '2938137477' AND `isshow` = 1 LIMIT 1   [ RunTime:0.0001s ]
SQL: SELECT COUNT(*) AS tp_count FROM `reviewatt` WHERE `product_id` = '2938137477' AND `isshow` = 1 LIMIT 1   [ RunTime:0.0001s ]
SQL: SELECT * FROM `reviewatt` WHERE `product_id` = '2938137477' AND `isshow` = 1 ORDER BY create_at desc,product_id LIMIT 0,5   [ RunTime:0.0001s ]
INFO: [ app_end ] --START--
INFO: Run Behavior\ShowPageTraceBehavior [ RunTime:0.000055s ]
INFO: [ app_end ] --END-- [ RunTime:0.000085s ]

[ 2017-06-04T14:42:29+08:00 ] 91.230.47.3 /
INFO: [ app_init ] --START--
INFO: Run Behavior\BuildLiteBehavior [ RunTime:0.000009s ]
INFO: [ app_init ] --END-- [ RunTime:0.000077s ]
INFO: [ app_begin ] --START--
INFO: Run Behavior\ReadHtmlCacheBehavior [ RunTime:0.000043s ]
INFO: [ app_begin ] --END-- [ RunTime:0.000070s ]
INFO: [ app_end ] --START--
INFO: Run Behavior\ShowPageTraceBehavior [ RunTime:0.000118s ]
INFO: [ app_end ] --END-- [ RunTime:0.000177s ]

[ 2017-06-04T15:47:58+08:00 ] 104.158.251.207 /index.php/Home/Reviewatt/relistsortbyproid?product_id=2222523461&page=1
INFO: [ app_init ] --START--
INFO: Run Behavior\BuildLiteBehavior [ RunTime:0.000010s ]
INFO: [ app_init ] --END-- [ RunTime:0.000078s ]
INFO: [ app_begin ] --START--
INFO: Run Behavior\ReadHtmlCacheBehavior [ RunTime:0.000045s ]
INFO: [ app_begin ] --END-- [ RunTime:0.000071s ]
SQL: SHOW COLUMNS FROM `reviewatt` [ RunTime:0.0006s ]
SQL: SELECT AVG(rating) AS tp_avg FROM `reviewatt` WHERE `product_id` = '2222523461' AND `isshow` = 1 LIMIT 1   [ RunTime:0.0001s ]
SQL: SELECT COUNT(*) AS tp_count FROM `reviewatt` WHERE `product_id` = '2222523461' AND `isshow` = 1 LIMIT 1   [ RunTime:0.0001s ]
SQL: SELECT * FROM `reviewatt` WHERE `product_id` = '2222523461' AND `isshow` = 1 ORDER BY create_at desc,product_id LIMIT 0,5   [ RunTime:0.0001s ]
INFO: [ app_end ] --START--
INFO: Run Behavior\ShowPageTraceBehavior [ RunTime:0.000051s ]
INFO: [ app_end ] --END-- [ RunTime:0.000081s ]

[ 2017-06-04T16:37:42+08:00 ] 74.82.47.2 /
INFO: [ app_init ] --START--
INFO: Run Behavior\BuildLiteBehavior [ RunTime:0.000011s ]
INFO: [ app_init ] --END-- [ RunTime:0.000085s ]
INFO: [ app_begin ] --START--
INFO: Run Behavior\ReadHtmlCacheBehavior [ RunTime:0.000052s ]
INFO: [ app_begin ] --END-- [ RunTime:0.000081s ]
INFO: [ app_end ] --START--
INFO: Run Behavior\ShowPageTraceBehavior [ RunTime:0.000114s ]
INFO: [ app_end ] --END-- [ RunTime:0.000176s ]

[ 2017-06-04T16:52:33+08:00 ] 66.249.79.69 /index.php/Home/Reviewatt/relistsortbyproid?product_id=2211196613&page=1
INFO: [ app_init ] --START--
INFO: Run Behavior\BuildLiteBehavior [ RunTime:0.000009s ]
INFO: [ app_init ] --END-- [ RunTime:0.000085s ]
INFO: [ app_begin ] --START--
INFO: Run Behavior\ReadHtmlCacheBehavior [ RunTime:0.000054s ]
INFO: [ app_begin ] --END-- [ RunTime:0.000083s ]
SQL: SHOW COLUMNS FROM `reviewatt` [ RunTime:0.0006s ]
SQL: SELECT AVG(rating) AS tp_avg FROM `reviewatt` WHERE `product_id` = '2211196613' AND `isshow` = 1 LIMIT 1   [ RunTime:0.0020s ]
SQL: SELECT COUNT(*) AS tp_count FROM `reviewatt` WHERE `product_id` = '2211196613' AND `isshow` = 1 LIMIT 1   [ RunTime:0.0018s ]
SQL: SELECT * FROM `reviewatt` WHERE `product_id` = '2211196613' AND `isshow` = 1 ORDER BY create_at desc,product_id LIMIT 0,5   [ RunTime:0.0024s ]
INFO: [ app_end ] --START--
INFO: Run Behavior\ShowPageTraceBehavior [ RunTime:0.000056s ]
INFO: [ app_end ] --END-- [ RunTime:0.000087s ]

[ 2017-06-04T17:02:36+08:00 ] 91.230.47.3 /
INFO: [ app_init ] --START--
INFO: Run Behavior\BuildLiteBehavior [ RunTime:0.000012s ]
INFO: [ app_init ] --END-- [ RunTime:0.000094s ]
INFO: [ app_begin ] --START--
INFO: Run Behavior\ReadHtmlCacheBehavior [ RunTime:0.000050s ]
INFO: [ app_begin ] --END-- [ RunTime:0.000076s ]
INFO: [ app_end ] --START--
INFO: Run Behavior\ShowPageTraceBehavior [ RunTime:0.000093s ]
INFO: [ app_end ] --END-- [ RunTime:0.000150s ]

[ 2017-06-04T17:13:19+08:00 ] 50.64.55.49 /index.php/Home/Reviewatt/relistsortbyproid?product_id=5431303429&page=1
INFO: [ app_init ] --START--
INFO: Run Behavior\BuildLiteBehavior [ RunTime:0.000009s ]
INFO: [ app_init ] --END-- [ RunTime:0.000074s ]
INFO: [ app_begin ] --START--
INFO: Run Behavior\ReadHtmlCacheBehavior [ RunTime:0.000042s ]
INFO: [ app_begin ] --END-- [ RunTime:0.000067s ]
SQL: SHOW COLUMNS FROM `reviewatt` [ RunTime:0.0006s ]
SQL: SELECT AVG(rating) AS tp_avg FROM `reviewatt` WHERE `product_id` = '5431303429' AND `isshow` = 1 LIMIT 1   [ RunTime:0.0019s ]
SQL: SELECT COUNT(*) AS tp_count FROM `reviewatt` WHERE `product_id` = '5431303429' AND `isshow` = 1 LIMIT 1   [ RunTime:0.0018s ]
SQL: SELECT * FROM `reviewatt` WHERE `product_id` = '5431303429' AND `isshow` = 1 ORDER BY create_at desc,product_id LIMIT 0,5   [ RunTime:0.0023s ]
INFO: [ app_end ] --START--
INFO: Run Behavior\ShowPageTraceBehavior [ RunTime:0.000056s ]
INFO: [ app_end ] --END-- [ RunTime:0.000082s ]

[ 2017-06-04T17:41:47+08:00 ] 140.205.205.5 /
INFO: [ app_init ] --START--
INFO: Run Behavior\BuildLiteBehavior [ RunTime:0.000011s ]
INFO: [ app_init ] --END-- [ RunTime:0.000083s ]
INFO: [ app_begin ] --START--
INFO: Run Behavior\ReadHtmlCacheBehavior [ RunTime:0.000047s ]
INFO: [ app_begin ] --END-- [ RunTime:0.000077s ]
INFO: [ app_end ] --START--
INFO: Run Behavior\ShowPageTraceBehavior [ RunTime:0.000082s ]
INFO: [ app_end ] --END-- [ RunTime:0.000140s ]

[ 2017-06-04T18:04:24+08:00 ] 91.230.47.3 /
INFO: [ app_init ] --START--
INFO: Run Behavior\BuildLiteBehavior [ RunTime:0.000011s ]
INFO: [ app_init ] --END-- [ RunTime:0.000084s ]
INFO: [ app_begin ] --START--
INFO: Run Behavior\ReadHtmlCacheBehavior [ RunTime:0.000050s ]
INFO: [ app_begin ] --END-- [ RunTime:0.000076s ]
INFO: [ app_end ] --START--
INFO: Run Behavior\ShowPageTraceBehavior [ RunTime:0.000105s ]
INFO: [ app_end ] --END-- [ RunTime:0.000165s ]

[ 2017-06-04T18:06:01+08:00 ] 212.186.188.37 /
INFO: [ app_init ] --START--
INFO: Run Behavior\BuildLiteBehavior [ RunTime:0.000010s ]
INFO: [ app_init ] --END-- [ RunTime:0.000077s ]
INFO: [ app_begin ] --START--
INFO: Run Behavior\ReadHtmlCacheBehavior [ RunTime:0.000041s ]
INFO: [ app_begin ] --END-- [ RunTime:0.000067s ]
INFO: [ app_end ] --START--
INFO: Run Behavior\ShowPageTraceBehavior [ RunTime:0.000092s ]
INFO: [ app_end ] --END-- [ RunTime:0.000154s ]

[ 2017-06-04T18:06:06+08:00 ] 212.186.188.37 /
INFO: [ app_init ] --START--
INFO: Run Behavior\BuildLiteBehavior [ RunTime:0.000009s ]
INFO: [ app_init ] --END-- [ RunTime:0.000078s ]
INFO: [ app_begin ] --START--
INFO: Run Behavior\ReadHtmlCacheBehavior [ RunTime:0.000042s ]
INFO: [ app_begin ] --END-- [ RunTime:0.000068s ]
INFO: [ app_end ] --START--
INFO: Run Behavior\ShowPageTraceBehavior [ RunTime:0.000084s ]
INFO: [ app_end ] --END-- [ RunTime:0.000143s ]

[ 2017-06-04T18:14:53+08:00 ] 66.249.79.94 /index.php/Home/Reviewatt/relistsortbyproid?product_id=2415767173&page=1
INFO: [ app_init ] --START--
INFO: Run Behavior\BuildLiteBehavior [ RunTime:0.000012s ]
INFO: [ app_init ] --END-- [ RunTime:0.000086s ]
INFO: [ app_begin ] --START--
INFO: Run Behavior\ReadHtmlCacheBehavior [ RunTime:0.000053s ]
INFO: [ app_begin ] --END-- [ RunTime:0.000082s ]
SQL: SHOW COLUMNS FROM `reviewatt` [ RunTime:0.0006s ]
SQL: SELECT AVG(rating) AS tp_avg FROM `reviewatt` WHERE `product_id` = '2415767173' AND `isshow` = 1 LIMIT 1   [ RunTime:0.0020s ]
SQL: SELECT COUNT(*) AS tp_count FROM `reviewatt` WHERE `product_id` = '2415767173' AND `isshow` = 1 LIMIT 1   [ RunTime:0.0017s ]
SQL: SELECT * FROM `reviewatt` WHERE `product_id` = '2415767173' AND `isshow` = 1 ORDER BY create_at desc,product_id LIMIT 0,5   [ RunTime:0.0025s ]
INFO: [ app_end ] --START--
INFO: Run Behavior\ShowPageTraceBehavior [ RunTime:0.000065s ]
INFO: [ app_end ] --END-- [ RunTime:0.000090s ]

[ 2017-06-04T18:23:06+08:00 ] 183.129.160.229 /
INFO: [ app_init ] --START--
INFO: Run Behavior\BuildLiteBehavior [ RunTime:0.000010s ]
INFO: [ app_init ] --END-- [ RunTime:0.000077s ]
INFO: [ app_begin ] --START--
INFO: Run Behavior\ReadHtmlCacheBehavior [ RunTime:0.000041s ]
INFO: [ app_begin ] --END-- [ RunTime:0.000066s ]
INFO: [ app_end ] --START--
INFO: Run Behavior\ShowPageTraceBehavior [ RunTime:0.000106s ]
INFO: [ app_end ] --END-- [ RunTime:0.000180s ]

[ 2017-06-04T19:08:09+08:00 ] 66.102.6.5 /index.php/Home/Reviewatt/relistsortbyproid?product_id=2222523461&page=1
INFO: [ app_init ] --START--
INFO: Run Behavior\BuildLiteBehavior [ RunTime:0.000010s ]
INFO: [ app_init ] --END-- [ RunTime:0.000087s ]
INFO: [ app_begin ] --START--
INFO: Run Behavior\ReadHtmlCacheBehavior [ RunTime:0.000047s ]
INFO: [ app_begin ] --END-- [ RunTime:0.000075s ]
SQL: SHOW COLUMNS FROM `reviewatt` [ RunTime:0.0006s ]
SQL: SELECT AVG(rating) AS tp_avg FROM `reviewatt` WHERE `product_id` = '2222523461' AND `isshow` = 1 LIMIT 1   [ RunTime:0.0002s ]
SQL: SELECT COUNT(*) AS tp_count FROM `reviewatt` WHERE `product_id` = '2222523461' AND `isshow` = 1 LIMIT 1   [ RunTime:0.0001s ]
SQL: SELECT * FROM `reviewatt` WHERE `product_id` = '2222523461' AND `isshow` = 1 ORDER BY create_at desc,product_id LIMIT 0,5   [ RunTime:0.0001s ]
INFO: [ app_end ] --START--
INFO: Run Behavior\ShowPageTraceBehavior [ RunTime:0.000057s ]
INFO: [ app_end ] --END-- [ RunTime:0.000089s ]

[ 2017-06-04T19:58:55+08:00 ] 112.198.70.12 /index.php/Home/Reviewatt/relistsortbyproid?product_id=9086702608&page=1
INFO: [ app_init ] --START--
INFO: Run Behavior\BuildLiteBehavior [ RunTime:0.000010s ]
INFO: [ app_init ] --END-- [ RunTime:0.000081s ]
INFO: [ app_begin ] --START--
INFO: Run Behavior\ReadHtmlCacheBehavior [ RunTime:0.000055s ]
INFO: [ app_begin ] --END-- [ RunTime:0.000083s ]
SQL: SHOW COLUMNS FROM `reviewatt` [ RunTime:0.0006s ]
SQL: SELECT AVG(rating) AS tp_avg FROM `reviewatt` WHERE `product_id` = '9086702608' AND `isshow` = 1 LIMIT 1   [ RunTime:0.0020s ]
SQL: SELECT COUNT(*) AS tp_count FROM `reviewatt` WHERE `product_id` = '9086702608' AND `isshow` = 1 LIMIT 1   [ RunTime:0.0018s ]
SQL: SELECT * FROM `reviewatt` WHERE `product_id` = '9086702608' AND `isshow` = 1 ORDER BY create_at desc,product_id LIMIT 0,5   [ RunTime:0.0024s ]
INFO: [ app_end ] --START--
INFO: Run Behavior\ShowPageTraceBehavior [ RunTime:0.000061s ]
INFO: [ app_end ] --END-- [ RunTime:0.000086s ]

[ 2017-06-04T19:58:55+08:00 ] 112.198.70.12 /index.php/Home/Reviewatt/relistsortbyproid?product_id=9298908880&page=1
INFO: [ app_init ] --START--
INFO: Run Behavior\BuildLiteBehavior [ RunTime:0.000007s ]
INFO: [ app_init ] --END-- [ RunTime:0.000064s ]
INFO: [ app_begin ] --START--
INFO: Run Behavior\ReadHtmlCacheBehavior [ RunTime:0.000041s ]
INFO: [ app_begin ] --END-- [ RunTime:0.000072s ]
SQL: SHOW COLUMNS FROM `reviewatt` [ RunTime:0.0005s ]
SQL: SELECT AVG(rating) AS tp_avg FROM `reviewatt` WHERE `product_id` = '9298908880' AND `isshow` = 1 LIMIT 1   [ RunTime:0.0019s ]
SQL: SELECT COUNT(*) AS tp_count FROM `reviewatt` WHERE `product_id` = '9298908880' AND `isshow` = 1 LIMIT 1   [ RunTime:0.0017s ]
SQL: SELECT * FROM `reviewatt` WHERE `product_id` = '9298908880' AND `isshow` = 1 ORDER BY create_at desc,product_id LIMIT 0,5   [ RunTime:0.0022s ]
INFO: [ app_end ] --START--
INFO: Run Behavior\ShowPageTraceBehavior [ RunTime:0.000048s ]
INFO: [ app_end ] --END-- [ RunTime:0.000076s ]

[ 2017-06-04T19:59:02+08:00 ] 112.198.70.12 /index.php/Home/Reviewatt/relistsortbyproid?product_id=2202458757&page=1
INFO: [ app_init ] --START--
INFO: Run Behavior\BuildLiteBehavior [ RunTime:0.000010s ]
INFO: [ app_init ] --END-- [ RunTime:0.000101s ]
INFO: [ app_begin ] --START--
INFO: Run Behavior\ReadHtmlCacheBehavior [ RunTime:0.000044s ]
INFO: [ app_begin ] --END-- [ RunTime:0.000071s ]
SQL: SHOW COLUMNS FROM `reviewatt` [ RunTime:0.0006s ]
SQL: SELECT AVG(rating) AS tp_avg FROM `reviewatt` WHERE `product_id` = '2202458757' AND `isshow` = 1 LIMIT 1   [ RunTime:0.0021s ]
SQL: SELECT COUNT(*) AS tp_count FROM `reviewatt` WHERE `product_id` = '2202458757' AND `isshow` = 1 LIMIT 1   [ RunTime:0.0017s ]
SQL: SELECT * FROM `reviewatt` WHERE `product_id` = '2202458757' AND `isshow` = 1 ORDER BY create_at desc,product_id LIMIT 0,5   [ RunTime:0.0023s ]
INFO: [ app_end ] --START--
INFO: Run Behavior\ShowPageTraceBehavior [ RunTime:0.000063s ]
INFO: [ app_end ] --END-- [ RunTime:0.000102s ]

[ 2017-06-04T20:15:55+08:00 ] 139.162.114.70 /
INFO: [ app_init ] --START--
INFO: Run Behavior\BuildLiteBehavior [ RunTime:0.000009s ]
INFO: [ app_init ] --END-- [ RunTime:0.000079s ]
INFO: [ app_begin ] --START--
INFO: Run Behavior\ReadHtmlCacheBehavior [ RunTime:0.000043s ]
INFO: [ app_begin ] --END-- [ RunTime:0.000069s ]
INFO: [ app_end ] --START--
INFO: Run Behavior\ShowPageTraceBehavior [ RunTime:0.000092s ]
INFO: [ app_end ] --END-- [ RunTime:0.000151s ]

[ 2017-06-04T20:16:05+08:00 ] 131.253.25.193 /index.php/Home/Reviewatt/relistsortbyproid?product_id=2202458757&page=1
INFO: [ app_init ] --START--
INFO: Run Behavior\BuildLiteBehavior [ RunTime:0.000010s ]
INFO: [ app_init ] --END-- [ RunTime:0.000079s ]
INFO: [ app_begin ] --START--
INFO: Run Behavior\ReadHtmlCacheBehavior [ RunTime:0.000043s ]
INFO: [ app_begin ] --END-- [ RunTime:0.000071s ]
SQL: SHOW COLUMNS FROM `reviewatt` [ RunTime:0.0006s ]
SQL: SELECT AVG(rating) AS tp_avg FROM `reviewatt` WHERE `product_id` = '2202458757' AND `isshow` = 1 LIMIT 1   [ RunTime:0.0001s ]
SQL: SELECT COUNT(*) AS tp_count FROM `reviewatt` WHERE `product_id` = '2202458757' AND `isshow` = 1 LIMIT 1   [ RunTime:0.0000s ]
SQL: SELECT * FROM `reviewatt` WHERE `product_id` = '2202458757' AND `isshow` = 1 ORDER BY create_at desc,product_id LIMIT 0,5   [ RunTime:0.0000s ]
INFO: [ app_end ] --START--
INFO: Run Behavior\ShowPageTraceBehavior [ RunTime:0.000051s ]
INFO: [ app_end ] --END-- [ RunTime:0.000081s ]

[ 2017-06-04T20:29:11+08:00 ] 91.230.47.3 /
INFO: [ app_init ] --START--
INFO: Run Behavior\BuildLiteBehavior [ RunTime:0.000009s ]
INFO: [ app_init ] --END-- [ RunTime:0.000078s ]
INFO: [ app_begin ] --START--
INFO: Run Behavior\ReadHtmlCacheBehavior [ RunTime:0.000056s ]
INFO: [ app_begin ] --END-- [ RunTime:0.000090s ]
INFO: [ app_end ] --START--
INFO: Run Behavior\ShowPageTraceBehavior [ RunTime:0.000096s ]
INFO: [ app_end ] --END-- [ RunTime:0.000167s ]

[ 2017-06-04T20:51:28+08:00 ] 1.126.48.137 /index.php/Home/Reviewatt/relistsortbyproid?product_id=8636812560&page=1
INFO: [ app_init ] --START--
INFO: Run Behavior\BuildLiteBehavior [ RunTime:0.000011s ]
INFO: [ app_init ] --END-- [ RunTime:0.000105s ]
INFO: [ app_begin ] --START--
INFO: Run Behavior\ReadHtmlCacheBehavior [ RunTime:0.000042s ]
INFO: [ app_begin ] --END-- [ RunTime:0.000078s ]
SQL: SHOW COLUMNS FROM `reviewatt` [ RunTime:0.0006s ]
SQL: SELECT AVG(rating) AS tp_avg FROM `reviewatt` WHERE `product_id` = '8636812560' AND `isshow` = 1 LIMIT 1   [ RunTime:0.0019s ]
SQL: SELECT COUNT(*) AS tp_count FROM `reviewatt` WHERE `product_id` = '8636812560' AND `isshow` = 1 LIMIT 1   [ RunTime:0.0017s ]
SQL: SELECT * FROM `reviewatt` WHERE `product_id` = '8636812560' AND `isshow` = 1 ORDER BY create_at desc,product_id LIMIT 0,5   [ RunTime:0.0024s ]
INFO: [ app_end ] --START--
INFO: Run Behavior\ShowPageTraceBehavior [ RunTime:0.000051s ]
INFO: [ app_end ] --END-- [ RunTime:0.000080s ]

[ 2017-06-04T20:51:40+08:00 ] 1.126.48.137 /index.php/Home/Reviewatt/relistsortbyproid?product_id=8636812560&page=1
INFO: [ app_init ] --START--
INFO: Run Behavior\BuildLiteBehavior [ RunTime:0.000010s ]
INFO: [ app_init ] --END-- [ RunTime:0.000088s ]
INFO: [ app_begin ] --START--
INFO: Run Behavior\ReadHtmlCacheBehavior [ RunTime:0.000057s ]
INFO: [ app_begin ] --END-- [ RunTime:0.000092s ]
SQL: SHOW COLUMNS FROM `reviewatt` [ RunTime:0.0005s ]
SQL: SELECT AVG(rating) AS tp_avg FROM `reviewatt` WHERE `product_id` = '8636812560' AND `isshow` = 1 LIMIT 1   [ RunTime:0.0001s ]
SQL: SELECT COUNT(*) AS tp_count FROM `reviewatt` WHERE `product_id` = '8636812560' AND `isshow` = 1 LIMIT 1   [ RunTime:0.0001s ]
SQL: SELECT * FROM `reviewatt` WHERE `product_id` = '8636812560' AND `isshow` = 1 ORDER BY create_at desc,product_id LIMIT 0,5   [ RunTime:0.0001s ]
INFO: [ app_end ] --START--
INFO: Run Behavior\ShowPageTraceBehavior [ RunTime:0.000058s ]
INFO: [ app_end ] --END-- [ RunTime:0.000094s ]

[ 2017-06-04T20:51:56+08:00 ] 1.126.48.137 /index.php/Home/Reviewatt/relistsortbyproid?product_id=8636812560&page=1
INFO: [ app_init ] --START--
INFO: Run Behavior\BuildLiteBehavior [ RunTime:0.000009s ]
INFO: [ app_init ] --END-- [ RunTime:0.000079s ]
INFO: [ app_begin ] --START--
INFO: Run Behavior\ReadHtmlCacheBehavior [ RunTime:0.000045s ]
INFO: [ app_begin ] --END-- [ RunTime:0.000081s ]
SQL: SHOW COLUMNS FROM `reviewatt` [ RunTime:0.0006s ]
SQL: SELECT AVG(rating) AS tp_avg FROM `reviewatt` WHERE `product_id` = '8636812560' AND `isshow` = 1 LIMIT 1   [ RunTime:0.0001s ]
SQL: SELECT COUNT(*) AS tp_count FROM `reviewatt` WHERE `product_id` = '8636812560' AND `isshow` = 1 LIMIT 1   [ RunTime:0.0001s ]
SQL: SELECT * FROM `reviewatt` WHERE `product_id` = '8636812560' AND `isshow` = 1 ORDER BY create_at desc,product_id LIMIT 0,5   [ RunTime:0.0001s ]
INFO: [ app_end ] --START--
INFO: Run Behavior\ShowPageTraceBehavior [ RunTime:0.000052s ]
INFO: [ app_end ] --END-- [ RunTime:0.000080s ]

[ 2017-06-04T21:03:55+08:00 ] 86.127.108.165 /index.php/Home/Reviewatt/relistsortbyproid?product_id=2333683141&page=1
INFO: [ app_init ] --START--
INFO: Run Behavior\BuildLiteBehavior [ RunTime:0.000010s ]
INFO: [ app_init ] --END-- [ RunTime:0.000083s ]
INFO: [ app_begin ] --START--
INFO: Run Behavior\ReadHtmlCacheBehavior [ RunTime:0.000041s ]
INFO: [ app_begin ] --END-- [ RunTime:0.000068s ]
SQL: SHOW COLUMNS FROM `reviewatt` [ RunTime:0.0005s ]
SQL: SELECT AVG(rating) AS tp_avg FROM `reviewatt` WHERE `product_id` = '2333683141' AND `isshow` = 1 LIMIT 1   [ RunTime:0.0019s ]
SQL: SELECT COUNT(*) AS tp_count FROM `reviewatt` WHERE `product_id` = '2333683141' AND `isshow` = 1 LIMIT 1   [ RunTime:0.0017s ]
SQL: SELECT * FROM `reviewatt` WHERE `product_id` = '2333683141' AND `isshow` = 1 ORDER BY create_at desc,product_id LIMIT 0,5   [ RunTime:0.0021s ]
INFO: [ app_end ] --START--
INFO: Run Behavior\ShowPageTraceBehavior [ RunTime:0.000055s ]
INFO: [ app_end ] --END-- [ RunTime:0.000085s ]

[ 2017-06-04T21:31:00+08:00 ] 91.230.47.3 /
INFO: [ app_init ] --START--
INFO: Run Behavior\BuildLiteBehavior [ RunTime:0.000009s ]
INFO: [ app_init ] --END-- [ RunTime:0.000074s ]
INFO: [ app_begin ] --START--
INFO: Run Behavior\ReadHtmlCacheBehavior [ RunTime:0.000041s ]
INFO: [ app_begin ] --END-- [ RunTime:0.000065s ]
INFO: [ app_end ] --START--
INFO: Run Behavior\ShowPageTraceBehavior [ RunTime:0.000093s ]
INFO: [ app_end ] --END-- [ RunTime:0.000151s ]

[ 2017-06-04T22:34:58+08:00 ] 66.249.79.94 /index.php/Home/Reviewatt/relistsortbyproid?product_id=3341369541&page=1
INFO: [ app_init ] --START--
INFO: Run Behavior\BuildLiteBehavior [ RunTime:0.000012s ]
INFO: [ app_init ] --END-- [ RunTime:0.000122s ]
INFO: [ app_begin ] --START--
INFO: Run Behavior\ReadHtmlCacheBehavior [ RunTime:0.000055s ]
INFO: [ app_begin ] --END-- [ RunTime:0.000083s ]
SQL: SHOW COLUMNS FROM `reviewatt` [ RunTime:0.0007s ]
SQL: SELECT AVG(rating) AS tp_avg FROM `reviewatt` WHERE `product_id` = '3341369541' AND `isshow` = 1 LIMIT 1   [ RunTime:0.0020s ]
SQL: SELECT COUNT(*) AS tp_count FROM `reviewatt` WHERE `product_id` = '3341369541' AND `isshow` = 1 LIMIT 1   [ RunTime:0.0017s ]
SQL: SELECT * FROM `reviewatt` WHERE `product_id` = '3341369541' AND `isshow` = 1 ORDER BY create_at desc,product_id LIMIT 0,5   [ RunTime:0.0023s ]
INFO: [ app_end ] --START--
INFO: Run Behavior\ShowPageTraceBehavior [ RunTime:0.000102s ]
INFO: [ app_end ] --END-- [ RunTime:0.000138s ]

[ 2017-06-04T22:52:39+08:00 ] 77.97.35.160 /index.php/Home/Reviewatt/relistsortbyproid?product_id=5564000709&page=1
INFO: [ app_init ] --START--
INFO: Run Behavior\BuildLiteBehavior [ RunTime:0.000009s ]
INFO: [ app_init ] --END-- [ RunTime:0.000074s ]
INFO: [ app_begin ] --START--
INFO: Run Behavior\ReadHtmlCacheBehavior [ RunTime:0.000043s ]
INFO: [ app_begin ] --END-- [ RunTime:0.000070s ]
SQL: SHOW COLUMNS FROM `reviewatt` [ RunTime:0.0006s ]
SQL: SELECT AVG(rating) AS tp_avg FROM `reviewatt` WHERE `product_id` = '5564000709' AND `isshow` = 1 LIMIT 1   [ RunTime:0.0021s ]
SQL: SELECT COUNT(*) AS tp_count FROM `reviewatt` WHERE `product_id` = '5564000709' AND `isshow` = 1 LIMIT 1   [ RunTime:0.0018s ]
SQL: SELECT * FROM `reviewatt` WHERE `product_id` = '5564000709' AND `isshow` = 1 ORDER BY create_at desc,product_id LIMIT 0,5   [ RunTime:0.0023s ]
INFO: [ app_end ] --START--
INFO: Run Behavior\ShowPageTraceBehavior [ RunTime:0.000061s ]
INFO: [ app_end ] --END-- [ RunTime:0.000093s ]

[ 2017-06-04T22:53:01+08:00 ] 77.97.35.160 /index.php/Home/Reviewatt/relistsortbyproid?product_id=5564000709&page=1
INFO: [ app_init ] --START--
INFO: Run Behavior\BuildLiteBehavior [ RunTime:0.000010s ]
INFO: [ app_init ] --END-- [ RunTime:0.000075s ]
INFO: [ app_begin ] --START--
INFO: Run Behavior\ReadHtmlCacheBehavior [ RunTime:0.000041s ]
INFO: [ app_begin ] --END-- [ RunTime:0.000068s ]
SQL: SHOW COLUMNS FROM `reviewatt` [ RunTime:0.0006s ]
SQL: SELECT AVG(rating) AS tp_avg FROM `reviewatt` WHERE `product_id` = '5564000709' AND `isshow` = 1 LIMIT 1   [ RunTime:0.0001s ]
SQL: SELECT COUNT(*) AS tp_count FROM `reviewatt` WHERE `product_id` = '5564000709' AND `isshow` = 1 LIMIT 1   [ RunTime:0.0001s ]
SQL: SELECT * FROM `reviewatt` WHERE `product_id` = '5564000709' AND `isshow` = 1 ORDER BY create_at desc,product_id LIMIT 0,5   [ RunTime:0.0001s ]
INFO: [ app_end ] --START--
INFO: Run Behavior\ShowPageTraceBehavior [ RunTime:0.000070s ]
INFO: [ app_end ] --END-- [ RunTime:0.000096s ]

[ 2017-06-04T22:58:57+08:00 ] 66.249.79.94 /index.php/Home/Reviewatt/relistsortbyproid?product_id=2818221445&page=1
INFO: [ app_init ] --START--
INFO: Run Behavior\BuildLiteBehavior [ RunTime:0.000009s ]
INFO: [ app_init ] --END-- [ RunTime:0.000077s ]
INFO: [ app_begin ] --START--
INFO: Run Behavior\ReadHtmlCacheBehavior [ RunTime:0.000053s ]
INFO: [ app_begin ] --END-- [ RunTime:0.000080s ]
SQL: SHOW COLUMNS FROM `reviewatt` [ RunTime:0.0006s ]
SQL: SELECT AVG(rating) AS tp_avg FROM `reviewatt` WHERE `product_id` = '2818221445' AND `isshow` = 1 LIMIT 1   [ RunTime:0.0019s ]
SQL: SELECT COUNT(*) AS tp_count FROM `reviewatt` WHERE `product_id` = '2818221445' AND `isshow` = 1 LIMIT 1   [ RunTime:0.0017s ]
SQL: SELECT * FROM `reviewatt` WHERE `product_id` = '2818221445' AND `isshow` = 1 ORDER BY create_at desc,product_id LIMIT 0,5   [ RunTime:0.0022s ]
INFO: [ app_end ] --START--
INFO: Run Behavior\ShowPageTraceBehavior [ RunTime:0.000054s ]
INFO: [ app_end ] --END-- [ RunTime:0.000085s ]

[ 2017-06-04T23:24:03+08:00 ] 182.101.50.32 /
INFO: [ app_init ] --START--
INFO: Run Behavior\BuildLiteBehavior [ RunTime:0.000015s ]
INFO: [ app_init ] --END-- [ RunTime:0.000115s ]
INFO: [ app_begin ] --START--
INFO: Run Behavior\ReadHtmlCacheBehavior [ RunTime:0.000048s ]
INFO: [ app_begin ] --END-- [ RunTime:0.000085s ]
INFO: [ app_end ] --START--
INFO: Run Behavior\ShowPageTraceBehavior [ RunTime:0.000090s ]
INFO: [ app_end ] --END-- [ RunTime:0.000158s ]

[ 2017-06-04T23:31:18+08:00 ] 123.207.120.239 /
INFO: [ app_init ] --START--
INFO: Run Behavior\BuildLiteBehavior [ RunTime:0.000009s ]
INFO: [ app_init ] --END-- [ RunTime:0.000077s ]
INFO: [ app_begin ] --START--
INFO: Run Behavior\ReadHtmlCacheBehavior [ RunTime:0.000047s ]
INFO: [ app_begin ] --END-- [ RunTime:0.000075s ]
INFO: [ app_end ] --START--
INFO: Run Behavior\ShowPageTraceBehavior [ RunTime:0.000181s ]
INFO: [ app_end ] --END-- [ RunTime:0.000256s ]

[ 2017-06-04T23:49:24+08:00 ] 41.248.127.120 /index.php/Home/Reviewatt/relistsortbyproid?product_id=8280172432&page=1
INFO: [ app_init ] --START--
INFO: Run Behavior\BuildLiteBehavior [ RunTime:0.000013s ]
INFO: [ app_init ] --END-- [ RunTime:0.000091s ]
INFO: [ app_begin ] --START--
INFO: Run Behavior\ReadHtmlCacheBehavior [ RunTime:0.000044s ]
INFO: [ app_begin ] --END-- [ RunTime:0.000071s ]
SQL: SHOW COLUMNS FROM `reviewatt` [ RunTime:0.0005s ]
SQL: SELECT AVG(rating) AS tp_avg FROM `reviewatt` WHERE `product_id` = '8280172432' AND `isshow` = 1 LIMIT 1   [ RunTime:0.0022s ]
SQL: SELECT COUNT(*) AS tp_count FROM `reviewatt` WHERE `product_id` = '8280172432' AND `isshow` = 1 LIMIT 1   [ RunTime:0.0017s ]
SQL: SELECT * FROM `reviewatt` WHERE `product_id` = '8280172432' AND `isshow` = 1 ORDER BY create_at desc,product_id LIMIT 0,5   [ RunTime:0.0021s ]
INFO: [ app_end ] --START--
INFO: Run Behavior\ShowPageTraceBehavior [ RunTime:0.000056s ]
INFO: [ app_end ] --END-- [ RunTime:0.000083s ]

[ 2017-06-04T23:52:58+08:00 ] 190.213.190.31 /
INFO: [ app_init ] --START--
INFO: Run Behavior\BuildLiteBehavior [ RunTime:0.000009s ]
INFO: [ app_init ] --END-- [ RunTime:0.000073s ]
INFO: [ app_begin ] --START--
INFO: Run Behavior\ReadHtmlCacheBehavior [ RunTime:0.000040s ]
INFO: [ app_begin ] --END-- [ RunTime:0.000065s ]
INFO: [ app_end ] --START--
INFO: Run Behavior\ShowPageTraceBehavior [ RunTime:0.000189s ]
INFO: [ app_end ] --END-- [ RunTime:0.000255s ]

