[ 2017-06-06T00:04:25+08:00 ] 91.230.47.3 /
INFO: [ app_init ] --START--
INFO: Run Behavior\BuildLiteBehavior [ RunTime:0.000009s ]
INFO: [ app_init ] --END-- [ RunTime:0.000078s ]
INFO: [ app_begin ] --START--
INFO: Run Behavior\ReadHtmlCacheBehavior [ RunTime:0.000044s ]
INFO: [ app_begin ] --END-- [ RunTime:0.000071s ]
INFO: [ app_end ] --START--
INFO: Run Behavior\ShowPageTraceBehavior [ RunTime:0.000098s ]
INFO: [ app_end ] --END-- [ RunTime:0.000161s ]

[ 2017-06-06T00:34:45+08:00 ] 157.55.39.197 /
INFO: [ app_init ] --START--
INFO: Run Behavior\BuildLiteBehavior [ RunTime:0.000010s ]
INFO: [ app_init ] --END-- [ RunTime:0.000084s ]
INFO: [ app_begin ] --START--
INFO: Run Behavior\ReadHtmlCacheBehavior [ RunTime:0.000068s ]
INFO: [ app_begin ] --END-- [ RunTime:0.000100s ]
INFO: [ app_end ] --START--
INFO: Run Behavior\ShowPageTraceBehavior [ RunTime:0.000087s ]
INFO: [ app_end ] --END-- [ RunTime:0.000146s ]

[ 2017-06-06T00:37:20+08:00 ] 182.55.107.148 /index.php/Home/Reviewatt/relistsortbyproid?product_id=1477660613&page=1
INFO: [ app_init ] --START--
INFO: Run Behavior\BuildLiteBehavior [ RunTime:0.000009s ]
INFO: [ app_init ] --END-- [ RunTime:0.000077s ]
INFO: [ app_begin ] --START--
INFO: Run Behavior\ReadHtmlCacheBehavior [ RunTime:0.000046s ]
INFO: [ app_begin ] --END-- [ RunTime:0.000080s ]
SQL: SHOW COLUMNS FROM `reviewatt` [ RunTime:0.0006s ]
SQL: SELECT AVG(rating) AS tp_avg FROM `reviewatt` WHERE `product_id` = '1477660613' AND `isshow` = 1 LIMIT 1   [ RunTime:0.0019s ]
SQL: SELECT COUNT(*) AS tp_count FROM `reviewatt` WHERE `product_id` = '1477660613' AND `isshow` = 1 LIMIT 1   [ RunTime:0.0016s ]
SQL: SELECT * FROM `reviewatt` WHERE `product_id` = '1477660613' AND `isshow` = 1 ORDER BY create_at desc,product_id LIMIT 0,5   [ RunTime:0.0022s ]
INFO: [ app_end ] --START--
INFO: Run Behavior\ShowPageTraceBehavior [ RunTime:0.000051s ]
INFO: [ app_end ] --END-- [ RunTime:0.000094s ]

[ 2017-06-06T00:43:26+08:00 ] 185.10.68.179 /
INFO: [ app_init ] --START--
INFO: Run Behavior\BuildLiteBehavior [ RunTime:0.000010s ]
INFO: [ app_init ] --END-- [ RunTime:0.000077s ]
INFO: [ app_begin ] --START--
INFO: Run Behavior\ReadHtmlCacheBehavior [ RunTime:0.000041s ]
INFO: [ app_begin ] --END-- [ RunTime:0.000065s ]
INFO: [ app_end ] --START--
INFO: Run Behavior\ShowPageTraceBehavior [ RunTime:0.000077s ]
INFO: [ app_end ] --END-- [ RunTime:0.000127s ]

[ 2017-06-06T00:59:22+08:00 ] 54.224.6.8 /
INFO: [ app_init ] --START--
INFO: Run Behavior\BuildLiteBehavior [ RunTime:0.000009s ]
INFO: [ app_init ] --END-- [ RunTime:0.000080s ]
INFO: [ app_begin ] --START--
INFO: Run Behavior\ReadHtmlCacheBehavior [ RunTime:0.000045s ]
INFO: [ app_begin ] --END-- [ RunTime:0.000072s ]
INFO: [ app_end ] --START--
INFO: Run Behavior\ShowPageTraceBehavior [ RunTime:0.000100s ]
INFO: [ app_end ] --END-- [ RunTime:0.000166s ]

[ 2017-06-06T01:04:38+08:00 ] 91.230.47.3 /
INFO: [ app_init ] --START--
INFO: Run Behavior\BuildLiteBehavior [ RunTime:0.000010s ]
INFO: [ app_init ] --END-- [ RunTime:0.000078s ]
INFO: [ app_begin ] --START--
INFO: Run Behavior\ReadHtmlCacheBehavior [ RunTime:0.000041s ]
INFO: [ app_begin ] --END-- [ RunTime:0.000067s ]
INFO: [ app_end ] --START--
INFO: Run Behavior\ShowPageTraceBehavior [ RunTime:0.000083s ]
INFO: [ app_end ] --END-- [ RunTime:0.000143s ]

[ 2017-06-06T02:02:32+08:00 ] 66.249.79.136 /index.php/Home/Reviewatt/relistsortbyproid?product_id=8304283600&page=1
INFO: [ app_init ] --START--
INFO: Run Behavior\BuildLiteBehavior [ RunTime:0.000010s ]
INFO: [ app_init ] --END-- [ RunTime:0.000090s ]
INFO: [ app_begin ] --START--
INFO: Run Behavior\ReadHtmlCacheBehavior [ RunTime:0.000055s ]
INFO: [ app_begin ] --END-- [ RunTime:0.000086s ]
SQL: SHOW COLUMNS FROM `reviewatt` [ RunTime:0.0005s ]
SQL: SELECT AVG(rating) AS tp_avg FROM `reviewatt` WHERE `product_id` = '8304283600' AND `isshow` = 1 LIMIT 1   [ RunTime:0.0019s ]
SQL: SELECT COUNT(*) AS tp_count FROM `reviewatt` WHERE `product_id` = '8304283600' AND `isshow` = 1 LIMIT 1   [ RunTime:0.0017s ]
SQL: SELECT * FROM `reviewatt` WHERE `product_id` = '8304283600' AND `isshow` = 1 ORDER BY create_at desc,product_id LIMIT 0,5   [ RunTime:0.0022s ]
INFO: [ app_end ] --START--
INFO: Run Behavior\ShowPageTraceBehavior [ RunTime:0.000053s ]
INFO: [ app_end ] --END-- [ RunTime:0.000083s ]

[ 2017-06-06T02:20:46+08:00 ] 54.224.6.8 /
INFO: [ app_init ] --START--
INFO: Run Behavior\BuildLiteBehavior [ RunTime:0.000012s ]
INFO: [ app_init ] --END-- [ RunTime:0.000093s ]
INFO: [ app_begin ] --START--
INFO: Run Behavior\ReadHtmlCacheBehavior [ RunTime:0.000044s ]
INFO: [ app_begin ] --END-- [ RunTime:0.000071s ]
INFO: [ app_end ] --START--
INFO: Run Behavior\ShowPageTraceBehavior [ RunTime:0.000128s ]
INFO: [ app_end ] --END-- [ RunTime:0.000199s ]

[ 2017-06-06T02:46:29+08:00 ] 65.33.194.208 /index.php/Home/Reviewatt/relistsortbyproid?product_id=2371919557&page=1
INFO: [ app_init ] --START--
INFO: Run Behavior\BuildLiteBehavior [ RunTime:0.000010s ]
INFO: [ app_init ] --END-- [ RunTime:0.000083s ]
INFO: [ app_begin ] --START--
INFO: Run Behavior\ReadHtmlCacheBehavior [ RunTime:0.000044s ]
INFO: [ app_begin ] --END-- [ RunTime:0.000071s ]
SQL: SHOW COLUMNS FROM `reviewatt` [ RunTime:0.0006s ]
SQL: SELECT AVG(rating) AS tp_avg FROM `reviewatt` WHERE `product_id` = '2371919557' AND `isshow` = 1 LIMIT 1   [ RunTime:0.0020s ]
SQL: SELECT COUNT(*) AS tp_count FROM `reviewatt` WHERE `product_id` = '2371919557' AND `isshow` = 1 LIMIT 1   [ RunTime:0.0017s ]
SQL: SELECT * FROM `reviewatt` WHERE `product_id` = '2371919557' AND `isshow` = 1 ORDER BY create_at desc,product_id LIMIT 0,5   [ RunTime:0.0022s ]
INFO: [ app_end ] --START--
INFO: Run Behavior\ShowPageTraceBehavior [ RunTime:0.000055s ]
INFO: [ app_end ] --END-- [ RunTime:0.000080s ]

[ 2017-06-06T03:03:27+08:00 ] 123.151.42.61 http://www.baidu.com/
INFO: [ app_init ] --START--
INFO: Run Behavior\BuildLiteBehavior [ RunTime:0.000010s ]
INFO: [ app_init ] --END-- [ RunTime:0.000079s ]
INFO: [ app_begin ] --START--
INFO: Run Behavior\ReadHtmlCacheBehavior [ RunTime:0.000043s ]
INFO: [ app_begin ] --END-- [ RunTime:0.000078s ]
INFO: [ app_end ] --START--
INFO: Run Behavior\ShowPageTraceBehavior [ RunTime:0.000067s ]
INFO: [ app_end ] --END-- [ RunTime:0.000114s ]

[ 2017-06-06T03:21:06+08:00 ] 159.14.232.34 /index.php/Home/Reviewatt/relistsortbyproid?product_id=5711590213&page=1
INFO: [ app_init ] --START--
INFO: Run Behavior\BuildLiteBehavior [ RunTime:0.000011s ]
INFO: [ app_init ] --END-- [ RunTime:0.000095s ]
INFO: [ app_begin ] --START--
INFO: Run Behavior\ReadHtmlCacheBehavior [ RunTime:0.000043s ]
INFO: [ app_begin ] --END-- [ RunTime:0.000071s ]
SQL: SHOW COLUMNS FROM `reviewatt` [ RunTime:0.0005s ]
SQL: SELECT AVG(rating) AS tp_avg FROM `reviewatt` WHERE `product_id` = '5711590213' AND `isshow` = 1 LIMIT 1   [ RunTime:0.0022s ]
SQL: SELECT COUNT(*) AS tp_count FROM `reviewatt` WHERE `product_id` = '5711590213' AND `isshow` = 1 LIMIT 1   [ RunTime:0.0018s ]
SQL: SELECT * FROM `reviewatt` WHERE `product_id` = '5711590213' AND `isshow` = 1 ORDER BY create_at desc,product_id LIMIT 0,5   [ RunTime:0.0023s ]
INFO: [ app_end ] --START--
INFO: Run Behavior\ShowPageTraceBehavior [ RunTime:0.000058s ]
INFO: [ app_end ] --END-- [ RunTime:0.000085s ]

[ 2017-06-06T03:22:53+08:00 ] 159.14.232.34 /index.php/Home/Reviewatt/relistsortbyproid?product_id=5711590213&page=1
INFO: [ app_init ] --START--
INFO: Run Behavior\BuildLiteBehavior [ RunTime:0.000011s ]
INFO: [ app_init ] --END-- [ RunTime:0.000081s ]
INFO: [ app_begin ] --START--
INFO: Run Behavior\ReadHtmlCacheBehavior [ RunTime:0.000047s ]
INFO: [ app_begin ] --END-- [ RunTime:0.000076s ]
SQL: SHOW COLUMNS FROM `reviewatt` [ RunTime:0.0005s ]
SQL: SELECT AVG(rating) AS tp_avg FROM `reviewatt` WHERE `product_id` = '5711590213' AND `isshow` = 1 LIMIT 1   [ RunTime:0.0001s ]
SQL: SELECT COUNT(*) AS tp_count FROM `reviewatt` WHERE `product_id` = '5711590213' AND `isshow` = 1 LIMIT 1   [ RunTime:0.0001s ]
SQL: SELECT * FROM `reviewatt` WHERE `product_id` = '5711590213' AND `isshow` = 1 ORDER BY create_at desc,product_id LIMIT 0,5   [ RunTime:0.0001s ]
INFO: [ app_end ] --START--
INFO: Run Behavior\ShowPageTraceBehavior [ RunTime:0.000051s ]
INFO: [ app_end ] --END-- [ RunTime:0.000076s ]

[ 2017-06-06T03:37:45+08:00 ] 91.230.47.3 /
INFO: [ app_init ] --START--
INFO: Run Behavior\BuildLiteBehavior [ RunTime:0.000010s ]
INFO: [ app_init ] --END-- [ RunTime:0.000077s ]
INFO: [ app_begin ] --START--
INFO: Run Behavior\ReadHtmlCacheBehavior [ RunTime:0.000042s ]
INFO: [ app_begin ] --END-- [ RunTime:0.000066s ]
INFO: [ app_end ] --START--
INFO: Run Behavior\ShowPageTraceBehavior [ RunTime:0.000094s ]
INFO: [ app_end ] --END-- [ RunTime:0.000155s ]

[ 2017-06-06T04:05:03+08:00 ] 66.249.79.129 /
INFO: [ app_init ] --START--
INFO: Run Behavior\BuildLiteBehavior [ RunTime:0.000009s ]
INFO: [ app_init ] --END-- [ RunTime:0.000076s ]
INFO: [ app_begin ] --START--
INFO: Run Behavior\ReadHtmlCacheBehavior [ RunTime:0.000040s ]
INFO: [ app_begin ] --END-- [ RunTime:0.000066s ]
INFO: [ app_end ] --START--
INFO: Run Behavior\ShowPageTraceBehavior [ RunTime:0.000096s ]
INFO: [ app_end ] --END-- [ RunTime:0.000159s ]

[ 2017-06-06T04:18:35+08:00 ] 94.23.75.60 /
INFO: [ app_init ] --START--
INFO: Run Behavior\BuildLiteBehavior [ RunTime:0.000011s ]
INFO: [ app_init ] --END-- [ RunTime:0.000091s ]
INFO: [ app_begin ] --START--
INFO: Run Behavior\ReadHtmlCacheBehavior [ RunTime:0.000048s ]
INFO: [ app_begin ] --END-- [ RunTime:0.000078s ]
INFO: [ app_end ] --START--
INFO: Run Behavior\ShowPageTraceBehavior [ RunTime:0.000101s ]
INFO: [ app_end ] --END-- [ RunTime:0.000162s ]

[ 2017-06-06T04:38:23+08:00 ] 91.230.47.3 /
INFO: [ app_init ] --START--
INFO: Run Behavior\BuildLiteBehavior [ RunTime:0.000009s ]
INFO: [ app_init ] --END-- [ RunTime:0.000082s ]
INFO: [ app_begin ] --START--
INFO: Run Behavior\ReadHtmlCacheBehavior [ RunTime:0.000042s ]
INFO: [ app_begin ] --END-- [ RunTime:0.000070s ]
INFO: [ app_end ] --START--
INFO: Run Behavior\ShowPageTraceBehavior [ RunTime:0.000065s ]
INFO: [ app_end ] --END-- [ RunTime:0.000111s ]

[ 2017-06-06T05:24:35+08:00 ] 40.77.167.117 /
INFO: [ app_init ] --START--
INFO: Run Behavior\BuildLiteBehavior [ RunTime:0.000009s ]
INFO: [ app_init ] --END-- [ RunTime:0.000081s ]
INFO: [ app_begin ] --START--
INFO: Run Behavior\ReadHtmlCacheBehavior [ RunTime:0.000044s ]
INFO: [ app_begin ] --END-- [ RunTime:0.000072s ]
INFO: [ app_end ] --START--
INFO: Run Behavior\ShowPageTraceBehavior [ RunTime:0.000095s ]
INFO: [ app_end ] --END-- [ RunTime:0.000162s ]

[ 2017-06-06T06:12:52+08:00 ] 71.251.236.160 /index.php/Home/Reviewatt/relistsortbyproid?product_id=3146743941&page=1
INFO: [ app_init ] --START--
INFO: Run Behavior\BuildLiteBehavior [ RunTime:0.000009s ]
INFO: [ app_init ] --END-- [ RunTime:0.000077s ]
INFO: [ app_begin ] --START--
INFO: Run Behavior\ReadHtmlCacheBehavior [ RunTime:0.000042s ]
INFO: [ app_begin ] --END-- [ RunTime:0.000067s ]
SQL: SHOW COLUMNS FROM `reviewatt` [ RunTime:0.0006s ]
SQL: SELECT AVG(rating) AS tp_avg FROM `reviewatt` WHERE `product_id` = '3146743941' AND `isshow` = 1 LIMIT 1   [ RunTime:0.0020s ]
SQL: SELECT COUNT(*) AS tp_count FROM `reviewatt` WHERE `product_id` = '3146743941' AND `isshow` = 1 LIMIT 1   [ RunTime:0.0017s ]
SQL: SELECT * FROM `reviewatt` WHERE `product_id` = '3146743941' AND `isshow` = 1 ORDER BY create_at desc,product_id LIMIT 0,5   [ RunTime:0.0023s ]
INFO: [ app_end ] --START--
INFO: Run Behavior\ShowPageTraceBehavior [ RunTime:0.000050s ]
INFO: [ app_end ] --END-- [ RunTime:0.000079s ]

[ 2017-06-06T06:43:59+08:00 ] 109.153.54.216 /index.php/Home/Reviewatt/relistsortbyproid?product_id=9165441552&page=1
INFO: [ app_init ] --START--
INFO: Run Behavior\BuildLiteBehavior [ RunTime:0.000009s ]
INFO: [ app_init ] --END-- [ RunTime:0.000078s ]
INFO: [ app_begin ] --START--
INFO: Run Behavior\ReadHtmlCacheBehavior [ RunTime:0.000045s ]
INFO: [ app_begin ] --END-- [ RunTime:0.000073s ]
SQL: SHOW COLUMNS FROM `reviewatt` [ RunTime:0.0006s ]
SQL: SELECT AVG(rating) AS tp_avg FROM `reviewatt` WHERE `product_id` = '9165441552' AND `isshow` = 1 LIMIT 1   [ RunTime:0.0020s ]
SQL: SELECT COUNT(*) AS tp_count FROM `reviewatt` WHERE `product_id` = '9165441552' AND `isshow` = 1 LIMIT 1   [ RunTime:0.0017s ]
SQL: SELECT * FROM `reviewatt` WHERE `product_id` = '9165441552' AND `isshow` = 1 ORDER BY create_at desc,product_id LIMIT 0,5   [ RunTime:0.0023s ]
INFO: [ app_end ] --START--
INFO: Run Behavior\ShowPageTraceBehavior [ RunTime:0.000052s ]
INFO: [ app_end ] --END-- [ RunTime:0.000079s ]

[ 2017-06-06T07:11:49+08:00 ] 91.230.47.3 /
INFO: [ app_init ] --START--
INFO: Run Behavior\BuildLiteBehavior [ RunTime:0.000009s ]
INFO: [ app_init ] --END-- [ RunTime:0.000075s ]
INFO: [ app_begin ] --START--
INFO: Run Behavior\ReadHtmlCacheBehavior [ RunTime:0.000042s ]
INFO: [ app_begin ] --END-- [ RunTime:0.000066s ]
INFO: [ app_end ] --START--
INFO: Run Behavior\ShowPageTraceBehavior [ RunTime:0.000094s ]
INFO: [ app_end ] --END-- [ RunTime:0.000154s ]

[ 2017-06-06T07:26:34+08:00 ] 66.249.79.132 /index.php/Home/Reviewatt/relistsortbyproid?product_id=2222620549&page=1
INFO: [ app_init ] --START--
INFO: Run Behavior\BuildLiteBehavior [ RunTime:0.000012s ]
INFO: [ app_init ] --END-- [ RunTime:0.000102s ]
INFO: [ app_begin ] --START--
INFO: Run Behavior\ReadHtmlCacheBehavior [ RunTime:0.000042s ]
INFO: [ app_begin ] --END-- [ RunTime:0.000067s ]
SQL: SHOW COLUMNS FROM `reviewatt` [ RunTime:0.0017s ]
SQL: SELECT AVG(rating) AS tp_avg FROM `reviewatt` WHERE `product_id` = '2222620549' AND `isshow` = 1 LIMIT 1   [ RunTime:0.0021s ]
SQL: SELECT COUNT(*) AS tp_count FROM `reviewatt` WHERE `product_id` = '2222620549' AND `isshow` = 1 LIMIT 1   [ RunTime:0.0019s ]
SQL: SELECT * FROM `reviewatt` WHERE `product_id` = '2222620549' AND `isshow` = 1 ORDER BY create_at desc,product_id LIMIT 0,5   [ RunTime:0.0023s ]
INFO: [ app_end ] --START--
INFO: Run Behavior\ShowPageTraceBehavior [ RunTime:0.000051s ]
INFO: [ app_end ] --END-- [ RunTime:0.000076s ]

[ 2017-06-06T07:28:06+08:00 ] 72.76.131.61 /index.php/Home/Reviewatt/relistsortbyproid?product_id=2938137477&page=1
INFO: [ app_init ] --START--
INFO: Run Behavior\BuildLiteBehavior [ RunTime:0.000011s ]
INFO: [ app_init ] --END-- [ RunTime:0.000097s ]
INFO: [ app_begin ] --START--
INFO: Run Behavior\ReadHtmlCacheBehavior [ RunTime:0.000044s ]
INFO: [ app_begin ] --END-- [ RunTime:0.000072s ]
SQL: SHOW COLUMNS FROM `reviewatt` [ RunTime:0.0006s ]
SQL: SELECT AVG(rating) AS tp_avg FROM `reviewatt` WHERE `product_id` = '2938137477' AND `isshow` = 1 LIMIT 1   [ RunTime:0.0021s ]
SQL: SELECT COUNT(*) AS tp_count FROM `reviewatt` WHERE `product_id` = '2938137477' AND `isshow` = 1 LIMIT 1   [ RunTime:0.0019s ]
SQL: SELECT * FROM `reviewatt` WHERE `product_id` = '2938137477' AND `isshow` = 1 ORDER BY create_at desc,product_id LIMIT 0,5   [ RunTime:0.0024s ]
INFO: [ app_end ] --START--
INFO: Run Behavior\ShowPageTraceBehavior [ RunTime:0.000055s ]
INFO: [ app_end ] --END-- [ RunTime:0.000085s ]

[ 2017-06-06T07:50:03+08:00 ] 71.49.230.206 /index.php/Home/Reviewatt/relistsortbyproid?product_id=8636812560&page=1
INFO: [ app_init ] --START--
INFO: Run Behavior\BuildLiteBehavior [ RunTime:0.000014s ]
INFO: [ app_init ] --END-- [ RunTime:0.000094s ]
INFO: [ app_begin ] --START--
INFO: Run Behavior\ReadHtmlCacheBehavior [ RunTime:0.000054s ]
INFO: [ app_begin ] --END-- [ RunTime:0.000087s ]
SQL: SHOW COLUMNS FROM `reviewatt` [ RunTime:0.0005s ]
SQL: SELECT AVG(rating) AS tp_avg FROM `reviewatt` WHERE `product_id` = '8636812560' AND `isshow` = 1 LIMIT 1   [ RunTime:0.0020s ]
SQL: SELECT COUNT(*) AS tp_count FROM `reviewatt` WHERE `product_id` = '8636812560' AND `isshow` = 1 LIMIT 1   [ RunTime:0.0017s ]
SQL: SELECT * FROM `reviewatt` WHERE `product_id` = '8636812560' AND `isshow` = 1 ORDER BY create_at desc,product_id LIMIT 0,5   [ RunTime:0.0023s ]
INFO: [ app_end ] --START--
INFO: Run Behavior\ShowPageTraceBehavior [ RunTime:0.000055s ]
INFO: [ app_end ] --END-- [ RunTime:0.000090s ]

[ 2017-06-06T08:07:36+08:00 ] 66.249.79.136 /index.php/Home/Reviewatt/relistsortbyproid?product_id=2203974853&page=1
INFO: [ app_init ] --START--
INFO: Run Behavior\BuildLiteBehavior [ RunTime:0.000009s ]
INFO: [ app_init ] --END-- [ RunTime:0.000076s ]
INFO: [ app_begin ] --START--
INFO: Run Behavior\ReadHtmlCacheBehavior [ RunTime:0.000056s ]
INFO: [ app_begin ] --END-- [ RunTime:0.000083s ]
SQL: SHOW COLUMNS FROM `reviewatt` [ RunTime:0.0005s ]
SQL: SELECT AVG(rating) AS tp_avg FROM `reviewatt` WHERE `product_id` = '2203974853' AND `isshow` = 1 LIMIT 1   [ RunTime:0.0020s ]
SQL: SELECT COUNT(*) AS tp_count FROM `reviewatt` WHERE `product_id` = '2203974853' AND `isshow` = 1 LIMIT 1   [ RunTime:0.0018s ]
SQL: SELECT * FROM `reviewatt` WHERE `product_id` = '2203974853' AND `isshow` = 1 ORDER BY create_at desc,product_id LIMIT 0,5   [ RunTime:0.0021s ]
INFO: [ app_end ] --START--
INFO: Run Behavior\ShowPageTraceBehavior [ RunTime:0.000065s ]
INFO: [ app_end ] --END-- [ RunTime:0.000111s ]

[ 2017-06-06T08:14:03+08:00 ] 91.230.47.3 /
INFO: [ app_init ] --START--
INFO: Run Behavior\BuildLiteBehavior [ RunTime:0.000010s ]
INFO: [ app_init ] --END-- [ RunTime:0.000083s ]
INFO: [ app_begin ] --START--
INFO: Run Behavior\ReadHtmlCacheBehavior [ RunTime:0.000041s ]
INFO: [ app_begin ] --END-- [ RunTime:0.000066s ]
INFO: [ app_end ] --START--
INFO: Run Behavior\ShowPageTraceBehavior [ RunTime:0.000087s ]
INFO: [ app_end ] --END-- [ RunTime:0.000141s ]

[ 2017-06-06T08:29:00+08:00 ] 101.226.51.226 /
INFO: [ app_init ] --START--
INFO: Run Behavior\BuildLiteBehavior [ RunTime:0.000011s ]
INFO: [ app_init ] --END-- [ RunTime:0.000108s ]
INFO: [ app_begin ] --START--
INFO: Run Behavior\ReadHtmlCacheBehavior [ RunTime:0.000043s ]
INFO: [ app_begin ] --END-- [ RunTime:0.000069s ]
INFO: [ app_end ] --START--
INFO: Run Behavior\ShowPageTraceBehavior [ RunTime:0.000087s ]
INFO: [ app_end ] --END-- [ RunTime:0.000148s ]

[ 2017-06-06T08:34:09+08:00 ] 71.49.230.206 /index.php/Home/Reviewatt/relistsortbyproid?product_id=8636812560&page=1
INFO: [ app_init ] --START--
INFO: Run Behavior\BuildLiteBehavior [ RunTime:0.000009s ]
INFO: [ app_init ] --END-- [ RunTime:0.000076s ]
INFO: [ app_begin ] --START--
INFO: Run Behavior\ReadHtmlCacheBehavior [ RunTime:0.000044s ]
INFO: [ app_begin ] --END-- [ RunTime:0.000076s ]
SQL: SHOW COLUMNS FROM `reviewatt` [ RunTime:0.0006s ]
SQL: SELECT AVG(rating) AS tp_avg FROM `reviewatt` WHERE `product_id` = '8636812560' AND `isshow` = 1 LIMIT 1   [ RunTime:0.0001s ]
SQL: SELECT COUNT(*) AS tp_count FROM `reviewatt` WHERE `product_id` = '8636812560' AND `isshow` = 1 LIMIT 1   [ RunTime:0.0000s ]
SQL: SELECT * FROM `reviewatt` WHERE `product_id` = '8636812560' AND `isshow` = 1 ORDER BY create_at desc,product_id LIMIT 0,5   [ RunTime:0.0001s ]
INFO: [ app_end ] --START--
INFO: Run Behavior\ShowPageTraceBehavior [ RunTime:0.000064s ]
INFO: [ app_end ] --END-- [ RunTime:0.000094s ]

[ 2017-06-06T08:37:41+08:00 ] 99.229.232.66 /index.php/Home/Reviewatt/relistsortbyproid?product_id=3200918533&page=1
INFO: [ app_init ] --START--
INFO: Run Behavior\BuildLiteBehavior [ RunTime:0.000009s ]
INFO: [ app_init ] --END-- [ RunTime:0.000078s ]
INFO: [ app_begin ] --START--
INFO: Run Behavior\ReadHtmlCacheBehavior [ RunTime:0.000050s ]
INFO: [ app_begin ] --END-- [ RunTime:0.000099s ]
SQL: SHOW COLUMNS FROM `reviewatt` [ RunTime:0.0005s ]
SQL: SELECT AVG(rating) AS tp_avg FROM `reviewatt` WHERE `product_id` = '3200918533' AND `isshow` = 1 LIMIT 1   [ RunTime:0.0020s ]
SQL: SELECT COUNT(*) AS tp_count FROM `reviewatt` WHERE `product_id` = '3200918533' AND `isshow` = 1 LIMIT 1   [ RunTime:0.0018s ]
SQL: SELECT * FROM `reviewatt` WHERE `product_id` = '3200918533' AND `isshow` = 1 ORDER BY create_at desc,product_id LIMIT 0,5   [ RunTime:0.0023s ]
INFO: [ app_end ] --START--
INFO: Run Behavior\ShowPageTraceBehavior [ RunTime:0.000058s ]
INFO: [ app_end ] --END-- [ RunTime:0.000085s ]

[ 2017-06-06T08:38:48+08:00 ] 99.229.232.66 /index.php/Home/Reviewatt/relistsortbyproid?product_id=5493305541&page=1
INFO: [ app_init ] --START--
INFO: Run Behavior\BuildLiteBehavior [ RunTime:0.000013s ]
INFO: [ app_init ] --END-- [ RunTime:0.000103s ]
INFO: [ app_begin ] --START--
INFO: Run Behavior\ReadHtmlCacheBehavior [ RunTime:0.000056s ]
INFO: [ app_begin ] --END-- [ RunTime:0.000116s ]
SQL: SHOW COLUMNS FROM `reviewatt` [ RunTime:0.0007s ]
SQL: SELECT AVG(rating) AS tp_avg FROM `reviewatt` WHERE `product_id` = '5493305541' AND `isshow` = 1 LIMIT 1   [ RunTime:0.0036s ]
SQL: SELECT COUNT(*) AS tp_count FROM `reviewatt` WHERE `product_id` = '5493305541' AND `isshow` = 1 LIMIT 1   [ RunTime:0.0017s ]
SQL: SELECT * FROM `reviewatt` WHERE `product_id` = '5493305541' AND `isshow` = 1 ORDER BY create_at desc,product_id LIMIT 0,5   [ RunTime:0.0021s ]
INFO: [ app_end ] --START--
INFO: Run Behavior\ShowPageTraceBehavior [ RunTime:0.000064s ]
INFO: [ app_end ] --END-- [ RunTime:0.000090s ]

[ 2017-06-06T08:47:46+08:00 ] 42.156.251.185 /
INFO: [ app_init ] --START--
INFO: Run Behavior\BuildLiteBehavior [ RunTime:0.000010s ]
INFO: [ app_init ] --END-- [ RunTime:0.000073s ]
INFO: [ app_begin ] --START--
INFO: Run Behavior\ReadHtmlCacheBehavior [ RunTime:0.000041s ]
INFO: [ app_begin ] --END-- [ RunTime:0.000067s ]
INFO: [ app_end ] --START--
INFO: Run Behavior\ShowPageTraceBehavior [ RunTime:0.000088s ]
INFO: [ app_end ] --END-- [ RunTime:0.000149s ]

[ 2017-06-06T08:48:07+08:00 ] 42.156.251.185 /
INFO: [ app_init ] --START--
INFO: Run Behavior\BuildLiteBehavior [ RunTime:0.000009s ]
INFO: [ app_init ] --END-- [ RunTime:0.000069s ]
INFO: [ app_begin ] --START--
INFO: Run Behavior\ReadHtmlCacheBehavior [ RunTime:0.000040s ]
INFO: [ app_begin ] --END-- [ RunTime:0.000064s ]
INFO: [ app_end ] --START--
INFO: Run Behavior\ShowPageTraceBehavior [ RunTime:0.000106s ]
INFO: [ app_end ] --END-- [ RunTime:0.000177s ]

[ 2017-06-06T09:28:35+08:00 ] 173.254.242.195 /index.php/Home/Reviewatt/relistsortbyproid?product_id=3386993477&page=1
INFO: [ app_init ] --START--
INFO: Run Behavior\BuildLiteBehavior [ RunTime:0.000010s ]
INFO: [ app_init ] --END-- [ RunTime:0.000078s ]
INFO: [ app_begin ] --START--
INFO: Run Behavior\ReadHtmlCacheBehavior [ RunTime:0.000042s ]
INFO: [ app_begin ] --END-- [ RunTime:0.000069s ]
SQL: SHOW COLUMNS FROM `reviewatt` [ RunTime:0.0006s ]
SQL: SELECT AVG(rating) AS tp_avg FROM `reviewatt` WHERE `product_id` = '3386993477' AND `isshow` = 1 LIMIT 1   [ RunTime:0.0020s ]
SQL: SELECT COUNT(*) AS tp_count FROM `reviewatt` WHERE `product_id` = '3386993477' AND `isshow` = 1 LIMIT 1   [ RunTime:0.0017s ]
SQL: SELECT * FROM `reviewatt` WHERE `product_id` = '3386993477' AND `isshow` = 1 ORDER BY create_at desc,product_id LIMIT 0,5   [ RunTime:0.0022s ]
INFO: [ app_end ] --START--
INFO: Run Behavior\ShowPageTraceBehavior [ RunTime:0.000058s ]
INFO: [ app_end ] --END-- [ RunTime:0.000083s ]

[ 2017-06-06T09:31:13+08:00 ] 173.254.242.195 /index.php/Home/Reviewatt/relistsortbyproid?product_id=3650683845&page=1
INFO: [ app_init ] --START--
INFO: Run Behavior\BuildLiteBehavior [ RunTime:0.000009s ]
INFO: [ app_init ] --END-- [ RunTime:0.000075s ]
INFO: [ app_begin ] --START--
INFO: Run Behavior\ReadHtmlCacheBehavior [ RunTime:0.000044s ]
INFO: [ app_begin ] --END-- [ RunTime:0.000072s ]
SQL: SHOW COLUMNS FROM `reviewatt` [ RunTime:0.0005s ]
SQL: SELECT AVG(rating) AS tp_avg FROM `reviewatt` WHERE `product_id` = '3650683845' AND `isshow` = 1 LIMIT 1   [ RunTime:0.0019s ]
SQL: SELECT COUNT(*) AS tp_count FROM `reviewatt` WHERE `product_id` = '3650683845' AND `isshow` = 1 LIMIT 1   [ RunTime:0.0018s ]
SQL: SELECT * FROM `reviewatt` WHERE `product_id` = '3650683845' AND `isshow` = 1 ORDER BY create_at desc,product_id LIMIT 0,5   [ RunTime:0.0025s ]
INFO: [ app_end ] --START--
INFO: Run Behavior\ShowPageTraceBehavior [ RunTime:0.000049s ]
INFO: [ app_end ] --END-- [ RunTime:0.000079s ]

[ 2017-06-06T09:32:49+08:00 ] 173.254.242.195 /index.php/Home/Reviewatt/relistsortbyproid?product_id=2405671173&page=1
INFO: [ app_init ] --START--
INFO: Run Behavior\BuildLiteBehavior [ RunTime:0.000010s ]
INFO: [ app_init ] --END-- [ RunTime:0.000080s ]
INFO: [ app_begin ] --START--
INFO: Run Behavior\ReadHtmlCacheBehavior [ RunTime:0.000044s ]
INFO: [ app_begin ] --END-- [ RunTime:0.000072s ]
SQL: SHOW COLUMNS FROM `reviewatt` [ RunTime:0.0005s ]
SQL: SELECT AVG(rating) AS tp_avg FROM `reviewatt` WHERE `product_id` = '2405671173' AND `isshow` = 1 LIMIT 1   [ RunTime:0.0020s ]
SQL: SELECT COUNT(*) AS tp_count FROM `reviewatt` WHERE `product_id` = '2405671173' AND `isshow` = 1 LIMIT 1   [ RunTime:0.0019s ]
SQL: SELECT * FROM `reviewatt` WHERE `product_id` = '2405671173' AND `isshow` = 1 ORDER BY create_at desc,product_id LIMIT 0,5   [ RunTime:0.0023s ]
INFO: [ app_end ] --START--
INFO: Run Behavior\ShowPageTraceBehavior [ RunTime:0.000068s ]
INFO: [ app_end ] --END-- [ RunTime:0.000106s ]

[ 2017-06-06T09:32:55+08:00 ] 173.254.242.195 /index.php/Home/Reviewatt/relistsortbyproid?product_id=3650683845&page=1
INFO: [ app_init ] --START--
INFO: Run Behavior\BuildLiteBehavior [ RunTime:0.000009s ]
INFO: [ app_init ] --END-- [ RunTime:0.000070s ]
INFO: [ app_begin ] --START--
INFO: Run Behavior\ReadHtmlCacheBehavior [ RunTime:0.000044s ]
INFO: [ app_begin ] --END-- [ RunTime:0.000071s ]
SQL: SHOW COLUMNS FROM `reviewatt` [ RunTime:0.0005s ]
SQL: SELECT AVG(rating) AS tp_avg FROM `reviewatt` WHERE `product_id` = '3650683845' AND `isshow` = 1 LIMIT 1   [ RunTime:0.0001s ]
SQL: SELECT COUNT(*) AS tp_count FROM `reviewatt` WHERE `product_id` = '3650683845' AND `isshow` = 1 LIMIT 1   [ RunTime:0.0001s ]
SQL: SELECT * FROM `reviewatt` WHERE `product_id` = '3650683845' AND `isshow` = 1 ORDER BY create_at desc,product_id LIMIT 0,5   [ RunTime:0.0001s ]
INFO: [ app_end ] --START--
INFO: Run Behavior\ShowPageTraceBehavior [ RunTime:0.000080s ]
INFO: [ app_end ] --END-- [ RunTime:0.000122s ]

[ 2017-06-06T10:04:19+08:00 ] 173.254.242.195 /index.php/Home/Reviewatt/relistsortbyproid?product_id=9469959568&page=1
INFO: [ app_init ] --START--
INFO: Run Behavior\BuildLiteBehavior [ RunTime:0.000010s ]
INFO: [ app_init ] --END-- [ RunTime:0.000077s ]
INFO: [ app_begin ] --START--
INFO: Run Behavior\ReadHtmlCacheBehavior [ RunTime:0.000051s ]
INFO: [ app_begin ] --END-- [ RunTime:0.000085s ]
SQL: SHOW COLUMNS FROM `reviewatt` [ RunTime:0.0006s ]
SQL: SELECT AVG(rating) AS tp_avg FROM `reviewatt` WHERE `product_id` = '9469959568' AND `isshow` = 1 LIMIT 1   [ RunTime:0.0019s ]
SQL: SELECT COUNT(*) AS tp_count FROM `reviewatt` WHERE `product_id` = '9469959568' AND `isshow` = 1 LIMIT 1   [ RunTime:0.0017s ]
SQL: SELECT * FROM `reviewatt` WHERE `product_id` = '9469959568' AND `isshow` = 1 ORDER BY create_at desc,product_id LIMIT 0,5   [ RunTime:0.0022s ]
INFO: [ app_end ] --START--
INFO: Run Behavior\ShowPageTraceBehavior [ RunTime:0.000053s ]
INFO: [ app_end ] --END-- [ RunTime:0.000079s ]

[ 2017-06-06T10:05:04+08:00 ] 192.182.85.203 /index.php/Home/Reviewatt/relistsortbyproid?product_id=2202458757&page=1
INFO: [ app_init ] --START--
INFO: Run Behavior\BuildLiteBehavior [ RunTime:0.000013s ]
INFO: [ app_init ] --END-- [ RunTime:0.000101s ]
INFO: [ app_begin ] --START--
INFO: Run Behavior\ReadHtmlCacheBehavior [ RunTime:0.000046s ]
INFO: [ app_begin ] --END-- [ RunTime:0.000073s ]
SQL: SHOW COLUMNS FROM `reviewatt` [ RunTime:0.0006s ]
SQL: SELECT AVG(rating) AS tp_avg FROM `reviewatt` WHERE `product_id` = '2202458757' AND `isshow` = 1 LIMIT 1   [ RunTime:0.0022s ]
SQL: SELECT COUNT(*) AS tp_count FROM `reviewatt` WHERE `product_id` = '2202458757' AND `isshow` = 1 LIMIT 1   [ RunTime:0.0019s ]
SQL: SELECT * FROM `reviewatt` WHERE `product_id` = '2202458757' AND `isshow` = 1 ORDER BY create_at desc,product_id LIMIT 0,5   [ RunTime:0.0024s ]
INFO: [ app_end ] --START--
INFO: Run Behavior\ShowPageTraceBehavior [ RunTime:0.000068s ]
INFO: [ app_end ] --END-- [ RunTime:0.000106s ]

[ 2017-06-06T10:05:48+08:00 ] 192.182.85.203 /index.php/Home/Reviewatt/relistsortbyproid?product_id=2938137477&page=1
INFO: [ app_init ] --START--
INFO: Run Behavior\BuildLiteBehavior [ RunTime:0.000010s ]
INFO: [ app_init ] --END-- [ RunTime:0.000093s ]
INFO: [ app_begin ] --START--
INFO: Run Behavior\ReadHtmlCacheBehavior [ RunTime:0.000050s ]
INFO: [ app_begin ] --END-- [ RunTime:0.000092s ]
SQL: SHOW COLUMNS FROM `reviewatt` [ RunTime:0.0006s ]
SQL: SELECT AVG(rating) AS tp_avg FROM `reviewatt` WHERE `product_id` = '2938137477' AND `isshow` = 1 LIMIT 1   [ RunTime:0.0021s ]
SQL: SELECT COUNT(*) AS tp_count FROM `reviewatt` WHERE `product_id` = '2938137477' AND `isshow` = 1 LIMIT 1   [ RunTime:0.0017s ]
SQL: SELECT * FROM `reviewatt` WHERE `product_id` = '2938137477' AND `isshow` = 1 ORDER BY create_at desc,product_id LIMIT 0,5   [ RunTime:0.0024s ]
INFO: [ app_end ] --START--
INFO: Run Behavior\ShowPageTraceBehavior [ RunTime:0.000051s ]
INFO: [ app_end ] --END-- [ RunTime:0.000081s ]

[ 2017-06-06T10:12:50+08:00 ] 99.230.218.234 /index.php/Home/Reviewatt/relistsortbyproid?product_id=2267471429&page=1
INFO: [ app_init ] --START--
INFO: Run Behavior\BuildLiteBehavior [ RunTime:0.000010s ]
INFO: [ app_init ] --END-- [ RunTime:0.000079s ]
INFO: [ app_begin ] --START--
INFO: Run Behavior\ReadHtmlCacheBehavior [ RunTime:0.000044s ]
INFO: [ app_begin ] --END-- [ RunTime:0.000070s ]
SQL: SHOW COLUMNS FROM `reviewatt` [ RunTime:0.0006s ]
SQL: SELECT AVG(rating) AS tp_avg FROM `reviewatt` WHERE `product_id` = '2267471429' AND `isshow` = 1 LIMIT 1   [ RunTime:0.0021s ]
SQL: SELECT COUNT(*) AS tp_count FROM `reviewatt` WHERE `product_id` = '2267471429' AND `isshow` = 1 LIMIT 1   [ RunTime:0.0017s ]
SQL: SELECT * FROM `reviewatt` WHERE `product_id` = '2267471429' AND `isshow` = 1 ORDER BY create_at desc,product_id LIMIT 0,5   [ RunTime:0.0022s ]
INFO: [ app_end ] --START--
INFO: Run Behavior\ShowPageTraceBehavior [ RunTime:0.000051s ]
INFO: [ app_end ] --END-- [ RunTime:0.000076s ]

[ 2017-06-06T10:37:41+08:00 ] 91.230.47.3 /
INFO: [ app_init ] --START--
INFO: Run Behavior\BuildLiteBehavior [ RunTime:0.000009s ]
INFO: [ app_init ] --END-- [ RunTime:0.000091s ]
INFO: [ app_begin ] --START--
INFO: Run Behavior\ReadHtmlCacheBehavior [ RunTime:0.000044s ]
INFO: [ app_begin ] --END-- [ RunTime:0.000070s ]
INFO: [ app_end ] --START--
INFO: Run Behavior\ShowPageTraceBehavior [ RunTime:0.000080s ]
INFO: [ app_end ] --END-- [ RunTime:0.000141s ]

[ 2017-06-06T10:50:28+08:00 ] 24.107.217.160 /index.php/Home/Reviewatt/relistsortbyproid?product_id=5626539845&page=1
INFO: [ app_init ] --START--
INFO: Run Behavior\BuildLiteBehavior [ RunTime:0.000011s ]
INFO: [ app_init ] --END-- [ RunTime:0.000087s ]
INFO: [ app_begin ] --START--
INFO: Run Behavior\ReadHtmlCacheBehavior [ RunTime:0.000054s ]
INFO: [ app_begin ] --END-- [ RunTime:0.000082s ]
SQL: SHOW COLUMNS FROM `reviewatt` [ RunTime:0.0006s ]
SQL: SELECT AVG(rating) AS tp_avg FROM `reviewatt` WHERE `product_id` = '5626539845' AND `isshow` = 1 LIMIT 1   [ RunTime:0.0019s ]
SQL: SELECT COUNT(*) AS tp_count FROM `reviewatt` WHERE `product_id` = '5626539845' AND `isshow` = 1 LIMIT 1   [ RunTime:0.0017s ]
SQL: SELECT * FROM `reviewatt` WHERE `product_id` = '5626539845' AND `isshow` = 1 ORDER BY create_at desc,product_id LIMIT 0,5   [ RunTime:0.0022s ]
INFO: [ app_end ] --START--
INFO: Run Behavior\ShowPageTraceBehavior [ RunTime:0.000088s ]
INFO: [ app_end ] --END-- [ RunTime:0.000117s ]

[ 2017-06-06T11:06:12+08:00 ] 208.54.44.166 /index.php/Home/Reviewatt/relistsortbyproid?product_id=9184510736&page=1
INFO: [ app_init ] --START--
INFO: Run Behavior\BuildLiteBehavior [ RunTime:0.000010s ]
INFO: [ app_init ] --END-- [ RunTime:0.000076s ]
INFO: [ app_begin ] --START--
INFO: Run Behavior\ReadHtmlCacheBehavior [ RunTime:0.000042s ]
INFO: [ app_begin ] --END-- [ RunTime:0.000068s ]
SQL: SHOW COLUMNS FROM `reviewatt` [ RunTime:0.0006s ]
SQL: SELECT AVG(rating) AS tp_avg FROM `reviewatt` WHERE `product_id` = '9184510736' AND `isshow` = 1 LIMIT 1   [ RunTime:0.0019s ]
SQL: SELECT COUNT(*) AS tp_count FROM `reviewatt` WHERE `product_id` = '9184510736' AND `isshow` = 1 LIMIT 1   [ RunTime:0.0018s ]
SQL: SELECT * FROM `reviewatt` WHERE `product_id` = '9184510736' AND `isshow` = 1 ORDER BY create_at desc,product_id LIMIT 0,5   [ RunTime:0.0024s ]
INFO: [ app_end ] --START--
INFO: Run Behavior\ShowPageTraceBehavior [ RunTime:0.000049s ]
INFO: [ app_end ] --END-- [ RunTime:0.000073s ]

[ 2017-06-06T11:38:07+08:00 ] 62.212.73.211 /
INFO: [ app_init ] --START--
INFO: Run Behavior\BuildLiteBehavior [ RunTime:0.000013s ]
INFO: [ app_init ] --END-- [ RunTime:0.000141s ]
INFO: [ app_begin ] --START--
INFO: Run Behavior\ReadHtmlCacheBehavior [ RunTime:0.000063s ]
INFO: [ app_begin ] --END-- [ RunTime:0.000097s ]
INFO: [ app_end ] --START--
INFO: Run Behavior\ShowPageTraceBehavior [ RunTime:0.000073s ]
INFO: [ app_end ] --END-- [ RunTime:0.000115s ]

[ 2017-06-06T11:38:18+08:00 ] 91.230.47.3 /
INFO: [ app_init ] --START--
INFO: Run Behavior\BuildLiteBehavior [ RunTime:0.000018s ]
INFO: [ app_init ] --END-- [ RunTime:0.000087s ]
INFO: [ app_begin ] --START--
INFO: Run Behavior\ReadHtmlCacheBehavior [ RunTime:0.000043s ]
INFO: [ app_begin ] --END-- [ RunTime:0.000067s ]
INFO: [ app_end ] --START--
INFO: Run Behavior\ShowPageTraceBehavior [ RunTime:0.000088s ]
INFO: [ app_end ] --END-- [ RunTime:0.000147s ]

[ 2017-06-06T11:39:12+08:00 ] 66.249.79.129 /
INFO: [ app_init ] --START--
INFO: Run Behavior\BuildLiteBehavior [ RunTime:0.000016s ]
INFO: [ app_init ] --END-- [ RunTime:0.000107s ]
INFO: [ app_begin ] --START--
INFO: Run Behavior\ReadHtmlCacheBehavior [ RunTime:0.000071s ]
INFO: [ app_begin ] --END-- [ RunTime:0.000101s ]
INFO: [ app_end ] --START--
INFO: Run Behavior\ShowPageTraceBehavior [ RunTime:0.000104s ]
INFO: [ app_end ] --END-- [ RunTime:0.000169s ]

[ 2017-06-06T12:07:33+08:00 ] 157.55.39.197 /
INFO: [ app_init ] --START--
INFO: Run Behavior\BuildLiteBehavior [ RunTime:0.000009s ]
INFO: [ app_init ] --END-- [ RunTime:0.000079s ]
INFO: [ app_begin ] --START--
INFO: Run Behavior\ReadHtmlCacheBehavior [ RunTime:0.000048s ]
INFO: [ app_begin ] --END-- [ RunTime:0.000075s ]
INFO: [ app_end ] --START--
INFO: Run Behavior\ShowPageTraceBehavior [ RunTime:0.000092s ]
INFO: [ app_end ] --END-- [ RunTime:0.000151s ]

[ 2017-06-06T12:30:59+08:00 ] 99.228.46.118 /index.php/Home/Reviewatt/relistsortbyproid?product_id=8897054160&page=1
INFO: [ app_init ] --START--
INFO: Run Behavior\BuildLiteBehavior [ RunTime:0.000013s ]
INFO: [ app_init ] --END-- [ RunTime:0.000098s ]
INFO: [ app_begin ] --START--
INFO: Run Behavior\ReadHtmlCacheBehavior [ RunTime:0.000046s ]
INFO: [ app_begin ] --END-- [ RunTime:0.000074s ]
SQL: SHOW COLUMNS FROM `reviewatt` [ RunTime:0.0006s ]
SQL: SELECT AVG(rating) AS tp_avg FROM `reviewatt` WHERE `product_id` = '8897054160' AND `isshow` = 1 LIMIT 1   [ RunTime:0.0021s ]
SQL: SELECT COUNT(*) AS tp_count FROM `reviewatt` WHERE `product_id` = '8897054160' AND `isshow` = 1 LIMIT 1   [ RunTime:0.0018s ]
SQL: SELECT * FROM `reviewatt` WHERE `product_id` = '8897054160' AND `isshow` = 1 ORDER BY create_at desc,product_id LIMIT 0,5   [ RunTime:0.0023s ]
INFO: [ app_end ] --START--
INFO: Run Behavior\ShowPageTraceBehavior [ RunTime:0.000075s ]
INFO: [ app_end ] --END-- [ RunTime:0.000116s ]

[ 2017-06-06T13:40:07+08:00 ] 47.37.151.89 /index.php/Home/Reviewatt/relistsortbyproid?product_id=2698045509&page=1
INFO: [ app_init ] --START--
INFO: Run Behavior\BuildLiteBehavior [ RunTime:0.000011s ]
INFO: [ app_init ] --END-- [ RunTime:0.000218s ]
INFO: [ app_begin ] --START--
INFO: Run Behavior\ReadHtmlCacheBehavior [ RunTime:0.000055s ]
INFO: [ app_begin ] --END-- [ RunTime:0.000089s ]
SQL: SHOW COLUMNS FROM `reviewatt` [ RunTime:0.0009s ]
SQL: SELECT AVG(rating) AS tp_avg FROM `reviewatt` WHERE `product_id` = '2698045509' AND `isshow` = 1 LIMIT 1   [ RunTime:0.0020s ]
SQL: SELECT COUNT(*) AS tp_count FROM `reviewatt` WHERE `product_id` = '2698045509' AND `isshow` = 1 LIMIT 1   [ RunTime:0.0018s ]
SQL: SELECT * FROM `reviewatt` WHERE `product_id` = '2698045509' AND `isshow` = 1 ORDER BY create_at desc,product_id LIMIT 0,5   [ RunTime:0.0024s ]
INFO: [ app_end ] --START--
INFO: Run Behavior\ShowPageTraceBehavior [ RunTime:0.000087s ]
INFO: [ app_end ] --END-- [ RunTime:0.000132s ]

[ 2017-06-06T13:43:27+08:00 ] 47.37.151.89 /index.php/Home/Reviewatt/relistsortbyproid?product_id=2698045509&page=1
INFO: [ app_init ] --START--
INFO: Run Behavior\BuildLiteBehavior [ RunTime:0.000010s ]
INFO: [ app_init ] --END-- [ RunTime:0.000080s ]
INFO: [ app_begin ] --START--
INFO: Run Behavior\ReadHtmlCacheBehavior [ RunTime:0.000043s ]
INFO: [ app_begin ] --END-- [ RunTime:0.000070s ]
SQL: SHOW COLUMNS FROM `reviewatt` [ RunTime:0.0006s ]
SQL: SELECT AVG(rating) AS tp_avg FROM `reviewatt` WHERE `product_id` = '2698045509' AND `isshow` = 1 LIMIT 1   [ RunTime:0.0001s ]
SQL: SELECT COUNT(*) AS tp_count FROM `reviewatt` WHERE `product_id` = '2698045509' AND `isshow` = 1 LIMIT 1   [ RunTime:0.0001s ]
SQL: SELECT * FROM `reviewatt` WHERE `product_id` = '2698045509' AND `isshow` = 1 ORDER BY create_at desc,product_id LIMIT 0,5   [ RunTime:0.0001s ]
INFO: [ app_end ] --START--
INFO: Run Behavior\ShowPageTraceBehavior [ RunTime:0.000052s ]
INFO: [ app_end ] --END-- [ RunTime:0.000082s ]

[ 2017-06-06T14:04:54+08:00 ] 91.230.47.3 /
INFO: [ app_init ] --START--
INFO: Run Behavior\BuildLiteBehavior [ RunTime:0.000009s ]
INFO: [ app_init ] --END-- [ RunTime:0.000080s ]
INFO: [ app_begin ] --START--
INFO: Run Behavior\ReadHtmlCacheBehavior [ RunTime:0.000042s ]
INFO: [ app_begin ] --END-- [ RunTime:0.000067s ]
INFO: [ app_end ] --START--
INFO: Run Behavior\ShowPageTraceBehavior [ RunTime:0.000115s ]
INFO: [ app_end ] --END-- [ RunTime:0.000181s ]

[ 2017-06-06T14:16:16+08:00 ] 173.82.156.20 /index.php/Home/Reviewatt/relistsortbyproid?product_id=2333525829&page=1
INFO: [ app_init ] --START--
INFO: Run Behavior\BuildLiteBehavior [ RunTime:0.000010s ]
INFO: [ app_init ] --END-- [ RunTime:0.000086s ]
INFO: [ app_begin ] --START--
INFO: Run Behavior\ReadHtmlCacheBehavior [ RunTime:0.000058s ]
INFO: [ app_begin ] --END-- [ RunTime:0.000087s ]
SQL: SHOW COLUMNS FROM `reviewatt` [ RunTime:0.0005s ]
SQL: SELECT AVG(rating) AS tp_avg FROM `reviewatt` WHERE `product_id` = '2333525829' AND `isshow` = 1 LIMIT 1   [ RunTime:0.0021s ]
SQL: SELECT COUNT(*) AS tp_count FROM `reviewatt` WHERE `product_id` = '2333525829' AND `isshow` = 1 LIMIT 1   [ RunTime:0.0017s ]
SQL: SELECT * FROM `reviewatt` WHERE `product_id` = '2333525829' AND `isshow` = 1 ORDER BY create_at desc,product_id LIMIT 0,5   [ RunTime:0.0023s ]
INFO: [ app_end ] --START--
INFO: Run Behavior\ShowPageTraceBehavior [ RunTime:0.000051s ]
INFO: [ app_end ] --END-- [ RunTime:0.000080s ]

[ 2017-06-06T14:16:33+08:00 ] 173.82.156.20 /index.php/Home/Reviewatt/submitreview
INFO: [ app_init ] --START--
INFO: Run Behavior\BuildLiteBehavior [ RunTime:0.000009s ]
INFO: [ app_init ] --END-- [ RunTime:0.000073s ]
INFO: [ app_begin ] --START--
INFO: Run Behavior\ReadHtmlCacheBehavior [ RunTime:0.000043s ]
INFO: [ app_begin ] --END-- [ RunTime:0.000070s ]
NOTIC: [2] finfo_file(): Empty filename or path /var/www/ThinkPHP/Library/Think/Upload.class.php 第 152 行.
SQL: SHOW COLUMNS FROM `reviewatt` [ RunTime:0.0006s ]
SQL: INSERT INTO `reviewatt` (`product_id`,`rating`,`author`,`country`,`body`,`imageurl`,`create_at`) VALUES ('2333525829','5','CURINE','US','Excellent. I look forward to our continuous partnership.  I\'ve ordered before from an overseas company and had extremely poor customer service waiting over six weeks for complete order. but U7 is best so far !','[]','2017-06-06 14:16:33') [ RunTime:0.0031s ]
INFO: [ app_end ] --START--
INFO: Run Behavior\ShowPageTraceBehavior [ RunTime:0.000057s ]
INFO: [ app_end ] --END-- [ RunTime:0.000088s ]

[ 2017-06-06T14:45:53+08:00 ] 173.82.156.20 /index.php/Home/Reviewatt/relistsortbyproid?product_id=2333525829&page=1
INFO: [ app_init ] --START--
INFO: Run Behavior\BuildLiteBehavior [ RunTime:0.000010s ]
INFO: [ app_init ] --END-- [ RunTime:0.000084s ]
INFO: [ app_begin ] --START--
INFO: Run Behavior\ReadHtmlCacheBehavior [ RunTime:0.000054s ]
INFO: [ app_begin ] --END-- [ RunTime:0.000083s ]
SQL: SHOW COLUMNS FROM `reviewatt` [ RunTime:0.0006s ]
SQL: SELECT AVG(rating) AS tp_avg FROM `reviewatt` WHERE `product_id` = '2333525829' AND `isshow` = 1 LIMIT 1   [ RunTime:0.0022s ]
SQL: SELECT COUNT(*) AS tp_count FROM `reviewatt` WHERE `product_id` = '2333525829' AND `isshow` = 1 LIMIT 1   [ RunTime:0.0019s ]
SQL: SELECT * FROM `reviewatt` WHERE `product_id` = '2333525829' AND `isshow` = 1 ORDER BY create_at desc,product_id LIMIT 0,5   [ RunTime:0.0026s ]
INFO: [ app_end ] --START--
INFO: Run Behavior\ShowPageTraceBehavior [ RunTime:0.000082s ]
INFO: [ app_end ] --END-- [ RunTime:0.000116s ]

[ 2017-06-06T14:53:11+08:00 ] 140.205.201.30 /
INFO: [ app_init ] --START--
INFO: Run Behavior\BuildLiteBehavior [ RunTime:0.000012s ]
INFO: [ app_init ] --END-- [ RunTime:0.000104s ]
INFO: [ app_begin ] --START--
INFO: Run Behavior\ReadHtmlCacheBehavior [ RunTime:0.000044s ]
INFO: [ app_begin ] --END-- [ RunTime:0.000070s ]
INFO: [ app_end ] --START--
INFO: Run Behavior\ShowPageTraceBehavior [ RunTime:0.000092s ]
INFO: [ app_end ] --END-- [ RunTime:0.000151s ]

[ 2017-06-06T15:05:47+08:00 ] 91.230.47.3 /
INFO: [ app_init ] --START--
INFO: Run Behavior\BuildLiteBehavior [ RunTime:0.000010s ]
INFO: [ app_init ] --END-- [ RunTime:0.000076s ]
INFO: [ app_begin ] --START--
INFO: Run Behavior\ReadHtmlCacheBehavior [ RunTime:0.000041s ]
INFO: [ app_begin ] --END-- [ RunTime:0.000065s ]
INFO: [ app_end ] --START--
INFO: Run Behavior\ShowPageTraceBehavior [ RunTime:0.000093s ]
INFO: [ app_end ] --END-- [ RunTime:0.000153s ]

[ 2017-06-06T15:06:22+08:00 ] 140.205.201.30 /
INFO: [ app_init ] --START--
INFO: Run Behavior\BuildLiteBehavior [ RunTime:0.000011s ]
INFO: [ app_init ] --END-- [ RunTime:0.000090s ]
INFO: [ app_begin ] --START--
INFO: Run Behavior\ReadHtmlCacheBehavior [ RunTime:0.000048s ]
INFO: [ app_begin ] --END-- [ RunTime:0.000076s ]
INFO: [ app_end ] --START--
INFO: Run Behavior\ShowPageTraceBehavior [ RunTime:0.000102s ]
INFO: [ app_end ] --END-- [ RunTime:0.000171s ]

[ 2017-06-06T15:12:27+08:00 ] 140.205.201.30 /
INFO: [ app_init ] --START--
INFO: Run Behavior\BuildLiteBehavior [ RunTime:0.000009s ]
INFO: [ app_init ] --END-- [ RunTime:0.000073s ]
INFO: [ app_begin ] --START--
INFO: Run Behavior\ReadHtmlCacheBehavior [ RunTime:0.000048s ]
INFO: [ app_begin ] --END-- [ RunTime:0.000081s ]
INFO: [ app_end ] --START--
INFO: Run Behavior\ShowPageTraceBehavior [ RunTime:0.000100s ]
INFO: [ app_end ] --END-- [ RunTime:0.000162s ]

[ 2017-06-06T15:12:28+08:00 ] 140.205.201.30 /
INFO: [ app_init ] --START--
INFO: Run Behavior\BuildLiteBehavior [ RunTime:0.000009s ]
INFO: [ app_init ] --END-- [ RunTime:0.000077s ]
INFO: [ app_begin ] --START--
INFO: Run Behavior\ReadHtmlCacheBehavior [ RunTime:0.000046s ]
INFO: [ app_begin ] --END-- [ RunTime:0.000083s ]
INFO: [ app_end ] --START--
INFO: Run Behavior\ShowPageTraceBehavior [ RunTime:0.000101s ]
INFO: [ app_end ] --END-- [ RunTime:0.000164s ]

[ 2017-06-06T15:13:22+08:00 ] 140.205.201.30 /
INFO: [ app_init ] --START--
INFO: Run Behavior\BuildLiteBehavior [ RunTime:0.000009s ]
INFO: [ app_init ] --END-- [ RunTime:0.000075s ]
INFO: [ app_begin ] --START--
INFO: Run Behavior\ReadHtmlCacheBehavior [ RunTime:0.000041s ]
INFO: [ app_begin ] --END-- [ RunTime:0.000065s ]
INFO: [ app_end ] --START--
INFO: Run Behavior\ShowPageTraceBehavior [ RunTime:0.000095s ]
INFO: [ app_end ] --END-- [ RunTime:0.000158s ]

[ 2017-06-06T15:15:43+08:00 ] 173.82.156.20 /index.php/Home/Reviewatt/relistsortbyproid?product_id=3793404421&page=1
INFO: [ app_init ] --START--
INFO: Run Behavior\BuildLiteBehavior [ RunTime:0.000011s ]
INFO: [ app_init ] --END-- [ RunTime:0.000088s ]
INFO: [ app_begin ] --START--
INFO: Run Behavior\ReadHtmlCacheBehavior [ RunTime:0.000066s ]
INFO: [ app_begin ] --END-- [ RunTime:0.000096s ]
SQL: SHOW COLUMNS FROM `reviewatt` [ RunTime:0.0006s ]
SQL: SELECT AVG(rating) AS tp_avg FROM `reviewatt` WHERE `product_id` = '3793404421' AND `isshow` = 1 LIMIT 1   [ RunTime:0.0020s ]
SQL: SELECT COUNT(*) AS tp_count FROM `reviewatt` WHERE `product_id` = '3793404421' AND `isshow` = 1 LIMIT 1   [ RunTime:0.0017s ]
SQL: SELECT * FROM `reviewatt` WHERE `product_id` = '3793404421' AND `isshow` = 1 ORDER BY create_at desc,product_id LIMIT 0,5   [ RunTime:0.0023s ]
INFO: [ app_end ] --START--
INFO: Run Behavior\ShowPageTraceBehavior [ RunTime:0.000082s ]
INFO: [ app_end ] --END-- [ RunTime:0.000121s ]

[ 2017-06-06T15:18:32+08:00 ] 173.82.156.20 /index.php/Home/Reviewatt/relistsortbyproid?product_id=3793404421&page=1
INFO: [ app_init ] --START--
INFO: Run Behavior\BuildLiteBehavior [ RunTime:0.000012s ]
INFO: [ app_init ] --END-- [ RunTime:0.000084s ]
INFO: [ app_begin ] --START--
INFO: Run Behavior\ReadHtmlCacheBehavior [ RunTime:0.000063s ]
INFO: [ app_begin ] --END-- [ RunTime:0.000098s ]
SQL: SHOW COLUMNS FROM `reviewatt` [ RunTime:0.0007s ]
SQL: SELECT AVG(rating) AS tp_avg FROM `reviewatt` WHERE `product_id` = '3793404421' AND `isshow` = 1 LIMIT 1   [ RunTime:0.0001s ]
SQL: SELECT COUNT(*) AS tp_count FROM `reviewatt` WHERE `product_id` = '3793404421' AND `isshow` = 1 LIMIT 1   [ RunTime:0.0001s ]
SQL: SELECT * FROM `reviewatt` WHERE `product_id` = '3793404421' AND `isshow` = 1 ORDER BY create_at desc,product_id LIMIT 0,5   [ RunTime:0.0001s ]
INFO: [ app_end ] --START--
INFO: Run Behavior\ShowPageTraceBehavior [ RunTime:0.000074s ]
INFO: [ app_end ] --END-- [ RunTime:0.000109s ]

[ 2017-06-06T15:19:10+08:00 ] 173.82.156.20 /index.php/Home/Reviewatt/relistsortbyproid?product_id=9385118224&page=1
INFO: [ app_init ] --START--
INFO: Run Behavior\BuildLiteBehavior [ RunTime:0.000010s ]
INFO: [ app_init ] --END-- [ RunTime:0.000078s ]
INFO: [ app_begin ] --START--
INFO: Run Behavior\ReadHtmlCacheBehavior [ RunTime:0.000045s ]
INFO: [ app_begin ] --END-- [ RunTime:0.000074s ]
SQL: SHOW COLUMNS FROM `reviewatt` [ RunTime:0.0006s ]
SQL: SELECT AVG(rating) AS tp_avg FROM `reviewatt` WHERE `product_id` = '9385118224' AND `isshow` = 1 LIMIT 1   [ RunTime:0.0020s ]
SQL: SELECT COUNT(*) AS tp_count FROM `reviewatt` WHERE `product_id` = '9385118224' AND `isshow` = 1 LIMIT 1   [ RunTime:0.0016s ]
SQL: SELECT * FROM `reviewatt` WHERE `product_id` = '9385118224' AND `isshow` = 1 ORDER BY create_at desc,product_id LIMIT 0,5   [ RunTime:0.0022s ]
INFO: [ app_end ] --START--
INFO: Run Behavior\ShowPageTraceBehavior [ RunTime:0.000049s ]
INFO: [ app_end ] --END-- [ RunTime:0.000074s ]

[ 2017-06-06T15:24:52+08:00 ] 113.111.82.180 /index.php/Home/Reviewatt/relistsortbyproid?product_id=9441814288&page=1
INFO: [ app_init ] --START--
INFO: Run Behavior\BuildLiteBehavior [ RunTime:0.000013s ]
INFO: [ app_init ] --END-- [ RunTime:0.000111s ]
INFO: [ app_begin ] --START--
INFO: Run Behavior\ReadHtmlCacheBehavior [ RunTime:0.000041s ]
INFO: [ app_begin ] --END-- [ RunTime:0.000067s ]
SQL: SHOW COLUMNS FROM `reviewatt` [ RunTime:0.0007s ]
SQL: SELECT AVG(rating) AS tp_avg FROM `reviewatt` WHERE `product_id` = '9441814288' AND `isshow` = 1 LIMIT 1   [ RunTime:0.0020s ]
SQL: SELECT COUNT(*) AS tp_count FROM `reviewatt` WHERE `product_id` = '9441814288' AND `isshow` = 1 LIMIT 1   [ RunTime:0.0020s ]
SQL: SELECT * FROM `reviewatt` WHERE `product_id` = '9441814288' AND `isshow` = 1 ORDER BY create_at desc,product_id LIMIT 0,5   [ RunTime:0.0022s ]
INFO: [ app_end ] --START--
INFO: Run Behavior\ShowPageTraceBehavior [ RunTime:0.000052s ]
INFO: [ app_end ] --END-- [ RunTime:0.000077s ]

[ 2017-06-06T15:26:25+08:00 ] 173.82.156.20 /index.php/Home/Reviewatt/relistsortbyproid?product_id=8594829136&page=1
INFO: [ app_init ] --START--
INFO: Run Behavior\BuildLiteBehavior [ RunTime:0.000010s ]
INFO: [ app_init ] --END-- [ RunTime:0.000076s ]
INFO: [ app_begin ] --START--
INFO: Run Behavior\ReadHtmlCacheBehavior [ RunTime:0.000042s ]
INFO: [ app_begin ] --END-- [ RunTime:0.000068s ]
SQL: SHOW COLUMNS FROM `reviewatt` [ RunTime:0.0006s ]
SQL: SELECT AVG(rating) AS tp_avg FROM `reviewatt` WHERE `product_id` = '8594829136' AND `isshow` = 1 LIMIT 1   [ RunTime:0.0020s ]
SQL: SELECT COUNT(*) AS tp_count FROM `reviewatt` WHERE `product_id` = '8594829136' AND `isshow` = 1 LIMIT 1   [ RunTime:0.0020s ]
SQL: SELECT * FROM `reviewatt` WHERE `product_id` = '8594829136' AND `isshow` = 1 ORDER BY create_at desc,product_id LIMIT 0,5   [ RunTime:0.0023s ]
INFO: [ app_end ] --START--
INFO: Run Behavior\ShowPageTraceBehavior [ RunTime:0.000050s ]
INFO: [ app_end ] --END-- [ RunTime:0.000075s ]

[ 2017-06-06T15:26:37+08:00 ] 113.111.82.180 /index.php/Home/Reviewatt/relistsortbyproid?product_id=9441814288&page=1
INFO: [ app_init ] --START--
INFO: Run Behavior\BuildLiteBehavior [ RunTime:0.000009s ]
INFO: [ app_init ] --END-- [ RunTime:0.000075s ]
INFO: [ app_begin ] --START--
INFO: Run Behavior\ReadHtmlCacheBehavior [ RunTime:0.000041s ]
INFO: [ app_begin ] --END-- [ RunTime:0.000067s ]
SQL: SHOW COLUMNS FROM `reviewatt` [ RunTime:0.0006s ]
SQL: SELECT AVG(rating) AS tp_avg FROM `reviewatt` WHERE `product_id` = '9441814288' AND `isshow` = 1 LIMIT 1   [ RunTime:0.0001s ]
SQL: SELECT COUNT(*) AS tp_count FROM `reviewatt` WHERE `product_id` = '9441814288' AND `isshow` = 1 LIMIT 1   [ RunTime:0.0001s ]
SQL: SELECT * FROM `reviewatt` WHERE `product_id` = '9441814288' AND `isshow` = 1 ORDER BY create_at desc,product_id LIMIT 0,5   [ RunTime:0.0001s ]
INFO: [ app_end ] --START--
INFO: Run Behavior\ShowPageTraceBehavior [ RunTime:0.000050s ]
INFO: [ app_end ] --END-- [ RunTime:0.000074s ]

[ 2017-06-06T15:27:43+08:00 ] 173.82.156.20 /index.php/Home/Reviewatt/relistsortbyproid?product_id=8594829136&page=1
INFO: [ app_init ] --START--
INFO: Run Behavior\BuildLiteBehavior [ RunTime:0.000017s ]
INFO: [ app_init ] --END-- [ RunTime:0.000085s ]
INFO: [ app_begin ] --START--
INFO: Run Behavior\ReadHtmlCacheBehavior [ RunTime:0.000045s ]
INFO: [ app_begin ] --END-- [ RunTime:0.000072s ]
SQL: SHOW COLUMNS FROM `reviewatt` [ RunTime:0.0006s ]
SQL: SELECT AVG(rating) AS tp_avg FROM `reviewatt` WHERE `product_id` = '8594829136' AND `isshow` = 1 LIMIT 1   [ RunTime:0.0001s ]
SQL: SELECT COUNT(*) AS tp_count FROM `reviewatt` WHERE `product_id` = '8594829136' AND `isshow` = 1 LIMIT 1   [ RunTime:0.0001s ]
SQL: SELECT * FROM `reviewatt` WHERE `product_id` = '8594829136' AND `isshow` = 1 ORDER BY create_at desc,product_id LIMIT 0,5   [ RunTime:0.0001s ]
INFO: [ app_end ] --START--
INFO: Run Behavior\ShowPageTraceBehavior [ RunTime:0.000061s ]
INFO: [ app_end ] --END-- [ RunTime:0.000092s ]

[ 2017-06-06T15:28:01+08:00 ] 173.82.156.20 /index.php/Home/Reviewatt/relistsortbyproid?product_id=9385118224&page=1
INFO: [ app_init ] --START--
INFO: Run Behavior\BuildLiteBehavior [ RunTime:0.000010s ]
INFO: [ app_init ] --END-- [ RunTime:0.000094s ]
INFO: [ app_begin ] --START--
INFO: Run Behavior\ReadHtmlCacheBehavior [ RunTime:0.000044s ]
INFO: [ app_begin ] --END-- [ RunTime:0.000071s ]
SQL: SHOW COLUMNS FROM `reviewatt` [ RunTime:0.0006s ]
SQL: SELECT AVG(rating) AS tp_avg FROM `reviewatt` WHERE `product_id` = '9385118224' AND `isshow` = 1 LIMIT 1   [ RunTime:0.0001s ]
SQL: SELECT COUNT(*) AS tp_count FROM `reviewatt` WHERE `product_id` = '9385118224' AND `isshow` = 1 LIMIT 1   [ RunTime:0.0001s ]
SQL: SELECT * FROM `reviewatt` WHERE `product_id` = '9385118224' AND `isshow` = 1 ORDER BY create_at desc,product_id LIMIT 0,5   [ RunTime:0.0001s ]
INFO: [ app_end ] --START--
INFO: Run Behavior\ShowPageTraceBehavior [ RunTime:0.000052s ]
INFO: [ app_end ] --END-- [ RunTime:0.000078s ]

[ 2017-06-06T15:28:22+08:00 ] 113.111.82.180 /index.php/Home/Reviewatt/relistsortbyproid?product_id=7931423312&page=1
INFO: [ app_init ] --START--
INFO: Run Behavior\BuildLiteBehavior [ RunTime:0.000010s ]
INFO: [ app_init ] --END-- [ RunTime:0.000079s ]
INFO: [ app_begin ] --START--
INFO: Run Behavior\ReadHtmlCacheBehavior [ RunTime:0.000045s ]
INFO: [ app_begin ] --END-- [ RunTime:0.000072s ]
SQL: SHOW COLUMNS FROM `reviewatt` [ RunTime:0.0006s ]
SQL: SELECT AVG(rating) AS tp_avg FROM `reviewatt` WHERE `product_id` = '7931423312' AND `isshow` = 1 LIMIT 1   [ RunTime:0.0025s ]
SQL: SELECT COUNT(*) AS tp_count FROM `reviewatt` WHERE `product_id` = '7931423312' AND `isshow` = 1 LIMIT 1   [ RunTime:0.0017s ]
SQL: SELECT * FROM `reviewatt` WHERE `product_id` = '7931423312' AND `isshow` = 1 ORDER BY create_at desc,product_id LIMIT 0,5   [ RunTime:0.0023s ]
INFO: [ app_end ] --START--
INFO: Run Behavior\ShowPageTraceBehavior [ RunTime:0.000053s ]
INFO: [ app_end ] --END-- [ RunTime:0.000084s ]

[ 2017-06-06T15:29:04+08:00 ] 113.111.82.180 /index.php/Home/Reviewatt/relistsortbyproid?product_id=7931423312&page=1
INFO: [ app_init ] --START--
INFO: Run Behavior\BuildLiteBehavior [ RunTime:0.000009s ]
INFO: [ app_init ] --END-- [ RunTime:0.000079s ]
INFO: [ app_begin ] --START--
INFO: Run Behavior\ReadHtmlCacheBehavior [ RunTime:0.000042s ]
INFO: [ app_begin ] --END-- [ RunTime:0.000069s ]
SQL: SHOW COLUMNS FROM `reviewatt` [ RunTime:0.0006s ]
SQL: SELECT AVG(rating) AS tp_avg FROM `reviewatt` WHERE `product_id` = '7931423312' AND `isshow` = 1 LIMIT 1   [ RunTime:0.0001s ]
SQL: SELECT COUNT(*) AS tp_count FROM `reviewatt` WHERE `product_id` = '7931423312' AND `isshow` = 1 LIMIT 1   [ RunTime:0.0001s ]
SQL: SELECT * FROM `reviewatt` WHERE `product_id` = '7931423312' AND `isshow` = 1 ORDER BY create_at desc,product_id LIMIT 0,5   [ RunTime:0.0001s ]
INFO: [ app_end ] --START--
INFO: Run Behavior\ShowPageTraceBehavior [ RunTime:0.000052s ]
INFO: [ app_end ] --END-- [ RunTime:0.000082s ]

[ 2017-06-06T15:29:22+08:00 ] 113.111.82.180 /index.php/Home/Reviewatt/relistsortbyproid?product_id=7931423312&page=1
INFO: [ app_init ] --START--
INFO: Run Behavior\BuildLiteBehavior [ RunTime:0.000009s ]
INFO: [ app_init ] --END-- [ RunTime:0.000090s ]
INFO: [ app_begin ] --START--
INFO: Run Behavior\ReadHtmlCacheBehavior [ RunTime:0.000041s ]
INFO: [ app_begin ] --END-- [ RunTime:0.000067s ]
SQL: SHOW COLUMNS FROM `reviewatt` [ RunTime:0.0006s ]
SQL: SELECT AVG(rating) AS tp_avg FROM `reviewatt` WHERE `product_id` = '7931423312' AND `isshow` = 1 LIMIT 1   [ RunTime:0.0001s ]
SQL: SELECT COUNT(*) AS tp_count FROM `reviewatt` WHERE `product_id` = '7931423312' AND `isshow` = 1 LIMIT 1   [ RunTime:0.0001s ]
SQL: SELECT * FROM `reviewatt` WHERE `product_id` = '7931423312' AND `isshow` = 1 ORDER BY create_at desc,product_id LIMIT 0,5   [ RunTime:0.0001s ]
INFO: [ app_end ] --START--
INFO: Run Behavior\ShowPageTraceBehavior [ RunTime:0.000049s ]
INFO: [ app_end ] --END-- [ RunTime:0.000078s ]

[ 2017-06-06T15:30:08+08:00 ] 113.111.82.180 /index.php/Home/Reviewatt/relistsortbyproid?product_id=7931423312&page=1
INFO: [ app_init ] --START--
INFO: Run Behavior\BuildLiteBehavior [ RunTime:0.000011s ]
INFO: [ app_init ] --END-- [ RunTime:0.000084s ]
INFO: [ app_begin ] --START--
INFO: Run Behavior\ReadHtmlCacheBehavior [ RunTime:0.000044s ]
INFO: [ app_begin ] --END-- [ RunTime:0.000072s ]
SQL: SHOW COLUMNS FROM `reviewatt` [ RunTime:0.0005s ]
SQL: SELECT AVG(rating) AS tp_avg FROM `reviewatt` WHERE `product_id` = '7931423312' AND `isshow` = 1 LIMIT 1   [ RunTime:0.0001s ]
SQL: SELECT COUNT(*) AS tp_count FROM `reviewatt` WHERE `product_id` = '7931423312' AND `isshow` = 1 LIMIT 1   [ RunTime:0.0001s ]
SQL: SELECT * FROM `reviewatt` WHERE `product_id` = '7931423312' AND `isshow` = 1 ORDER BY create_at desc,product_id LIMIT 0,5   [ RunTime:0.0001s ]
INFO: [ app_end ] --START--
INFO: Run Behavior\ShowPageTraceBehavior [ RunTime:0.000058s ]
INFO: [ app_end ] --END-- [ RunTime:0.000103s ]

[ 2017-06-06T15:30:46+08:00 ] 140.205.201.30 /
INFO: [ app_init ] --START--
INFO: Run Behavior\BuildLiteBehavior [ RunTime:0.000009s ]
INFO: [ app_init ] --END-- [ RunTime:0.000079s ]
INFO: [ app_begin ] --START--
INFO: Run Behavior\ReadHtmlCacheBehavior [ RunTime:0.000063s ]
INFO: [ app_begin ] --END-- [ RunTime:0.000107s ]
INFO: [ app_end ] --START--
INFO: Run Behavior\ShowPageTraceBehavior [ RunTime:0.000081s ]
INFO: [ app_end ] --END-- [ RunTime:0.000139s ]

[ 2017-06-06T15:34:50+08:00 ] 173.82.156.20 /index.php/Home/Reviewatt/relistsortbyproid?product_id=9216094224&page=1
INFO: [ app_init ] --START--
INFO: Run Behavior\BuildLiteBehavior [ RunTime:0.000015s ]
INFO: [ app_init ] --END-- [ RunTime:0.000103s ]
INFO: [ app_begin ] --START--
INFO: Run Behavior\ReadHtmlCacheBehavior [ RunTime:0.000055s ]
INFO: [ app_begin ] --END-- [ RunTime:0.000084s ]
SQL: SHOW COLUMNS FROM `reviewatt` [ RunTime:0.0007s ]
SQL: SELECT AVG(rating) AS tp_avg FROM `reviewatt` WHERE `product_id` = '9216094224' AND `isshow` = 1 LIMIT 1   [ RunTime:0.0020s ]
SQL: SELECT COUNT(*) AS tp_count FROM `reviewatt` WHERE `product_id` = '9216094224' AND `isshow` = 1 LIMIT 1   [ RunTime:0.0025s ]
SQL: SELECT * FROM `reviewatt` WHERE `product_id` = '9216094224' AND `isshow` = 1 ORDER BY create_at desc,product_id LIMIT 0,5   [ RunTime:0.0024s ]
INFO: [ app_end ] --START--
INFO: Run Behavior\ShowPageTraceBehavior [ RunTime:0.000062s ]
INFO: [ app_end ] --END-- [ RunTime:0.000088s ]

[ 2017-06-06T15:45:06+08:00 ] 173.15.193.234 /index.php/Home/Reviewatt/relistsortbyproid?product_id=2212639109&page=1
INFO: [ app_init ] --START--
INFO: Run Behavior\BuildLiteBehavior [ RunTime:0.000010s ]
INFO: [ app_init ] --END-- [ RunTime:0.000078s ]
INFO: [ app_begin ] --START--
INFO: Run Behavior\ReadHtmlCacheBehavior [ RunTime:0.000046s ]
INFO: [ app_begin ] --END-- [ RunTime:0.000076s ]
SQL: SHOW COLUMNS FROM `reviewatt` [ RunTime:0.0006s ]
SQL: SELECT AVG(rating) AS tp_avg FROM `reviewatt` WHERE `product_id` = '2212639109' AND `isshow` = 1 LIMIT 1   [ RunTime:0.0020s ]
SQL: SELECT COUNT(*) AS tp_count FROM `reviewatt` WHERE `product_id` = '2212639109' AND `isshow` = 1 LIMIT 1   [ RunTime:0.0018s ]
SQL: SELECT * FROM `reviewatt` WHERE `product_id` = '2212639109' AND `isshow` = 1 ORDER BY create_at desc,product_id LIMIT 0,5   [ RunTime:0.0025s ]
INFO: [ app_end ] --START--
INFO: Run Behavior\ShowPageTraceBehavior [ RunTime:0.000052s ]
INFO: [ app_end ] --END-- [ RunTime:0.000082s ]

[ 2017-06-06T15:48:52+08:00 ] 140.205.201.30 /index.php
INFO: [ app_init ] --START--
INFO: Run Behavior\BuildLiteBehavior [ RunTime:0.000012s ]
INFO: [ app_init ] --END-- [ RunTime:0.000090s ]
INFO: [ app_begin ] --START--
INFO: Run Behavior\ReadHtmlCacheBehavior [ RunTime:0.000041s ]
INFO: [ app_begin ] --END-- [ RunTime:0.000066s ]
INFO: [ app_end ] --START--
INFO: Run Behavior\ShowPageTraceBehavior [ RunTime:0.000111s ]
INFO: [ app_end ] --END-- [ RunTime:0.000172s ]

[ 2017-06-06T15:51:13+08:00 ] 54.224.2.66 /
INFO: [ app_init ] --START--
INFO: Run Behavior\BuildLiteBehavior [ RunTime:0.000010s ]
INFO: [ app_init ] --END-- [ RunTime:0.000075s ]
INFO: [ app_begin ] --START--
INFO: Run Behavior\ReadHtmlCacheBehavior [ RunTime:0.000042s ]
INFO: [ app_begin ] --END-- [ RunTime:0.000067s ]
INFO: [ app_end ] --START--
INFO: Run Behavior\ShowPageTraceBehavior [ RunTime:0.000086s ]
INFO: [ app_end ] --END-- [ RunTime:0.000147s ]

[ 2017-06-06T15:56:37+08:00 ] 140.205.201.30 /
INFO: [ app_init ] --START--
INFO: Run Behavior\BuildLiteBehavior [ RunTime:0.000010s ]
INFO: [ app_init ] --END-- [ RunTime:0.000081s ]
INFO: [ app_begin ] --START--
INFO: Run Behavior\ReadHtmlCacheBehavior [ RunTime:0.000043s ]
INFO: [ app_begin ] --END-- [ RunTime:0.000068s ]
INFO: [ app_end ] --START--
INFO: Run Behavior\ShowPageTraceBehavior [ RunTime:0.000112s ]
INFO: [ app_end ] --END-- [ RunTime:0.000182s ]

[ 2017-06-06T15:56:54+08:00 ] 140.205.201.30 /
INFO: [ app_init ] --START--
INFO: Run Behavior\BuildLiteBehavior [ RunTime:0.000009s ]
INFO: [ app_init ] --END-- [ RunTime:0.000076s ]
INFO: [ app_begin ] --START--
INFO: Run Behavior\ReadHtmlCacheBehavior [ RunTime:0.000040s ]
INFO: [ app_begin ] --END-- [ RunTime:0.000066s ]
INFO: [ app_end ] --START--
INFO: Run Behavior\ShowPageTraceBehavior [ RunTime:0.000108s ]
INFO: [ app_end ] --END-- [ RunTime:0.000180s ]

[ 2017-06-06T16:07:16+08:00 ] 140.205.201.30 /
INFO: [ app_init ] --START--
INFO: Run Behavior\BuildLiteBehavior [ RunTime:0.000010s ]
INFO: [ app_init ] --END-- [ RunTime:0.000079s ]
INFO: [ app_begin ] --START--
INFO: Run Behavior\ReadHtmlCacheBehavior [ RunTime:0.000045s ]
INFO: [ app_begin ] --END-- [ RunTime:0.000075s ]
INFO: [ app_end ] --START--
INFO: Run Behavior\ShowPageTraceBehavior [ RunTime:0.000094s ]
INFO: [ app_end ] --END-- [ RunTime:0.000154s ]

[ 2017-06-06T16:07:43+08:00 ] 140.205.201.30 /
INFO: [ app_init ] --START--
INFO: Run Behavior\BuildLiteBehavior [ RunTime:0.000015s ]
INFO: [ app_init ] --END-- [ RunTime:0.000113s ]
INFO: [ app_begin ] --START--
INFO: Run Behavior\ReadHtmlCacheBehavior [ RunTime:0.000042s ]
INFO: [ app_begin ] --END-- [ RunTime:0.000069s ]
INFO: [ app_end ] --START--
INFO: Run Behavior\ShowPageTraceBehavior [ RunTime:0.000100s ]
INFO: [ app_end ] --END-- [ RunTime:0.000175s ]

[ 2017-06-06T16:07:49+08:00 ] 140.205.201.30 /
INFO: [ app_init ] --START--
INFO: Run Behavior\BuildLiteBehavior [ RunTime:0.000013s ]
INFO: [ app_init ] --END-- [ RunTime:0.000112s ]
INFO: [ app_begin ] --START--
INFO: Run Behavior\ReadHtmlCacheBehavior [ RunTime:0.000059s ]
INFO: [ app_begin ] --END-- [ RunTime:0.000096s ]
INFO: [ app_end ] --START--
INFO: Run Behavior\ShowPageTraceBehavior [ RunTime:0.000084s ]
INFO: [ app_end ] --END-- [ RunTime:0.000144s ]

[ 2017-06-06T16:09:46+08:00 ] 113.111.82.180 /index.php/Home/Reviewatt/relistsortbyproid?product_id=2213277381&page=1
INFO: [ app_init ] --START--
INFO: Run Behavior\BuildLiteBehavior [ RunTime:0.000011s ]
INFO: [ app_init ] --END-- [ RunTime:0.000105s ]
INFO: [ app_begin ] --START--
INFO: Run Behavior\ReadHtmlCacheBehavior [ RunTime:0.000059s ]
INFO: [ app_begin ] --END-- [ RunTime:0.000102s ]
SQL: SHOW COLUMNS FROM `reviewatt` [ RunTime:0.0015s ]
SQL: SELECT AVG(rating) AS tp_avg FROM `reviewatt` WHERE `product_id` = '2213277381' AND `isshow` = 1 LIMIT 1   [ RunTime:0.0020s ]
SQL: SELECT COUNT(*) AS tp_count FROM `reviewatt` WHERE `product_id` = '2213277381' AND `isshow` = 1 LIMIT 1   [ RunTime:0.0031s ]
SQL: SELECT * FROM `reviewatt` WHERE `product_id` = '2213277381' AND `isshow` = 1 ORDER BY create_at desc,product_id LIMIT 0,5   [ RunTime:0.0023s ]
INFO: [ app_end ] --START--
INFO: Run Behavior\ShowPageTraceBehavior [ RunTime:0.000053s ]
INFO: [ app_end ] --END-- [ RunTime:0.000083s ]

[ 2017-06-06T16:21:36+08:00 ] 91.210.147.47 /
INFO: [ app_init ] --START--
INFO: Run Behavior\BuildLiteBehavior [ RunTime:0.000009s ]
INFO: [ app_init ] --END-- [ RunTime:0.000077s ]
INFO: [ app_begin ] --START--
INFO: Run Behavior\ReadHtmlCacheBehavior [ RunTime:0.000042s ]
INFO: [ app_begin ] --END-- [ RunTime:0.000068s ]
INFO: [ app_end ] --START--
INFO: Run Behavior\ShowPageTraceBehavior [ RunTime:0.000097s ]
INFO: [ app_end ] --END-- [ RunTime:0.000158s ]

[ 2017-06-06T16:25:20+08:00 ] 66.249.79.132 /index.php/Home/Reviewatt/relistsortbyproid?product_id=2202458757&page=1
INFO: [ app_init ] --START--
INFO: Run Behavior\BuildLiteBehavior [ RunTime:0.000010s ]
INFO: [ app_init ] --END-- [ RunTime:0.000077s ]
INFO: [ app_begin ] --START--
INFO: Run Behavior\ReadHtmlCacheBehavior [ RunTime:0.000041s ]
INFO: [ app_begin ] --END-- [ RunTime:0.000067s ]
SQL: SHOW COLUMNS FROM `reviewatt` [ RunTime:0.0005s ]
SQL: SELECT AVG(rating) AS tp_avg FROM `reviewatt` WHERE `product_id` = '2202458757' AND `isshow` = 1 LIMIT 1   [ RunTime:0.0020s ]
SQL: SELECT COUNT(*) AS tp_count FROM `reviewatt` WHERE `product_id` = '2202458757' AND `isshow` = 1 LIMIT 1   [ RunTime:0.0018s ]
SQL: SELECT * FROM `reviewatt` WHERE `product_id` = '2202458757' AND `isshow` = 1 ORDER BY create_at desc,product_id LIMIT 0,5   [ RunTime:0.0023s ]
INFO: [ app_end ] --START--
INFO: Run Behavior\ShowPageTraceBehavior [ RunTime:0.000060s ]
INFO: [ app_end ] --END-- [ RunTime:0.000092s ]

[ 2017-06-06T16:37:08+08:00 ] 115.189.98.132 /index.php/Home/Reviewatt/relistsortbyproid?product_id=2254422021&page=1
INFO: [ app_init ] --START--
INFO: Run Behavior\BuildLiteBehavior [ RunTime:0.000010s ]
INFO: [ app_init ] --END-- [ RunTime:0.000087s ]
INFO: [ app_begin ] --START--
INFO: Run Behavior\ReadHtmlCacheBehavior [ RunTime:0.000060s ]
INFO: [ app_begin ] --END-- [ RunTime:0.000089s ]
SQL: SHOW COLUMNS FROM `reviewatt` [ RunTime:0.0005s ]
SQL: SELECT AVG(rating) AS tp_avg FROM `reviewatt` WHERE `product_id` = '2254422021' AND `isshow` = 1 LIMIT 1   [ RunTime:0.0020s ]
SQL: SELECT COUNT(*) AS tp_count FROM `reviewatt` WHERE `product_id` = '2254422021' AND `isshow` = 1 LIMIT 1   [ RunTime:0.0018s ]
SQL: SELECT * FROM `reviewatt` WHERE `product_id` = '2254422021' AND `isshow` = 1 ORDER BY create_at desc,product_id LIMIT 0,5   [ RunTime:0.0022s ]
INFO: [ app_end ] --START--
INFO: Run Behavior\ShowPageTraceBehavior [ RunTime:0.000076s ]
INFO: [ app_end ] --END-- [ RunTime:0.000108s ]

[ 2017-06-06T16:46:07+08:00 ] 80.13.46.110 /index.php/Home/Reviewatt/relistsortbyproid?product_id=8594648336&page=1
INFO: [ app_init ] --START--
INFO: Run Behavior\BuildLiteBehavior [ RunTime:0.000012s ]
INFO: [ app_init ] --END-- [ RunTime:0.000141s ]
INFO: [ app_begin ] --START--
INFO: Run Behavior\ReadHtmlCacheBehavior [ RunTime:0.000076s ]
INFO: [ app_begin ] --END-- [ RunTime:0.000112s ]
SQL: SHOW COLUMNS FROM `reviewatt` [ RunTime:0.0006s ]
SQL: SELECT AVG(rating) AS tp_avg FROM `reviewatt` WHERE `product_id` = '8594648336' AND `isshow` = 1 LIMIT 1   [ RunTime:0.0020s ]
SQL: SELECT COUNT(*) AS tp_count FROM `reviewatt` WHERE `product_id` = '8594648336' AND `isshow` = 1 LIMIT 1   [ RunTime:0.0019s ]
SQL: SELECT * FROM `reviewatt` WHERE `product_id` = '8594648336' AND `isshow` = 1 ORDER BY create_at desc,product_id LIMIT 0,5   [ RunTime:0.0028s ]
INFO: [ app_end ] --START--
INFO: Run Behavior\ShowPageTraceBehavior [ RunTime:0.000081s ]
INFO: [ app_end ] --END-- [ RunTime:0.000122s ]

[ 2017-06-06T17:26:15+08:00 ] 91.230.47.3 /
INFO: [ app_init ] --START--
INFO: Run Behavior\BuildLiteBehavior [ RunTime:0.000009s ]
INFO: [ app_init ] --END-- [ RunTime:0.000083s ]
INFO: [ app_begin ] --START--
INFO: Run Behavior\ReadHtmlCacheBehavior [ RunTime:0.000041s ]
INFO: [ app_begin ] --END-- [ RunTime:0.000073s ]
INFO: [ app_end ] --START--
INFO: Run Behavior\ShowPageTraceBehavior [ RunTime:0.000070s ]
INFO: [ app_end ] --END-- [ RunTime:0.000118s ]

[ 2017-06-06T18:26:17+08:00 ] 91.230.47.3 /
INFO: [ app_init ] --START--
INFO: Run Behavior\BuildLiteBehavior [ RunTime:0.000010s ]
INFO: [ app_init ] --END-- [ RunTime:0.000084s ]
INFO: [ app_begin ] --START--
INFO: Run Behavior\ReadHtmlCacheBehavior [ RunTime:0.000043s ]
INFO: [ app_begin ] --END-- [ RunTime:0.000070s ]
INFO: [ app_end ] --START--
INFO: Run Behavior\ShowPageTraceBehavior [ RunTime:0.000079s ]
INFO: [ app_end ] --END-- [ RunTime:0.000132s ]

[ 2017-06-06T18:40:54+08:00 ] 74.82.47.2 /
INFO: [ app_init ] --START--
INFO: Run Behavior\BuildLiteBehavior [ RunTime:0.000013s ]
INFO: [ app_init ] --END-- [ RunTime:0.000101s ]
INFO: [ app_begin ] --START--
INFO: Run Behavior\ReadHtmlCacheBehavior [ RunTime:0.000064s ]
INFO: [ app_begin ] --END-- [ RunTime:0.000108s ]
INFO: [ app_end ] --START--
INFO: Run Behavior\ShowPageTraceBehavior [ RunTime:0.000090s ]
INFO: [ app_end ] --END-- [ RunTime:0.000151s ]

[ 2017-06-06T19:01:04+08:00 ] 88.131.105.133 /index.php/Home/Reviewatt/relistsortbyproid?product_id=2202458757&page=1
INFO: [ app_init ] --START--
INFO: Run Behavior\BuildLiteBehavior [ RunTime:0.000009s ]
INFO: [ app_init ] --END-- [ RunTime:0.000077s ]
INFO: [ app_begin ] --START--
INFO: Run Behavior\ReadHtmlCacheBehavior [ RunTime:0.000043s ]
INFO: [ app_begin ] --END-- [ RunTime:0.000070s ]
SQL: SHOW COLUMNS FROM `reviewatt` [ RunTime:0.0006s ]
SQL: SELECT AVG(rating) AS tp_avg FROM `reviewatt` WHERE `product_id` = '2202458757' AND `isshow` = 1 LIMIT 1   [ RunTime:0.0001s ]
SQL: SELECT COUNT(*) AS tp_count FROM `reviewatt` WHERE `product_id` = '2202458757' AND `isshow` = 1 LIMIT 1   [ RunTime:0.0000s ]
SQL: SELECT * FROM `reviewatt` WHERE `product_id` = '2202458757' AND `isshow` = 1 ORDER BY create_at desc,product_id LIMIT 0,5   [ RunTime:0.0001s ]
INFO: [ app_end ] --START--
INFO: Run Behavior\ShowPageTraceBehavior [ RunTime:0.000088s ]
INFO: [ app_end ] --END-- [ RunTime:0.000134s ]

[ 2017-06-06T19:11:18+08:00 ] 204.15.26.128 /index.php/Home/Reviewatt/relistsortbyproid?product_id=2202458757&page=1
INFO: [ app_init ] --START--
INFO: Run Behavior\BuildLiteBehavior [ RunTime:0.000010s ]
INFO: [ app_init ] --END-- [ RunTime:0.000080s ]
INFO: [ app_begin ] --START--
INFO: Run Behavior\ReadHtmlCacheBehavior [ RunTime:0.000041s ]
INFO: [ app_begin ] --END-- [ RunTime:0.000067s ]
SQL: SHOW COLUMNS FROM `reviewatt` [ RunTime:0.0007s ]
SQL: SELECT AVG(rating) AS tp_avg FROM `reviewatt` WHERE `product_id` = '2202458757' AND `isshow` = 1 LIMIT 1   [ RunTime:0.0001s ]
SQL: SELECT COUNT(*) AS tp_count FROM `reviewatt` WHERE `product_id` = '2202458757' AND `isshow` = 1 LIMIT 1   [ RunTime:0.0001s ]
SQL: SELECT * FROM `reviewatt` WHERE `product_id` = '2202458757' AND `isshow` = 1 ORDER BY create_at desc,product_id LIMIT 0,5   [ RunTime:0.0001s ]
INFO: [ app_end ] --START--
INFO: Run Behavior\ShowPageTraceBehavior [ RunTime:0.000049s ]
INFO: [ app_end ] --END-- [ RunTime:0.000079s ]

[ 2017-06-06T19:12:10+08:00 ] 204.15.26.128 /index.php/Home/Reviewatt/relistsortbyproid?product_id=3799813509&page=1
INFO: [ app_init ] --START--
INFO: Run Behavior\BuildLiteBehavior [ RunTime:0.000009s ]
INFO: [ app_init ] --END-- [ RunTime:0.000077s ]
INFO: [ app_begin ] --START--
INFO: Run Behavior\ReadHtmlCacheBehavior [ RunTime:0.000041s ]
INFO: [ app_begin ] --END-- [ RunTime:0.000068s ]
SQL: SHOW COLUMNS FROM `reviewatt` [ RunTime:0.0006s ]
SQL: SELECT AVG(rating) AS tp_avg FROM `reviewatt` WHERE `product_id` = '3799813509' AND `isshow` = 1 LIMIT 1   [ RunTime:0.0020s ]
SQL: SELECT COUNT(*) AS tp_count FROM `reviewatt` WHERE `product_id` = '3799813509' AND `isshow` = 1 LIMIT 1   [ RunTime:0.0017s ]
SQL: SELECT * FROM `reviewatt` WHERE `product_id` = '3799813509' AND `isshow` = 1 ORDER BY create_at desc,product_id LIMIT 0,5   [ RunTime:0.0021s ]
INFO: [ app_end ] --START--
INFO: Run Behavior\ShowPageTraceBehavior [ RunTime:0.000051s ]
INFO: [ app_end ] --END-- [ RunTime:0.000078s ]

[ 2017-06-06T19:22:50+08:00 ] 204.15.26.128 /index.php/Home/Reviewatt/relistsortbyproid?product_id=2251385605&page=1
INFO: [ app_init ] --START--
INFO: Run Behavior\BuildLiteBehavior [ RunTime:0.000009s ]
INFO: [ app_init ] --END-- [ RunTime:0.000078s ]
INFO: [ app_begin ] --START--
INFO: Run Behavior\ReadHtmlCacheBehavior [ RunTime:0.000043s ]
INFO: [ app_begin ] --END-- [ RunTime:0.000069s ]
SQL: SHOW COLUMNS FROM `reviewatt` [ RunTime:0.0006s ]
SQL: SELECT AVG(rating) AS tp_avg FROM `reviewatt` WHERE `product_id` = '2251385605' AND `isshow` = 1 LIMIT 1   [ RunTime:0.0019s ]
SQL: SELECT COUNT(*) AS tp_count FROM `reviewatt` WHERE `product_id` = '2251385605' AND `isshow` = 1 LIMIT 1   [ RunTime:0.0018s ]
SQL: SELECT * FROM `reviewatt` WHERE `product_id` = '2251385605' AND `isshow` = 1 ORDER BY create_at desc,product_id LIMIT 0,5   [ RunTime:0.0023s ]
INFO: [ app_end ] --START--
INFO: Run Behavior\ShowPageTraceBehavior [ RunTime:0.000059s ]
INFO: [ app_end ] --END-- [ RunTime:0.000090s ]

[ 2017-06-06T19:35:51+08:00 ] 185.35.63.166 /
INFO: [ app_init ] --START--
INFO: Run Behavior\BuildLiteBehavior [ RunTime:0.000009s ]
INFO: [ app_init ] --END-- [ RunTime:0.000077s ]
INFO: [ app_begin ] --START--
INFO: Run Behavior\ReadHtmlCacheBehavior [ RunTime:0.000040s ]
INFO: [ app_begin ] --END-- [ RunTime:0.000065s ]
INFO: [ app_end ] --START--
INFO: Run Behavior\ShowPageTraceBehavior [ RunTime:0.000094s ]
INFO: [ app_end ] --END-- [ RunTime:0.000157s ]

[ 2017-06-06T19:55:05+08:00 ] 88.131.105.133 /index.php/Home/Reviewatt/relistsortbyproid?product_id=2202458757&page=1
INFO: [ app_init ] --START--
INFO: Run Behavior\BuildLiteBehavior [ RunTime:0.000011s ]
INFO: [ app_init ] --END-- [ RunTime:0.000077s ]
INFO: [ app_begin ] --START--
INFO: Run Behavior\ReadHtmlCacheBehavior [ RunTime:0.000044s ]
INFO: [ app_begin ] --END-- [ RunTime:0.000074s ]
SQL: SHOW COLUMNS FROM `reviewatt` [ RunTime:0.0015s ]
SQL: SELECT AVG(rating) AS tp_avg FROM `reviewatt` WHERE `product_id` = '2202458757' AND `isshow` = 1 LIMIT 1   [ RunTime:0.0001s ]
SQL: SELECT COUNT(*) AS tp_count FROM `reviewatt` WHERE `product_id` = '2202458757' AND `isshow` = 1 LIMIT 1   [ RunTime:0.0001s ]
SQL: SELECT * FROM `reviewatt` WHERE `product_id` = '2202458757' AND `isshow` = 1 ORDER BY create_at desc,product_id LIMIT 0,5   [ RunTime:0.0001s ]
INFO: [ app_end ] --START--
INFO: Run Behavior\ShowPageTraceBehavior [ RunTime:0.000056s ]
INFO: [ app_end ] --END-- [ RunTime:0.000093s ]

[ 2017-06-06T20:53:54+08:00 ] 91.230.47.3 /
INFO: [ app_init ] --START--
INFO: Run Behavior\BuildLiteBehavior [ RunTime:0.000011s ]
INFO: [ app_init ] --END-- [ RunTime:0.000087s ]
INFO: [ app_begin ] --START--
INFO: Run Behavior\ReadHtmlCacheBehavior [ RunTime:0.000059s ]
INFO: [ app_begin ] --END-- [ RunTime:0.000087s ]
INFO: [ app_end ] --START--
INFO: Run Behavior\ShowPageTraceBehavior [ RunTime:0.000107s ]
INFO: [ app_end ] --END-- [ RunTime:0.000176s ]

[ 2017-06-06T20:55:48+08:00 ] 172.250.148.34 /index.php/Home/Reviewatt/relistsortbyproid?product_id=2895025605&page=1
INFO: [ app_init ] --START--
INFO: Run Behavior\BuildLiteBehavior [ RunTime:0.000013s ]
INFO: [ app_init ] --END-- [ RunTime:0.000095s ]
INFO: [ app_begin ] --START--
INFO: Run Behavior\ReadHtmlCacheBehavior [ RunTime:0.000044s ]
INFO: [ app_begin ] --END-- [ RunTime:0.000071s ]
SQL: SHOW COLUMNS FROM `reviewatt` [ RunTime:0.0006s ]
SQL: SELECT AVG(rating) AS tp_avg FROM `reviewatt` WHERE `product_id` = '2895025605' AND `isshow` = 1 LIMIT 1   [ RunTime:0.0020s ]
SQL: SELECT COUNT(*) AS tp_count FROM `reviewatt` WHERE `product_id` = '2895025605' AND `isshow` = 1 LIMIT 1   [ RunTime:0.0017s ]
SQL: SELECT * FROM `reviewatt` WHERE `product_id` = '2895025605' AND `isshow` = 1 ORDER BY create_at desc,product_id LIMIT 0,5   [ RunTime:0.0023s ]
INFO: [ app_end ] --START--
INFO: Run Behavior\ShowPageTraceBehavior [ RunTime:0.000051s ]
INFO: [ app_end ] --END-- [ RunTime:0.000081s ]

[ 2017-06-06T20:58:34+08:00 ] 138.197.16.211 /
INFO: [ app_init ] --START--
INFO: Run Behavior\BuildLiteBehavior [ RunTime:0.000009s ]
INFO: [ app_init ] --END-- [ RunTime:0.000076s ]
INFO: [ app_begin ] --START--
INFO: Run Behavior\ReadHtmlCacheBehavior [ RunTime:0.000039s ]
INFO: [ app_begin ] --END-- [ RunTime:0.000064s ]
INFO: [ app_end ] --START--
INFO: Run Behavior\ShowPageTraceBehavior [ RunTime:0.000097s ]
INFO: [ app_end ] --END-- [ RunTime:0.000159s ]

[ 2017-06-06T20:59:18+08:00 ] 95.107.120.170 /
INFO: [ app_init ] --START--
INFO: Run Behavior\BuildLiteBehavior [ RunTime:0.000010s ]
INFO: [ app_init ] --END-- [ RunTime:0.000079s ]
INFO: [ app_begin ] --START--
INFO: Run Behavior\ReadHtmlCacheBehavior [ RunTime:0.000045s ]
INFO: [ app_begin ] --END-- [ RunTime:0.000071s ]
INFO: [ app_end ] --START--
INFO: Run Behavior\ShowPageTraceBehavior [ RunTime:0.000055s ]
INFO: [ app_end ] --END-- [ RunTime:0.000091s ]

[ 2017-06-06T21:03:55+08:00 ] 165.227.64.27 /
INFO: [ app_init ] --START--
INFO: Run Behavior\BuildLiteBehavior [ RunTime:0.000009s ]
INFO: [ app_init ] --END-- [ RunTime:0.000081s ]
INFO: [ app_begin ] --START--
INFO: Run Behavior\ReadHtmlCacheBehavior [ RunTime:0.000040s ]
INFO: [ app_begin ] --END-- [ RunTime:0.000067s ]
INFO: [ app_end ] --START--
INFO: Run Behavior\ShowPageTraceBehavior [ RunTime:0.000058s ]
INFO: [ app_end ] --END-- [ RunTime:0.000097s ]

[ 2017-06-06T21:20:40+08:00 ] 100.15.153.105 /index.php/Home/Reviewatt/relistsortbyproid?product_id=2213076037&page=1
INFO: [ app_init ] --START--
INFO: Run Behavior\BuildLiteBehavior [ RunTime:0.000011s ]
INFO: [ app_init ] --END-- [ RunTime:0.000086s ]
INFO: [ app_begin ] --START--
INFO: Run Behavior\ReadHtmlCacheBehavior [ RunTime:0.000052s ]
INFO: [ app_begin ] --END-- [ RunTime:0.000080s ]
SQL: SHOW COLUMNS FROM `reviewatt` [ RunTime:0.0006s ]
SQL: SELECT AVG(rating) AS tp_avg FROM `reviewatt` WHERE `product_id` = '2213076037' AND `isshow` = 1 LIMIT 1   [ RunTime:0.0021s ]
SQL: SELECT COUNT(*) AS tp_count FROM `reviewatt` WHERE `product_id` = '2213076037' AND `isshow` = 1 LIMIT 1   [ RunTime:0.0020s ]
SQL: SELECT * FROM `reviewatt` WHERE `product_id` = '2213076037' AND `isshow` = 1 ORDER BY create_at desc,product_id LIMIT 0,5   [ RunTime:0.0022s ]
INFO: [ app_end ] --START--
INFO: Run Behavior\ShowPageTraceBehavior [ RunTime:0.000056s ]
INFO: [ app_end ] --END-- [ RunTime:0.000084s ]

[ 2017-06-06T21:40:49+08:00 ] 139.162.124.167 /
INFO: [ app_init ] --START--
INFO: Run Behavior\BuildLiteBehavior [ RunTime:0.000009s ]
INFO: [ app_init ] --END-- [ RunTime:0.000076s ]
INFO: [ app_begin ] --START--
INFO: Run Behavior\ReadHtmlCacheBehavior [ RunTime:0.000044s ]
INFO: [ app_begin ] --END-- [ RunTime:0.000076s ]
INFO: [ app_end ] --START--
INFO: Run Behavior\ShowPageTraceBehavior [ RunTime:0.000098s ]
INFO: [ app_end ] --END-- [ RunTime:0.000158s ]

[ 2017-06-06T21:53:52+08:00 ] 91.230.47.3 /
INFO: [ app_init ] --START--
INFO: Run Behavior\BuildLiteBehavior [ RunTime:0.000009s ]
INFO: [ app_init ] --END-- [ RunTime:0.000079s ]
INFO: [ app_begin ] --START--
INFO: Run Behavior\ReadHtmlCacheBehavior [ RunTime:0.000066s ]
INFO: [ app_begin ] --END-- [ RunTime:0.000103s ]
INFO: [ app_end ] --START--
INFO: Run Behavior\ShowPageTraceBehavior [ RunTime:0.000091s ]
INFO: [ app_end ] --END-- [ RunTime:0.000152s ]

[ 2017-06-06T22:16:50+08:00 ] 66.249.79.132 /index.php/Home/Reviewatt/relistsortbyproid?product_id=3850233029&page=1
INFO: [ app_init ] --START--
INFO: Run Behavior\BuildLiteBehavior [ RunTime:0.000009s ]
INFO: [ app_init ] --END-- [ RunTime:0.000079s ]
INFO: [ app_begin ] --START--
INFO: Run Behavior\ReadHtmlCacheBehavior [ RunTime:0.000053s ]
INFO: [ app_begin ] --END-- [ RunTime:0.000088s ]
SQL: SHOW COLUMNS FROM `reviewatt` [ RunTime:0.0006s ]
SQL: SELECT AVG(rating) AS tp_avg FROM `reviewatt` WHERE `product_id` = '3850233029' AND `isshow` = 1 LIMIT 1   [ RunTime:0.0021s ]
SQL: SELECT COUNT(*) AS tp_count FROM `reviewatt` WHERE `product_id` = '3850233029' AND `isshow` = 1 LIMIT 1   [ RunTime:0.0019s ]
SQL: SELECT * FROM `reviewatt` WHERE `product_id` = '3850233029' AND `isshow` = 1 ORDER BY create_at desc,product_id LIMIT 0,5   [ RunTime:0.0023s ]
INFO: [ app_end ] --START--
INFO: Run Behavior\ShowPageTraceBehavior [ RunTime:0.000056s ]
INFO: [ app_end ] --END-- [ RunTime:0.000083s ]

[ 2017-06-06T22:38:27+08:00 ] 159.203.139.146 /
INFO: [ app_init ] --START--
INFO: Run Behavior\BuildLiteBehavior [ RunTime:0.000010s ]
INFO: [ app_init ] --END-- [ RunTime:0.000077s ]
INFO: [ app_begin ] --START--
INFO: Run Behavior\ReadHtmlCacheBehavior [ RunTime:0.000039s ]
INFO: [ app_begin ] --END-- [ RunTime:0.000064s ]
INFO: [ app_end ] --START--
INFO: Run Behavior\ShowPageTraceBehavior [ RunTime:0.000096s ]
INFO: [ app_end ] --END-- [ RunTime:0.000158s ]

[ 2017-06-06T22:44:14+08:00 ] 159.203.138.109 /
INFO: [ app_init ] --START--
INFO: Run Behavior\BuildLiteBehavior [ RunTime:0.000010s ]
INFO: [ app_init ] --END-- [ RunTime:0.000076s ]
INFO: [ app_begin ] --START--
INFO: Run Behavior\ReadHtmlCacheBehavior [ RunTime:0.000042s ]
INFO: [ app_begin ] --END-- [ RunTime:0.000076s ]
INFO: [ app_end ] --START--
INFO: Run Behavior\ShowPageTraceBehavior [ RunTime:0.000097s ]
INFO: [ app_end ] --END-- [ RunTime:0.000160s ]

[ 2017-06-06T22:49:28+08:00 ] 157.51.53.6 /index.php/Home/Reviewatt/relistsortbyproid?product_id=3799813509&page=1
INFO: [ app_init ] --START--
INFO: Run Behavior\BuildLiteBehavior [ RunTime:0.000011s ]
INFO: [ app_init ] --END-- [ RunTime:0.000099s ]
INFO: [ app_begin ] --START--
INFO: Run Behavior\ReadHtmlCacheBehavior [ RunTime:0.000044s ]
INFO: [ app_begin ] --END-- [ RunTime:0.000071s ]
SQL: SHOW COLUMNS FROM `reviewatt` [ RunTime:0.0006s ]
SQL: SELECT AVG(rating) AS tp_avg FROM `reviewatt` WHERE `product_id` = '3799813509' AND `isshow` = 1 LIMIT 1   [ RunTime:0.0001s ]
SQL: SELECT COUNT(*) AS tp_count FROM `reviewatt` WHERE `product_id` = '3799813509' AND `isshow` = 1 LIMIT 1   [ RunTime:0.0001s ]
SQL: SELECT * FROM `reviewatt` WHERE `product_id` = '3799813509' AND `isshow` = 1 ORDER BY create_at desc,product_id LIMIT 0,5   [ RunTime:0.0001s ]
INFO: [ app_end ] --START--
INFO: Run Behavior\ShowPageTraceBehavior [ RunTime:0.000053s ]
INFO: [ app_end ] --END-- [ RunTime:0.000077s ]

[ 2017-06-06T22:50:16+08:00 ] 157.51.53.6 /index.php/Home/Reviewatt/relistsortbyproid?product_id=2896609477&page=1
INFO: [ app_init ] --START--
INFO: Run Behavior\BuildLiteBehavior [ RunTime:0.000014s ]
INFO: [ app_init ] --END-- [ RunTime:0.000112s ]
INFO: [ app_begin ] --START--
INFO: Run Behavior\ReadHtmlCacheBehavior [ RunTime:0.000045s ]
INFO: [ app_begin ] --END-- [ RunTime:0.000074s ]
SQL: SHOW COLUMNS FROM `reviewatt` [ RunTime:0.0006s ]
SQL: SELECT AVG(rating) AS tp_avg FROM `reviewatt` WHERE `product_id` = '2896609477' AND `isshow` = 1 LIMIT 1   [ RunTime:0.0020s ]
SQL: SELECT COUNT(*) AS tp_count FROM `reviewatt` WHERE `product_id` = '2896609477' AND `isshow` = 1 LIMIT 1   [ RunTime:0.0017s ]
SQL: SELECT * FROM `reviewatt` WHERE `product_id` = '2896609477' AND `isshow` = 1 ORDER BY create_at desc,product_id LIMIT 0,5   [ RunTime:0.0022s ]
INFO: [ app_end ] --START--
INFO: Run Behavior\ShowPageTraceBehavior [ RunTime:0.000051s ]
INFO: [ app_end ] --END-- [ RunTime:0.000075s ]

[ 2017-06-06T22:50:45+08:00 ] 157.51.53.6 /index.php/Home/Reviewatt/relistsortbyproid?product_id=3799998853&page=1
INFO: [ app_init ] --START--
INFO: Run Behavior\BuildLiteBehavior [ RunTime:0.000011s ]
INFO: [ app_init ] --END-- [ RunTime:0.000086s ]
INFO: [ app_begin ] --START--
INFO: Run Behavior\ReadHtmlCacheBehavior [ RunTime:0.000070s ]
INFO: [ app_begin ] --END-- [ RunTime:0.000106s ]
SQL: SHOW COLUMNS FROM `reviewatt` [ RunTime:0.0006s ]
SQL: SELECT AVG(rating) AS tp_avg FROM `reviewatt` WHERE `product_id` = '3799998853' AND `isshow` = 1 LIMIT 1   [ RunTime:0.0040s ]
SQL: SELECT COUNT(*) AS tp_count FROM `reviewatt` WHERE `product_id` = '3799998853' AND `isshow` = 1 LIMIT 1   [ RunTime:0.0017s ]
SQL: SELECT * FROM `reviewatt` WHERE `product_id` = '3799998853' AND `isshow` = 1 ORDER BY create_at desc,product_id LIMIT 0,5   [ RunTime:0.0025s ]
INFO: [ app_end ] --START--
INFO: Run Behavior\ShowPageTraceBehavior [ RunTime:0.000065s ]
INFO: [ app_end ] --END-- [ RunTime:0.000091s ]

[ 2017-06-06T22:51:04+08:00 ] 157.51.53.6 /index.php/Home/Reviewatt/relistsortbyproid?product_id=3799998853&page=1
INFO: [ app_init ] --START--
INFO: Run Behavior\BuildLiteBehavior [ RunTime:0.000010s ]
INFO: [ app_init ] --END-- [ RunTime:0.000082s ]
INFO: [ app_begin ] --START--
INFO: Run Behavior\ReadHtmlCacheBehavior [ RunTime:0.000054s ]
INFO: [ app_begin ] --END-- [ RunTime:0.000093s ]
SQL: SHOW COLUMNS FROM `reviewatt` [ RunTime:0.0006s ]
SQL: SELECT AVG(rating) AS tp_avg FROM `reviewatt` WHERE `product_id` = '3799998853' AND `isshow` = 1 LIMIT 1   [ RunTime:0.0001s ]
SQL: SELECT COUNT(*) AS tp_count FROM `reviewatt` WHERE `product_id` = '3799998853' AND `isshow` = 1 LIMIT 1   [ RunTime:0.0001s ]
SQL: SELECT * FROM `reviewatt` WHERE `product_id` = '3799998853' AND `isshow` = 1 ORDER BY create_at desc,product_id LIMIT 0,5   [ RunTime:0.0001s ]
INFO: [ app_end ] --START--
INFO: Run Behavior\ShowPageTraceBehavior [ RunTime:0.000056s ]
INFO: [ app_end ] --END-- [ RunTime:0.000083s ]

[ 2017-06-06T22:52:36+08:00 ] 157.51.89.218 /index.php/Home/Reviewatt/relistsortbyproid?product_id=2202458757&page=1
INFO: [ app_init ] --START--
INFO: Run Behavior\BuildLiteBehavior [ RunTime:0.000010s ]
INFO: [ app_init ] --END-- [ RunTime:0.000083s ]
INFO: [ app_begin ] --START--
INFO: Run Behavior\ReadHtmlCacheBehavior [ RunTime:0.000045s ]
INFO: [ app_begin ] --END-- [ RunTime:0.000073s ]
SQL: SHOW COLUMNS FROM `reviewatt` [ RunTime:0.0009s ]
SQL: SELECT AVG(rating) AS tp_avg FROM `reviewatt` WHERE `product_id` = '2202458757' AND `isshow` = 1 LIMIT 1   [ RunTime:0.0001s ]
SQL: SELECT COUNT(*) AS tp_count FROM `reviewatt` WHERE `product_id` = '2202458757' AND `isshow` = 1 LIMIT 1   [ RunTime:0.0018s ]
SQL: SELECT * FROM `reviewatt` WHERE `product_id` = '2202458757' AND `isshow` = 1 ORDER BY create_at desc,product_id LIMIT 0,5   [ RunTime:0.0001s ]
INFO: [ app_end ] --START--
INFO: Run Behavior\ShowPageTraceBehavior [ RunTime:0.000059s ]
INFO: [ app_end ] --END-- [ RunTime:0.000091s ]

[ 2017-06-06T22:52:54+08:00 ] 157.51.53.6 /index.php/Home/Reviewatt/relistsortbyproid?product_id=2222523461&page=1
INFO: [ app_init ] --START--
INFO: Run Behavior\BuildLiteBehavior [ RunTime:0.000011s ]
INFO: [ app_init ] --END-- [ RunTime:0.000089s ]
INFO: [ app_begin ] --START--
INFO: Run Behavior\ReadHtmlCacheBehavior [ RunTime:0.000074s ]
INFO: [ app_begin ] --END-- [ RunTime:0.000105s ]
SQL: SHOW COLUMNS FROM `reviewatt` [ RunTime:0.0006s ]
SQL: SELECT AVG(rating) AS tp_avg FROM `reviewatt` WHERE `product_id` = '2222523461' AND `isshow` = 1 LIMIT 1   [ RunTime:0.0021s ]
SQL: SELECT COUNT(*) AS tp_count FROM `reviewatt` WHERE `product_id` = '2222523461' AND `isshow` = 1 LIMIT 1   [ RunTime:0.0020s ]
SQL: SELECT * FROM `reviewatt` WHERE `product_id` = '2222523461' AND `isshow` = 1 ORDER BY create_at desc,product_id LIMIT 0,5   [ RunTime:0.0024s ]
INFO: [ app_end ] --START--
INFO: Run Behavior\ShowPageTraceBehavior [ RunTime:0.000058s ]
INFO: [ app_end ] --END-- [ RunTime:0.000088s ]

[ 2017-06-06T22:53:59+08:00 ] 157.51.89.218 /index.php/Home/Reviewatt/relistsortbyproid?product_id=2222523461&page=1
INFO: [ app_init ] --START--
INFO: Run Behavior\BuildLiteBehavior [ RunTime:0.000009s ]
INFO: [ app_init ] --END-- [ RunTime:0.000073s ]
INFO: [ app_begin ] --START--
INFO: Run Behavior\ReadHtmlCacheBehavior [ RunTime:0.000041s ]
INFO: [ app_begin ] --END-- [ RunTime:0.000067s ]
SQL: SHOW COLUMNS FROM `reviewatt` [ RunTime:0.0005s ]
SQL: SELECT AVG(rating) AS tp_avg FROM `reviewatt` WHERE `product_id` = '2222523461' AND `isshow` = 1 LIMIT 1   [ RunTime:0.0001s ]
SQL: SELECT COUNT(*) AS tp_count FROM `reviewatt` WHERE `product_id` = '2222523461' AND `isshow` = 1 LIMIT 1   [ RunTime:0.0001s ]
SQL: SELECT * FROM `reviewatt` WHERE `product_id` = '2222523461' AND `isshow` = 1 ORDER BY create_at desc,product_id LIMIT 0,5   [ RunTime:0.0001s ]
INFO: [ app_end ] --START--
INFO: Run Behavior\ShowPageTraceBehavior [ RunTime:0.000072s ]
INFO: [ app_end ] --END-- [ RunTime:0.000103s ]

[ 2017-06-06T22:56:02+08:00 ] 157.51.89.218 /index.php/Home/Reviewatt/relistsortbyproid?product_id=2202458757&page=1
INFO: [ app_init ] --START--
INFO: Run Behavior\BuildLiteBehavior [ RunTime:0.000014s ]
INFO: [ app_init ] --END-- [ RunTime:0.000102s ]
INFO: [ app_begin ] --START--
INFO: Run Behavior\ReadHtmlCacheBehavior [ RunTime:0.000053s ]
INFO: [ app_begin ] --END-- [ RunTime:0.000082s ]
SQL: SHOW COLUMNS FROM `reviewatt` [ RunTime:0.0006s ]
SQL: SELECT AVG(rating) AS tp_avg FROM `reviewatt` WHERE `product_id` = '2202458757' AND `isshow` = 1 LIMIT 1   [ RunTime:0.0001s ]
SQL: SELECT COUNT(*) AS tp_count FROM `reviewatt` WHERE `product_id` = '2202458757' AND `isshow` = 1 LIMIT 1   [ RunTime:0.0000s ]
SQL: SELECT * FROM `reviewatt` WHERE `product_id` = '2202458757' AND `isshow` = 1 ORDER BY create_at desc,product_id LIMIT 0,5   [ RunTime:0.0001s ]
INFO: [ app_end ] --START--
INFO: Run Behavior\ShowPageTraceBehavior [ RunTime:0.000060s ]
INFO: [ app_end ] --END-- [ RunTime:0.000093s ]

[ 2017-06-06T22:56:19+08:00 ] 157.51.89.218 /index.php/Home/Reviewatt/relistsortbyproid?product_id=9298908880&page=1
INFO: [ app_init ] --START--
INFO: Run Behavior\BuildLiteBehavior [ RunTime:0.000008s ]
INFO: [ app_init ] --END-- [ RunTime:0.000072s ]
INFO: [ app_begin ] --START--
INFO: Run Behavior\ReadHtmlCacheBehavior [ RunTime:0.000040s ]
INFO: [ app_begin ] --END-- [ RunTime:0.000066s ]
SQL: SHOW COLUMNS FROM `reviewatt` [ RunTime:0.0005s ]
SQL: SELECT AVG(rating) AS tp_avg FROM `reviewatt` WHERE `product_id` = '9298908880' AND `isshow` = 1 LIMIT 1   [ RunTime:0.0019s ]
SQL: SELECT COUNT(*) AS tp_count FROM `reviewatt` WHERE `product_id` = '9298908880' AND `isshow` = 1 LIMIT 1   [ RunTime:0.0017s ]
SQL: SELECT * FROM `reviewatt` WHERE `product_id` = '9298908880' AND `isshow` = 1 ORDER BY create_at desc,product_id LIMIT 0,5   [ RunTime:0.0024s ]
INFO: [ app_end ] --START--
INFO: Run Behavior\ShowPageTraceBehavior [ RunTime:0.000049s ]
INFO: [ app_end ] --END-- [ RunTime:0.000078s ]

[ 2017-06-06T22:56:51+08:00 ] 157.51.89.218 /index.php/Home/Reviewatt/relistsortbyproid?product_id=8409583376&page=1
INFO: [ app_init ] --START--
INFO: Run Behavior\BuildLiteBehavior [ RunTime:0.000009s ]
INFO: [ app_init ] --END-- [ RunTime:0.000079s ]
INFO: [ app_begin ] --START--
INFO: Run Behavior\ReadHtmlCacheBehavior [ RunTime:0.000043s ]
INFO: [ app_begin ] --END-- [ RunTime:0.000070s ]
SQL: SHOW COLUMNS FROM `reviewatt` [ RunTime:0.0006s ]
SQL: SELECT AVG(rating) AS tp_avg FROM `reviewatt` WHERE `product_id` = '8409583376' AND `isshow` = 1 LIMIT 1   [ RunTime:0.0019s ]
SQL: SELECT COUNT(*) AS tp_count FROM `reviewatt` WHERE `product_id` = '8409583376' AND `isshow` = 1 LIMIT 1   [ RunTime:0.0017s ]
SQL: SELECT * FROM `reviewatt` WHERE `product_id` = '8409583376' AND `isshow` = 1 ORDER BY create_at desc,product_id LIMIT 0,5   [ RunTime:0.0022s ]
INFO: [ app_end ] --START--
INFO: Run Behavior\ShowPageTraceBehavior [ RunTime:0.000053s ]
INFO: [ app_end ] --END-- [ RunTime:0.000095s ]

[ 2017-06-06T22:57:06+08:00 ] 157.51.89.218 /index.php/Home/Reviewatt/relistsortbyproid?product_id=2211961541&page=1
INFO: [ app_init ] --START--
INFO: Run Behavior\BuildLiteBehavior [ RunTime:0.000010s ]
INFO: [ app_init ] --END-- [ RunTime:0.000085s ]
INFO: [ app_begin ] --START--
INFO: Run Behavior\ReadHtmlCacheBehavior [ RunTime:0.000044s ]
INFO: [ app_begin ] --END-- [ RunTime:0.000072s ]
SQL: SHOW COLUMNS FROM `reviewatt` [ RunTime:0.0006s ]
SQL: SELECT AVG(rating) AS tp_avg FROM `reviewatt` WHERE `product_id` = '2211961541' AND `isshow` = 1 LIMIT 1   [ RunTime:0.0021s ]
SQL: SELECT COUNT(*) AS tp_count FROM `reviewatt` WHERE `product_id` = '2211961541' AND `isshow` = 1 LIMIT 1   [ RunTime:0.0018s ]
SQL: SELECT * FROM `reviewatt` WHERE `product_id` = '2211961541' AND `isshow` = 1 ORDER BY create_at desc,product_id LIMIT 0,5   [ RunTime:0.0023s ]
INFO: [ app_end ] --START--
INFO: Run Behavior\ShowPageTraceBehavior [ RunTime:0.000066s ]
INFO: [ app_end ] --END-- [ RunTime:0.000099s ]

[ 2017-06-06T22:58:14+08:00 ] 157.51.53.6 /index.php/Home/Reviewatt/relistsortbyproid?product_id=8897054160&page=1
INFO: [ app_init ] --START--
INFO: Run Behavior\BuildLiteBehavior [ RunTime:0.000014s ]
INFO: [ app_init ] --END-- [ RunTime:0.000102s ]
INFO: [ app_begin ] --START--
INFO: Run Behavior\ReadHtmlCacheBehavior [ RunTime:0.000045s ]
INFO: [ app_begin ] --END-- [ RunTime:0.000073s ]
SQL: SHOW COLUMNS FROM `reviewatt` [ RunTime:0.0006s ]
SQL: SELECT AVG(rating) AS tp_avg FROM `reviewatt` WHERE `product_id` = '8897054160' AND `isshow` = 1 LIMIT 1   [ RunTime:0.0023s ]
SQL: SELECT COUNT(*) AS tp_count FROM `reviewatt` WHERE `product_id` = '8897054160' AND `isshow` = 1 LIMIT 1   [ RunTime:0.0018s ]
SQL: SELECT * FROM `reviewatt` WHERE `product_id` = '8897054160' AND `isshow` = 1 ORDER BY create_at desc,product_id LIMIT 0,5   [ RunTime:0.0023s ]
INFO: [ app_end ] --START--
INFO: Run Behavior\ShowPageTraceBehavior [ RunTime:0.000054s ]
INFO: [ app_end ] --END-- [ RunTime:0.000083s ]

[ 2017-06-06T22:58:45+08:00 ] 157.51.53.6 /index.php/Home/Reviewatt/relistsortbyproid?product_id=2255130117&page=1
INFO: [ app_init ] --START--
INFO: Run Behavior\BuildLiteBehavior [ RunTime:0.000010s ]
INFO: [ app_init ] --END-- [ RunTime:0.000077s ]
INFO: [ app_begin ] --START--
INFO: Run Behavior\ReadHtmlCacheBehavior [ RunTime:0.000043s ]
INFO: [ app_begin ] --END-- [ RunTime:0.000069s ]
SQL: SHOW COLUMNS FROM `reviewatt` [ RunTime:0.0006s ]
SQL: SELECT AVG(rating) AS tp_avg FROM `reviewatt` WHERE `product_id` = '2255130117' AND `isshow` = 1 LIMIT 1   [ RunTime:0.0021s ]
SQL: SELECT COUNT(*) AS tp_count FROM `reviewatt` WHERE `product_id` = '2255130117' AND `isshow` = 1 LIMIT 1   [ RunTime:0.0018s ]
SQL: SELECT * FROM `reviewatt` WHERE `product_id` = '2255130117' AND `isshow` = 1 ORDER BY create_at desc,product_id LIMIT 0,5   [ RunTime:0.0024s ]
INFO: [ app_end ] --START--
INFO: Run Behavior\ShowPageTraceBehavior [ RunTime:0.000054s ]
INFO: [ app_end ] --END-- [ RunTime:0.000079s ]

[ 2017-06-06T23:20:59+08:00 ] 86.105.1.123 /
INFO: [ app_init ] --START--
INFO: Run Behavior\BuildLiteBehavior [ RunTime:0.000009s ]
INFO: [ app_init ] --END-- [ RunTime:0.000081s ]
INFO: [ app_begin ] --START--
INFO: Run Behavior\ReadHtmlCacheBehavior [ RunTime:0.000040s ]
INFO: [ app_begin ] --END-- [ RunTime:0.000064s ]
INFO: [ app_end ] --START--
INFO: Run Behavior\ShowPageTraceBehavior [ RunTime:0.000094s ]
INFO: [ app_end ] --END-- [ RunTime:0.000161s ]

