[ 2017-07-27T14:07:30+08:00 ] 47.88.6.171 /index.php?m=search&c=index&a=public_get_suggest_keyword&url=asdf&q=../../phpsso_server/caches/configs/database.php
INFO: [ app_init ] --START--
INFO: Run Behavior\BuildLiteBehavior [ RunTime:0.000008s ]
INFO: [ app_init ] --END-- [ RunTime:0.000068s ]
ERR: 无法加载模块:Search

[ 2017-07-27T14:07:30+08:00 ] 47.88.6.171 /index.php?m=menber&c=index&a=login
INFO: [ app_init ] --START--
INFO: Run Behavior\BuildLiteBehavior [ RunTime:0.000007s ]
INFO: [ app_init ] --END-- [ RunTime:0.000061s ]
ERR: 无法加载模块:Menber

[ 2017-07-27T14:07:31+08:00 ] 47.88.6.171 /index.php?m=video&c=video_for_ck&a=add_f_ckeditor&vid=11&title=12&description=%E9%8C%A6&keywords=,updatexml(1,conconcatcat(0x3a,(selselectect%20user())),1),1,1,1,1)%23
INFO: [ app_init ] --START--
INFO: Run Behavior\BuildLiteBehavior [ RunTime:0.000009s ]
INFO: [ app_init ] --END-- [ RunTime:0.000083s ]
ERR: 无法加载模块:Video

[ 2017-07-27T14:07:32+08:00 ] 47.88.6.171 /index.php?m=vote&c=index&siteid=1'%20and%20(select%201%20from%20%20(select%20count(*),concat(version(),floor(rand(0)*2))x%20from%20%20information_schema.tables%20group%20by%20x)a);%23
INFO: [ app_init ] --START--
INFO: Run Behavior\BuildLiteBehavior [ RunTime:0.000009s ]
INFO: [ app_init ] --END-- [ RunTime:0.000069s ]
ERR: 无法加载模块:Vote

[ 2017-07-27T16:02:48+08:00 ] 115.207.83.196 /index.php?m=member&c=index&a=register&siteid=1
INFO: [ app_init ] --START--
INFO: Run Behavior\BuildLiteBehavior [ RunTime:0.000013s ]
INFO: [ app_init ] --END-- [ RunTime:0.000118s ]
ERR: 无法加载模块:Member

[ 2017-07-27T17:17:50+08:00 ] 115.207.83.196 /index.php?m=member&c=index&a=register&siteid=1
INFO: [ app_init ] --START--
INFO: Run Behavior\BuildLiteBehavior [ RunTime:0.000017s ]
INFO: [ app_init ] --END-- [ RunTime:0.000121s ]
ERR: 无法加载模块:Member

